#
# A fatal error has been detected by the Java Runtime Environment:
#
#  SIGBUS (0x7) at pc=0x00007f3a4439d0ef, pid=9684, tid=9692
#
# JRE version: OpenJDK Runtime Environment (16.0+35) (build 16-ea+35-Debian-1)
# Java VM: OpenJDK 64-Bit Server VM (16-ea+35-Debian-1, mixed mode, sharing, tiered, compressed oops, g1 gc, linux-amd64)
# Problematic frame:
# C  [ld-linux-x86-64.so.2+0x200ef]
#
# No core dump will be written. Core dumps have been disabled. To enable core dumping, try "ulimit -c unlimited" before starting Java again
#
# If you would like to submit a bug report, please visit:
#   https://bugs.debian.org/openjdk-16
# The crash happened outside the Java Virtual Machine in native code.
# See problematic frame for where to report the bug.
#

---------------  S U M M A R Y ------------

Command Line: -Dfile.encoding=UTF-8 --module-path=/home/laurin/.p2/pool/plugins/junit-jupiter-api_5.9.0.jar:/home/laurin/.p2/pool/plugins/junit-jupiter-engine_5.9.0.jar:/home/laurin/.p2/pool/plugins/junit-jupiter-migrationsupport_5.9.0.jar:/home/laurin/.p2/pool/plugins/junit-jupiter-params_5.9.0.jar:/home/laurin/.p2/pool/plugins/junit-platform-commons_1.9.0.jar:/home/laurin/.p2/pool/plugins/junit-platform-engine_1.9.0.jar:/home/laurin/.p2/pool/plugins/junit-platform-launcher_1.9.0.jar:/home/laurin/.p2/pool/plugins/junit-platform-runner_1.9.0.jar:/home/laurin/.p2/pool/plugins/junit-platform-suite-api_1.9.0.jar:/home/laurin/.p2/pool/plugins/junit-platform-suite-engine_1.9.0.jar:/home/laurin/.p2/pool/plugins/junit-platform-suite-commons_1.9.0.jar:/home/laurin/.p2/pool/plugins/junit-vintage-engine_5.9.0.jar:/home/laurin/.p2/pool/plugins/org.opentest4j_1.2.0.jar:/home/laurin/.p2/pool/plugins/org.apiguardian.api_1.1.2.jar:/home/laurin/.p2/pool/plugins/org.junit_4.13.2.v20211018-1956.jar:/home/laurin/.p2/pool/plugins/org.hamcrest.core_1.3.0.v20180420-1519.jar -XX:+ShowCodeDetailsInExceptionMessages main.java.gui.Engine_Main

Host: Intel(R) Core(TM) i3-7020U CPU @ 2.30GHz, 4 cores, 7G, Parrot OS 5.1 (Electro Ara)
Time: Mon Sep 19 20:39:16 2022 CEST elapsed time: 1.678224 seconds (0d 0h 0m 1s)

---------------  T H R E A D  ---------------

Current thread (0x00007f3a3c011a60):  JavaThread "main" [_thread_in_native, id=9692, stack(0x00007f3a4299b000,0x00007f3a42a9c000)]

Stack: [0x00007f3a4299b000,0x00007f3a42a9c000],  sp=0x00007f3a42a97f88,  free space=1011k
Native frames: (J=compiled Java code, A=aot compiled Java code, j=interpreted, Vv=VM code, C=native code)
C  [ld-linux-x86-64.so.2+0x200ef]

Java frames: (J=compiled Java code, j=interpreted, Vv=VM code)
j  jdk.internal.loader.NativeLibraries.load(Ljdk/internal/loader/NativeLibraries$NativeLibraryImpl;Ljava/lang/String;ZZ)Z+0 java.base@16-ea
j  jdk.internal.loader.NativeLibraries$NativeLibraryImpl.open()Z+57 java.base@16-ea
j  jdk.internal.loader.NativeLibraries.loadLibrary(Ljava/lang/Class;Ljava/lang/String;Z)Ljdk/internal/loader/NativeLibrary;+256 java.base@16-ea
j  jdk.internal.loader.NativeLibraries.loadLibrary(Ljava/lang/Class;Ljava/io/File;)Ljdk/internal/loader/NativeLibrary;+51 java.base@16-ea
j  java.lang.ClassLoader.loadLibrary(Ljava/lang/Class;Ljava/io/File;)Ljdk/internal/loader/NativeLibrary;+31 java.base@16-ea
j  java.lang.Runtime.load0(Ljava/lang/Class;Ljava/lang/String;)V+61 java.base@16-ea
j  java.lang.System.load(Ljava/lang/String;)V+7 java.base@16-ea
j  org.lwjgl.system.Library$$Lambda$57+0x0000000800c062a0.accept(Ljava/lang/Object;)V+4
j  org.lwjgl.system.Library.loadSystem(Ljava/util/function/Consumer;Ljava/lang/Class;Ljava/lang/String;Ljava/lang/String;ZLjava/lang/String;Ljava/lang/String;)Z+57
j  org.lwjgl.system.Library.loadSystemFromLibraryPath(Ljava/util/function/Consumer;Ljava/lang/Class;Ljava/lang/String;Ljava/lang/String;Z)Z+30
j  org.lwjgl.system.Library.loadSystem(Ljava/util/function/Consumer;Ljava/util/function/Consumer;Ljava/lang/Class;Ljava/lang/String;Ljava/lang/String;)V+219
j  org.lwjgl.system.Library.loadSystem(Ljava/lang/String;Ljava/lang/String;)V+14
j  org.lwjgl.system.Library.<clinit>()V+213
v  ~StubRoutines::call_stub
j  org.lwjgl.glfw.GLFW.<clinit>()V+21
v  ~StubRoutines::call_stub
j  main.java.gui.Engine_Main.initWindow()V+0
j  main.java.gui.Engine_Main.main([Ljava/lang/String;)V+10
v  ~StubRoutines::call_stub

siginfo: si_signo: 7 (SIGBUS), si_code: 2 (BUS_ADRERR), si_addr: 0x00007f3a119f8298

Register to memory mapping:

RAX=0x00007f3a119f8298 points into unknown readable memory: 0x625528203a434347 | 47 43 43 3a 20 28 55 62
RBX=0x0000000000000002 is an unknown value
RCX=0x00007f3a119f82d8 points into unknown readable memory: 0x2e0064692d646c69 | 69 6c 64 2d 69 64 00 2e
RDX=0x0000000000000568 is an unknown value
RSP=0x00007f3a42a97f88 is pointing into the stack for thread: 0x00007f3a3c011a60
RBP=0x00007f3a42a98230 is pointing into the stack for thread: 0x00007f3a3c011a60
RSI=0x0 is NULL
RDI=0x00007f3a119f8298 points into unknown readable memory: 0x625528203a434347 | 47 43 43 3a 20 28 55 62
R8 =0x00007f3a119f8298 points into unknown readable memory: 0x625528203a434347 | 47 43 43 3a 20 28 55 62
R9 =0x000000000006a000 is an unknown value
R10=0x00007f3a119f8800 points into unknown readable memory: 0x00000001000000a8 | a8 00 00 00 01 00 00 00
R11=0x0000000000000003 is an unknown value
R12=0x00007f3a3c234b00 points into unknown readable memory: 0x00007f3a1178d000 | 00 d0 78 11 3a 7f 00 00
R13=0x00007f3a42a97f90 is pointing into the stack for thread: 0x00007f3a3c011a60
R14=0x00007f3a42a97fc0 is pointing into the stack for thread: 0x00007f3a3c011a60
R15=0x00007f3a42a982c0 is pointing into the stack for thread: 0x00007f3a3c011a60


Registers:
RAX=0x00007f3a119f8298, RBX=0x0000000000000002, RCX=0x00007f3a119f82d8, RDX=0x0000000000000568
RSP=0x00007f3a42a97f88, RBP=0x00007f3a42a98230, RSI=0x0000000000000000, RDI=0x00007f3a119f8298
R8 =0x00007f3a119f8298, R9 =0x000000000006a000, R10=0x00007f3a119f8800, R11=0x0000000000000003
R12=0x00007f3a3c234b00, R13=0x00007f3a42a97f90, R14=0x00007f3a42a97fc0, R15=0x00007f3a42a982c0
RIP=0x00007f3a4439d0ef, EFLAGS=0x0000000000010206, CSGSFS=0x002b000000000033, ERR=0x0000000000000006
  TRAPNO=0x000000000000000e

Top of Stack: (sp=0x00007f3a42a97f88)
0x00007f3a42a97f88:   00007f3a4438451f 0000000000000000
0x00007f3a42a97f98:   000000000006b000 000000000006a6f0
0x00007f3a42a97fa8:   000000000006a6f0 0000000000000000
0x00007f3a42a97fb8:   0000000000000005 000000000026a000 

Instructions: (pc=0x00007f3a4439d0ef)
0x00007f3a4439cfef:   c6 40 48 83 ea 40 0f 29 07 0f 29 4f 10 0f 29 57
0x00007f3a4439cfff:   20 0f 29 5f 30 48 83 c7 40 48 83 fa 40 77 d0 0f
0x00007f3a4439d00f:   11 29 0f 11 71 f0 0f 11 79 e0 44 0f 11 41 d0 41
0x00007f3a4439d01f:   0f 11 23 c3 0f 10 26 0f 10 6e 10 0f 10 76 20 0f
0x00007f3a4439d02f:   10 7e 30 44 0f 10 44 16 f0 4c 8d 5c 17 f0 48 8d
0x00007f3a4439d03f:   4c 16 f0 4d 89 d9 4d 89 d8 49 83 e0 0f 4c 29 c1
0x00007f3a4439d04f:   4d 29 c1 4c 29 c2 0f 10 01 0f 10 49 f0 0f 10 51
0x00007f3a4439d05f:   e0 0f 10 59 d0 48 83 e9 40 48 83 ea 40 41 0f 29
0x00007f3a4439d06f:   01 41 0f 29 49 f0 41 0f 29 51 e0 41 0f 29 59 d0
0x00007f3a4439d07f:   49 83 e9 40 48 83 fa 40 77 cc 0f 11 27 0f 11 6f
0x00007f3a4439d08f:   10 0f 11 77 20 0f 11 7f 30 45 0f 11 03 c3 0f 1f
0x00007f3a4439d09f:   00 66 0f 6e c6 48 89 f8 66 0f 60 c0 66 0f 61 c0
0x00007f3a4439d0af:   66 0f 70 c0 00 48 83 fa 10 0f 82 8a 00 00 00 48
0x00007f3a4439d0bf:   83 fa 20 77 0b f3 0f 7f 44 17 f0 f3 0f 7f 07 c3
0x00007f3a4439d0cf:   48 83 fa 40 77 16 f3 0f 7f 07 f3 0f 7f 47 10 f3
0x00007f3a4439d0df:   0f 7f 44 17 f0 f3 0f 7f 44 17 e0 c3 48 8d 4f 40
0x00007f3a4439d0ef:   f3 0f 7f 07 48 83 e1 c0 f3 0f 7f 44 17 f0 f3 0f
0x00007f3a4439d0ff:   7f 47 10 f3 0f 7f 44 17 e0 f3 0f 7f 47 20 f3 0f
0x00007f3a4439d10f:   7f 44 17 d0 f3 0f 7f 47 30 f3 0f 7f 44 17 c0 48
0x00007f3a4439d11f:   01 fa 48 83 e2 c0 48 39 d1 74 c0 66 0f 7f 01 66
0x00007f3a4439d12f:   0f 7f 41 10 66 0f 7f 41 20 66 0f 7f 41 30 48 83
0x00007f3a4439d13f:   c1 40 48 39 ca 75 e4 f3 c3 66 48 0f 7e c1 80 fa
0x00007f3a4439d14f:   08 73 0f 80 fa 04 73 13 80 fa 01 77 15 72 02 88
0x00007f3a4439d15f:   0f c3 48 89 4c 17 f8 48 89 0f c3 89 4c 17 fc 89
0x00007f3a4439d16f:   0f c3 66 89 4c 17 fe 66 89 0f c3 66 0f 1f 44 00
0x00007f3a4439d17f:   00 b8 26 00 00 00 0f 05 48 3d 01 f0 ff ff 73 01
0x00007f3a4439d18f:   c3 48 8d 0d b1 bf 00 00 f7 d8 89 01 48 83 c8 ff
0x00007f3a4439d19f:   c3 00 00 00 00 00 00 00 00 00 00 00 00 00 00 00
0x00007f3a4439d1af:   00 00 00 00 00 00 00 00 00 00 00 00 00 00 00 00
0x00007f3a4439d1bf:   00 00 00 00 00 00 00 00 00 00 00 00 00 00 00 00
0x00007f3a4439d1cf:   00 00 00 00 00 00 00 00 00 00 00 00 00 00 00 00
0x00007f3a4439d1df:   00 00 00 00 00 00 00 00 00 00 00 00 00 00 00 00 


Stack slot to memory mapping:
stack at sp + 0 slots: 0x00007f3a4438451f: <offset 0x000000000000751f> in /lib64/ld-linux-x86-64.so.2 at 0x00007f3a4437d000
stack at sp + 1 slots: 0x0 is NULL
stack at sp + 2 slots: 0x000000000006b000 is an unknown value
stack at sp + 3 slots: 0x000000000006a6f0 is an unknown value
stack at sp + 4 slots: 0x000000000006a6f0 is an unknown value
stack at sp + 5 slots: 0x0 is NULL
stack at sp + 6 slots: 0x0000000000000005 is an unknown value
stack at sp + 7 slots: 0x000000000026a000 is an unknown value


---------------  P R O C E S S  ---------------

Threads class SMR info:
_java_thread_list=0x00007f39d8009250, length=11, elements={
0x00007f3a3c011a60, 0x00007f3a3c100ae0, 0x00007f3a3c102060, 0x00007f3a3c10a8a0,
0x00007f3a3c10bdf0, 0x00007f3a3c10d310, 0x00007f3a3c10edf0, 0x00007f3a3c110450,
0x00007f3a3c1119f0, 0x00007f3a3c120310, 0x00007f3a3c159f60
}

Java Threads: ( => current thread )
=>0x00007f3a3c011a60 JavaThread "main" [_thread_in_native, id=9692, stack(0x00007f3a4299b000,0x00007f3a42a9c000)]
  0x00007f3a3c100ae0 JavaThread "Reference Handler" daemon [_thread_blocked, id=9728, stack(0x00007f3a402ff000,0x00007f3a40400000)]
  0x00007f3a3c102060 JavaThread "Finalizer" daemon [_thread_blocked, id=9730, stack(0x00007f3a401fe000,0x00007f3a402ff000)]
  0x00007f3a3c10a8a0 JavaThread "Signal Dispatcher" daemon [_thread_blocked, id=9734, stack(0x00007f3a400fd000,0x00007f3a401fe000)]
  0x00007f3a3c10bdf0 JavaThread "Service Thread" daemon [_thread_blocked, id=9737, stack(0x00007f3a202bc000,0x00007f3a203bd000)]
  0x00007f3a3c10d310 JavaThread "Monitor Deflation Thread" daemon [_thread_blocked, id=9742, stack(0x00007f3a201bb000,0x00007f3a202bc000)]
  0x00007f3a3c10edf0 JavaThread "C2 CompilerThread0" daemon [_thread_blocked, id=9745, stack(0x00007f3a200ba000,0x00007f3a201bb000)]
  0x00007f3a3c110450 JavaThread "C1 CompilerThread0" daemon [_thread_blocked, id=9752, stack(0x00007f3a11eff000,0x00007f3a12000000)]
  0x00007f3a3c1119f0 JavaThread "Sweeper thread" daemon [_thread_blocked, id=9756, stack(0x00007f3a11dfe000,0x00007f3a11eff000)]
  0x00007f3a3c120310 JavaThread "Common-Cleaner" daemon [_thread_blocked, id=9767, stack(0x00007f3a11cfd000,0x00007f3a11dfe000)]
  0x00007f3a3c159f60 JavaThread "Notification Thread" daemon [_thread_blocked, id=9774, stack(0x00007f3a11bfc000,0x00007f3a11cfd000)]

Other Threads:
  0x00007f3a3c0fe3f0 VMThread "VM Thread" [stack: 0x00007f3a40ca5000,0x00007f3a40da5000] [id=9726]
  0x00007f3a3c15be10 WatcherThread [stack: 0x00007f3a11afc000,0x00007f3a11bfc000] [id=9775]
  0x00007f3a3c050cc0 GCTaskThread "GC Thread#0" [stack: 0x00007f3a416d0000,0x00007f3a417d0000] [id=9699]
  0x00007f3a3c061850 ConcurrentGCThread "G1 Main Marker" [stack: 0x00007f3a415ce000,0x00007f3a416ce000] [id=9703]
  0x00007f3a3c0628e0 ConcurrentGCThread "G1 Conc#0" [stack: 0x00007f3a414cc000,0x00007f3a415cc000] [id=9708]
  0x00007f3a3c0c8080 ConcurrentGCThread "G1 Refine#0" [stack: 0x00007f3a40fc6000,0x00007f3a410c6000] [id=9715]
  0x00007f3a3c0c90a0 ConcurrentGCThread "G1 Service" [stack: 0x00007f3a40ec4000,0x00007f3a40fc4000] [id=9719]

Threads with active compile tasks:

VM state: not at safepoint (normal execution)

VM Mutex/Monitor currently owned by a thread: None

Heap address: 0x0000000085a00000, size: 1958 MB, Compressed Oops mode: 32-bit
CDS archive(s) mapped at: [0x0000000800000000-0x0000000800bf9000-0x0000000800bf9000), size 12554240, SharedBaseAddress: 0x0000000800000000, ArchiveRelocationMode: 0.
Compressed class space mapped at: 0x0000000800c00000-0x0000000840c00000, reserved size: 1073741824
Narrow klass base: 0x0000000800000000, Narrow klass shift: 3, Narrow klass range: 0x100000000

GC Precious Log:
 CPUs: 4 total, 4 available
 Memory: 7830M
 Large Page Support: Disabled
 NUMA Support: Disabled
 Compressed Oops: Enabled (32-bit)
 Heap Region Size: 1M
 Heap Min Capacity: 8M
 Heap Initial Capacity: 124M
 Heap Max Capacity: 1958M
 Pre-touch: Disabled
 Parallel Workers: 4
 Concurrent Workers: 1
 Concurrent Refinement Workers: 4
 Periodic GC: Disabled

Heap:
 garbage-first heap   total 129024K, used 7160K [0x0000000085a00000, 0x0000000100000000)
  region size 1024K, 7 young (7168K), 0 survivors (0K)
 Metaspace       used 1663K, committed 1792K, reserved 1056768K
  class space    used 121K, committed 192K, reserved 1048576K

Heap Regions: E=young(eden), S=young(survivor), O=old, HS=humongous(starts), HC=humongous(continues), CS=collection set, F=free, OA=open archive, CA=closed archive, TAMS=top-at-mark-start (previous, next)
|   0|0x0000000085a00000, 0x0000000085a00000, 0x0000000085b00000|  0%| F|  |TAMS 0x0000000085a00000, 0x0000000085a00000| Untracked 
|   1|0x0000000085b00000, 0x0000000085b00000, 0x0000000085c00000|  0%| F|  |TAMS 0x0000000085b00000, 0x0000000085b00000| Untracked 
|   2|0x0000000085c00000, 0x0000000085c00000, 0x0000000085d00000|  0%| F|  |TAMS 0x0000000085c00000, 0x0000000085c00000| Untracked 
|   3|0x0000000085d00000, 0x0000000085d00000, 0x0000000085e00000|  0%| F|  |TAMS 0x0000000085d00000, 0x0000000085d00000| Untracked 
|   4|0x0000000085e00000, 0x0000000085e00000, 0x0000000085f00000|  0%| F|  |TAMS 0x0000000085e00000, 0x0000000085e00000| Untracked 
|   5|0x0000000085f00000, 0x0000000085f00000, 0x0000000086000000|  0%| F|  |TAMS 0x0000000085f00000, 0x0000000085f00000| Untracked 
|   6|0x0000000086000000, 0x0000000086000000, 0x0000000086100000|  0%| F|  |TAMS 0x0000000086000000, 0x0000000086000000| Untracked 
|   7|0x0000000086100000, 0x0000000086100000, 0x0000000086200000|  0%| F|  |TAMS 0x0000000086100000, 0x0000000086100000| Untracked 
|   8|0x0000000086200000, 0x0000000086200000, 0x0000000086300000|  0%| F|  |TAMS 0x0000000086200000, 0x0000000086200000| Untracked 
|   9|0x0000000086300000, 0x0000000086300000, 0x0000000086400000|  0%| F|  |TAMS 0x0000000086300000, 0x0000000086300000| Untracked 
|  10|0x0000000086400000, 0x0000000086400000, 0x0000000086500000|  0%| F|  |TAMS 0x0000000086400000, 0x0000000086400000| Untracked 
|  11|0x0000000086500000, 0x0000000086500000, 0x0000000086600000|  0%| F|  |TAMS 0x0000000086500000, 0x0000000086500000| Untracked 
|  12|0x0000000086600000, 0x0000000086600000, 0x0000000086700000|  0%| F|  |TAMS 0x0000000086600000, 0x0000000086600000| Untracked 
|  13|0x0000000086700000, 0x0000000086700000, 0x0000000086800000|  0%| F|  |TAMS 0x0000000086700000, 0x0000000086700000| Untracked 
|  14|0x0000000086800000, 0x0000000086800000, 0x0000000086900000|  0%| F|  |TAMS 0x0000000086800000, 0x0000000086800000| Untracked 
|  15|0x0000000086900000, 0x0000000086900000, 0x0000000086a00000|  0%| F|  |TAMS 0x0000000086900000, 0x0000000086900000| Untracked 
|  16|0x0000000086a00000, 0x0000000086a00000, 0x0000000086b00000|  0%| F|  |TAMS 0x0000000086a00000, 0x0000000086a00000| Untracked 
|  17|0x0000000086b00000, 0x0000000086b00000, 0x0000000086c00000|  0%| F|  |TAMS 0x0000000086b00000, 0x0000000086b00000| Untracked 
|  18|0x0000000086c00000, 0x0000000086c00000, 0x0000000086d00000|  0%| F|  |TAMS 0x0000000086c00000, 0x0000000086c00000| Untracked 
|  19|0x0000000086d00000, 0x0000000086d00000, 0x0000000086e00000|  0%| F|  |TAMS 0x0000000086d00000, 0x0000000086d00000| Untracked 
|  20|0x0000000086e00000, 0x0000000086e00000, 0x0000000086f00000|  0%| F|  |TAMS 0x0000000086e00000, 0x0000000086e00000| Untracked 
|  21|0x0000000086f00000, 0x0000000086f00000, 0x0000000087000000|  0%| F|  |TAMS 0x0000000086f00000, 0x0000000086f00000| Untracked 
|  22|0x0000000087000000, 0x0000000087000000, 0x0000000087100000|  0%| F|  |TAMS 0x0000000087000000, 0x0000000087000000| Untracked 
|  23|0x0000000087100000, 0x0000000087100000, 0x0000000087200000|  0%| F|  |TAMS 0x0000000087100000, 0x0000000087100000| Untracked 
|  24|0x0000000087200000, 0x0000000087200000, 0x0000000087300000|  0%| F|  |TAMS 0x0000000087200000, 0x0000000087200000| Untracked 
|  25|0x0000000087300000, 0x0000000087300000, 0x0000000087400000|  0%| F|  |TAMS 0x0000000087300000, 0x0000000087300000| Untracked 
|  26|0x0000000087400000, 0x0000000087400000, 0x0000000087500000|  0%| F|  |TAMS 0x0000000087400000, 0x0000000087400000| Untracked 
|  27|0x0000000087500000, 0x0000000087500000, 0x0000000087600000|  0%| F|  |TAMS 0x0000000087500000, 0x0000000087500000| Untracked 
|  28|0x0000000087600000, 0x0000000087600000, 0x0000000087700000|  0%| F|  |TAMS 0x0000000087600000, 0x0000000087600000| Untracked 
|  29|0x0000000087700000, 0x0000000087700000, 0x0000000087800000|  0%| F|  |TAMS 0x0000000087700000, 0x0000000087700000| Untracked 
|  30|0x0000000087800000, 0x0000000087800000, 0x0000000087900000|  0%| F|  |TAMS 0x0000000087800000, 0x0000000087800000| Untracked 
|  31|0x0000000087900000, 0x0000000087900000, 0x0000000087a00000|  0%| F|  |TAMS 0x0000000087900000, 0x0000000087900000| Untracked 
|  32|0x0000000087a00000, 0x0000000087a00000, 0x0000000087b00000|  0%| F|  |TAMS 0x0000000087a00000, 0x0000000087a00000| Untracked 
|  33|0x0000000087b00000, 0x0000000087b00000, 0x0000000087c00000|  0%| F|  |TAMS 0x0000000087b00000, 0x0000000087b00000| Untracked 
|  34|0x0000000087c00000, 0x0000000087c00000, 0x0000000087d00000|  0%| F|  |TAMS 0x0000000087c00000, 0x0000000087c00000| Untracked 
|  35|0x0000000087d00000, 0x0000000087d00000, 0x0000000087e00000|  0%| F|  |TAMS 0x0000000087d00000, 0x0000000087d00000| Untracked 
|  36|0x0000000087e00000, 0x0000000087e00000, 0x0000000087f00000|  0%| F|  |TAMS 0x0000000087e00000, 0x0000000087e00000| Untracked 
|  37|0x0000000087f00000, 0x0000000087f00000, 0x0000000088000000|  0%| F|  |TAMS 0x0000000087f00000, 0x0000000087f00000| Untracked 
|  38|0x0000000088000000, 0x0000000088000000, 0x0000000088100000|  0%| F|  |TAMS 0x0000000088000000, 0x0000000088000000| Untracked 
|  39|0x0000000088100000, 0x0000000088100000, 0x0000000088200000|  0%| F|  |TAMS 0x0000000088100000, 0x0000000088100000| Untracked 
|  40|0x0000000088200000, 0x0000000088200000, 0x0000000088300000|  0%| F|  |TAMS 0x0000000088200000, 0x0000000088200000| Untracked 
|  41|0x0000000088300000, 0x0000000088300000, 0x0000000088400000|  0%| F|  |TAMS 0x0000000088300000, 0x0000000088300000| Untracked 
|  42|0x0000000088400000, 0x0000000088400000, 0x0000000088500000|  0%| F|  |TAMS 0x0000000088400000, 0x0000000088400000| Untracked 
|  43|0x0000000088500000, 0x0000000088500000, 0x0000000088600000|  0%| F|  |TAMS 0x0000000088500000, 0x0000000088500000| Untracked 
|  44|0x0000000088600000, 0x0000000088600000, 0x0000000088700000|  0%| F|  |TAMS 0x0000000088600000, 0x0000000088600000| Untracked 
|  45|0x0000000088700000, 0x0000000088700000, 0x0000000088800000|  0%| F|  |TAMS 0x0000000088700000, 0x0000000088700000| Untracked 
|  46|0x0000000088800000, 0x0000000088800000, 0x0000000088900000|  0%| F|  |TAMS 0x0000000088800000, 0x0000000088800000| Untracked 
|  47|0x0000000088900000, 0x0000000088900000, 0x0000000088a00000|  0%| F|  |TAMS 0x0000000088900000, 0x0000000088900000| Untracked 
|  48|0x0000000088a00000, 0x0000000088a00000, 0x0000000088b00000|  0%| F|  |TAMS 0x0000000088a00000, 0x0000000088a00000| Untracked 
|  49|0x0000000088b00000, 0x0000000088b00000, 0x0000000088c00000|  0%| F|  |TAMS 0x0000000088b00000, 0x0000000088b00000| Untracked 
|  50|0x0000000088c00000, 0x0000000088c00000, 0x0000000088d00000|  0%| F|  |TAMS 0x0000000088c00000, 0x0000000088c00000| Untracked 
|  51|0x0000000088d00000, 0x0000000088d00000, 0x0000000088e00000|  0%| F|  |TAMS 0x0000000088d00000, 0x0000000088d00000| Untracked 
|  52|0x0000000088e00000, 0x0000000088e00000, 0x0000000088f00000|  0%| F|  |TAMS 0x0000000088e00000, 0x0000000088e00000| Untracked 
|  53|0x0000000088f00000, 0x0000000088f00000, 0x0000000089000000|  0%| F|  |TAMS 0x0000000088f00000, 0x0000000088f00000| Untracked 
|  54|0x0000000089000000, 0x0000000089000000, 0x0000000089100000|  0%| F|  |TAMS 0x0000000089000000, 0x0000000089000000| Untracked 
|  55|0x0000000089100000, 0x0000000089100000, 0x0000000089200000|  0%| F|  |TAMS 0x0000000089100000, 0x0000000089100000| Untracked 
|  56|0x0000000089200000, 0x0000000089200000, 0x0000000089300000|  0%| F|  |TAMS 0x0000000089200000, 0x0000000089200000| Untracked 
|  57|0x0000000089300000, 0x0000000089300000, 0x0000000089400000|  0%| F|  |TAMS 0x0000000089300000, 0x0000000089300000| Untracked 
|  58|0x0000000089400000, 0x0000000089400000, 0x0000000089500000|  0%| F|  |TAMS 0x0000000089400000, 0x0000000089400000| Untracked 
|  59|0x0000000089500000, 0x0000000089500000, 0x0000000089600000|  0%| F|  |TAMS 0x0000000089500000, 0x0000000089500000| Untracked 
|  60|0x0000000089600000, 0x0000000089600000, 0x0000000089700000|  0%| F|  |TAMS 0x0000000089600000, 0x0000000089600000| Untracked 
|  61|0x0000000089700000, 0x0000000089700000, 0x0000000089800000|  0%| F|  |TAMS 0x0000000089700000, 0x0000000089700000| Untracked 
|  62|0x0000000089800000, 0x0000000089800000, 0x0000000089900000|  0%| F|  |TAMS 0x0000000089800000, 0x0000000089800000| Untracked 
|  63|0x0000000089900000, 0x0000000089900000, 0x0000000089a00000|  0%| F|  |TAMS 0x0000000089900000, 0x0000000089900000| Untracked 
|  64|0x0000000089a00000, 0x0000000089a00000, 0x0000000089b00000|  0%| F|  |TAMS 0x0000000089a00000, 0x0000000089a00000| Untracked 
|  65|0x0000000089b00000, 0x0000000089b00000, 0x0000000089c00000|  0%| F|  |TAMS 0x0000000089b00000, 0x0000000089b00000| Untracked 
|  66|0x0000000089c00000, 0x0000000089c00000, 0x0000000089d00000|  0%| F|  |TAMS 0x0000000089c00000, 0x0000000089c00000| Untracked 
|  67|0x0000000089d00000, 0x0000000089d00000, 0x0000000089e00000|  0%| F|  |TAMS 0x0000000089d00000, 0x0000000089d00000| Untracked 
|  68|0x0000000089e00000, 0x0000000089e00000, 0x0000000089f00000|  0%| F|  |TAMS 0x0000000089e00000, 0x0000000089e00000| Untracked 
|  69|0x0000000089f00000, 0x0000000089f00000, 0x000000008a000000|  0%| F|  |TAMS 0x0000000089f00000, 0x0000000089f00000| Untracked 
|  70|0x000000008a000000, 0x000000008a000000, 0x000000008a100000|  0%| F|  |TAMS 0x000000008a000000, 0x000000008a000000| Untracked 
|  71|0x000000008a100000, 0x000000008a100000, 0x000000008a200000|  0%| F|  |TAMS 0x000000008a100000, 0x000000008a100000| Untracked 
|  72|0x000000008a200000, 0x000000008a200000, 0x000000008a300000|  0%| F|  |TAMS 0x000000008a200000, 0x000000008a200000| Untracked 
|  73|0x000000008a300000, 0x000000008a300000, 0x000000008a400000|  0%| F|  |TAMS 0x000000008a300000, 0x000000008a300000| Untracked 
|  74|0x000000008a400000, 0x000000008a400000, 0x000000008a500000|  0%| F|  |TAMS 0x000000008a400000, 0x000000008a400000| Untracked 
|  75|0x000000008a500000, 0x000000008a500000, 0x000000008a600000|  0%| F|  |TAMS 0x000000008a500000, 0x000000008a500000| Untracked 
|  76|0x000000008a600000, 0x000000008a600000, 0x000000008a700000|  0%| F|  |TAMS 0x000000008a600000, 0x000000008a600000| Untracked 
|  77|0x000000008a700000, 0x000000008a700000, 0x000000008a800000|  0%| F|  |TAMS 0x000000008a700000, 0x000000008a700000| Untracked 
|  78|0x000000008a800000, 0x000000008a800000, 0x000000008a900000|  0%| F|  |TAMS 0x000000008a800000, 0x000000008a800000| Untracked 
|  79|0x000000008a900000, 0x000000008a900000, 0x000000008aa00000|  0%| F|  |TAMS 0x000000008a900000, 0x000000008a900000| Untracked 
|  80|0x000000008aa00000, 0x000000008aa00000, 0x000000008ab00000|  0%| F|  |TAMS 0x000000008aa00000, 0x000000008aa00000| Untracked 
|  81|0x000000008ab00000, 0x000000008ab00000, 0x000000008ac00000|  0%| F|  |TAMS 0x000000008ab00000, 0x000000008ab00000| Untracked 
|  82|0x000000008ac00000, 0x000000008ac00000, 0x000000008ad00000|  0%| F|  |TAMS 0x000000008ac00000, 0x000000008ac00000| Untracked 
|  83|0x000000008ad00000, 0x000000008ad00000, 0x000000008ae00000|  0%| F|  |TAMS 0x000000008ad00000, 0x000000008ad00000| Untracked 
|  84|0x000000008ae00000, 0x000000008ae00000, 0x000000008af00000|  0%| F|  |TAMS 0x000000008ae00000, 0x000000008ae00000| Untracked 
|  85|0x000000008af00000, 0x000000008af00000, 0x000000008b000000|  0%| F|  |TAMS 0x000000008af00000, 0x000000008af00000| Untracked 
|  86|0x000000008b000000, 0x000000008b000000, 0x000000008b100000|  0%| F|  |TAMS 0x000000008b000000, 0x000000008b000000| Untracked 
|  87|0x000000008b100000, 0x000000008b100000, 0x000000008b200000|  0%| F|  |TAMS 0x000000008b100000, 0x000000008b100000| Untracked 
|  88|0x000000008b200000, 0x000000008b200000, 0x000000008b300000|  0%| F|  |TAMS 0x000000008b200000, 0x000000008b200000| Untracked 
|  89|0x000000008b300000, 0x000000008b300000, 0x000000008b400000|  0%| F|  |TAMS 0x000000008b300000, 0x000000008b300000| Untracked 
|  90|0x000000008b400000, 0x000000008b400000, 0x000000008b500000|  0%| F|  |TAMS 0x000000008b400000, 0x000000008b400000| Untracked 
|  91|0x000000008b500000, 0x000000008b500000, 0x000000008b600000|  0%| F|  |TAMS 0x000000008b500000, 0x000000008b500000| Untracked 
|  92|0x000000008b600000, 0x000000008b600000, 0x000000008b700000|  0%| F|  |TAMS 0x000000008b600000, 0x000000008b600000| Untracked 
|  93|0x000000008b700000, 0x000000008b700000, 0x000000008b800000|  0%| F|  |TAMS 0x000000008b700000, 0x000000008b700000| Untracked 
|  94|0x000000008b800000, 0x000000008b800000, 0x000000008b900000|  0%| F|  |TAMS 0x000000008b800000, 0x000000008b800000| Untracked 
|  95|0x000000008b900000, 0x000000008b900000, 0x000000008ba00000|  0%| F|  |TAMS 0x000000008b900000, 0x000000008b900000| Untracked 
|  96|0x000000008ba00000, 0x000000008ba00000, 0x000000008bb00000|  0%| F|  |TAMS 0x000000008ba00000, 0x000000008ba00000| Untracked 
|  97|0x000000008bb00000, 0x000000008bb00000, 0x000000008bc00000|  0%| F|  |TAMS 0x000000008bb00000, 0x000000008bb00000| Untracked 
|  98|0x000000008bc00000, 0x000000008bc00000, 0x000000008bd00000|  0%| F|  |TAMS 0x000000008bc00000, 0x000000008bc00000| Untracked 
|  99|0x000000008bd00000, 0x000000008bd00000, 0x000000008be00000|  0%| F|  |TAMS 0x000000008bd00000, 0x000000008bd00000| Untracked 
| 100|0x000000008be00000, 0x000000008be00000, 0x000000008bf00000|  0%| F|  |TAMS 0x000000008be00000, 0x000000008be00000| Untracked 
| 101|0x000000008bf00000, 0x000000008bf00000, 0x000000008c000000|  0%| F|  |TAMS 0x000000008bf00000, 0x000000008bf00000| Untracked 
| 102|0x000000008c000000, 0x000000008c000000, 0x000000008c100000|  0%| F|  |TAMS 0x000000008c000000, 0x000000008c000000| Untracked 
| 103|0x000000008c100000, 0x000000008c100000, 0x000000008c200000|  0%| F|  |TAMS 0x000000008c100000, 0x000000008c100000| Untracked 
| 104|0x000000008c200000, 0x000000008c200000, 0x000000008c300000|  0%| F|  |TAMS 0x000000008c200000, 0x000000008c200000| Untracked 
| 105|0x000000008c300000, 0x000000008c300000, 0x000000008c400000|  0%| F|  |TAMS 0x000000008c300000, 0x000000008c300000| Untracked 
| 106|0x000000008c400000, 0x000000008c400000, 0x000000008c500000|  0%| F|  |TAMS 0x000000008c400000, 0x000000008c400000| Untracked 
| 107|0x000000008c500000, 0x000000008c500000, 0x000000008c600000|  0%| F|  |TAMS 0x000000008c500000, 0x000000008c500000| Untracked 
| 108|0x000000008c600000, 0x000000008c600000, 0x000000008c700000|  0%| F|  |TAMS 0x000000008c600000, 0x000000008c600000| Untracked 
| 109|0x000000008c700000, 0x000000008c700000, 0x000000008c800000|  0%| F|  |TAMS 0x000000008c700000, 0x000000008c700000| Untracked 
| 110|0x000000008c800000, 0x000000008c800000, 0x000000008c900000|  0%| F|  |TAMS 0x000000008c800000, 0x000000008c800000| Untracked 
| 111|0x000000008c900000, 0x000000008c900000, 0x000000008ca00000|  0%| F|  |TAMS 0x000000008c900000, 0x000000008c900000| Untracked 
| 112|0x000000008ca00000, 0x000000008ca00000, 0x000000008cb00000|  0%| F|  |TAMS 0x000000008ca00000, 0x000000008ca00000| Untracked 
| 113|0x000000008cb00000, 0x000000008cb00000, 0x000000008cc00000|  0%| F|  |TAMS 0x000000008cb00000, 0x000000008cb00000| Untracked 
| 114|0x000000008cc00000, 0x000000008cc00000, 0x000000008cd00000|  0%| F|  |TAMS 0x000000008cc00000, 0x000000008cc00000| Untracked 
| 115|0x000000008cd00000, 0x000000008cd00000, 0x000000008ce00000|  0%| F|  |TAMS 0x000000008cd00000, 0x000000008cd00000| Untracked 
| 116|0x000000008ce00000, 0x000000008ce00000, 0x000000008cf00000|  0%| F|  |TAMS 0x000000008ce00000, 0x000000008ce00000| Untracked 
| 117|0x000000008cf00000, 0x000000008cf44918, 0x000000008d000000| 26%| E|  |TAMS 0x000000008cf00000, 0x000000008cf00000| Complete 
| 118|0x000000008d000000, 0x000000008d100000, 0x000000008d100000|100%| E|CS|TAMS 0x000000008d000000, 0x000000008d000000| Complete 
| 119|0x000000008d100000, 0x000000008d200000, 0x000000008d200000|100%| E|CS|TAMS 0x000000008d100000, 0x000000008d100000| Complete 
| 120|0x000000008d200000, 0x000000008d300000, 0x000000008d300000|100%| E|CS|TAMS 0x000000008d200000, 0x000000008d200000| Complete 
| 121|0x000000008d300000, 0x000000008d400000, 0x000000008d400000|100%| E|CS|TAMS 0x000000008d300000, 0x000000008d300000| Complete 
| 122|0x000000008d400000, 0x000000008d500000, 0x000000008d500000|100%| E|CS|TAMS 0x000000008d400000, 0x000000008d400000| Complete 
| 123|0x000000008d500000, 0x000000008d600000, 0x000000008d600000|100%| E|CS|TAMS 0x000000008d500000, 0x000000008d500000| Complete 
|1956|0x00000000ffe00000, 0x00000000ffe76000, 0x00000000fff00000| 46%|OA|  |TAMS 0x00000000ffe00000, 0x00000000ffe00000| Untracked 
|1957|0x00000000fff00000, 0x00000000fff88000, 0x0000000100000000| 53%|CA|  |TAMS 0x00000000fff00000, 0x00000000fff00000| Untracked 

Card table byte_map: [0x00007f3a41be5000,0x00007f3a41fb8000] _byte_map_base: 0x00007f3a417b8000

Marking Bits (Prev, Next): (CMBitMap*) 0x00007f3a3c051870, (CMBitMap*) 0x00007f3a3c0518b0
 Prev Bits: [0x00007f3a224cd000, 0x00007f3a24365000)
 Next Bits: [0x00007f3a20635000, 0x00007f3a224cd000)

Polling page: 0x00007f3a4435e000

Metaspace:

Usage:
  Non-class:      1,51 MB used.
      Class:    121,11 KB used.
       Both:      1,62 MB used.

Virtual space:
  Non-class space:        8,00 MB reserved,       1,56 MB ( 20%) committed,  1 nodes.
      Class space:        1,00 GB reserved,     192,00 KB ( <1%) committed,  1 nodes.
              Both:        1,01 GB reserved,       1,75 MB ( <1%) committed. 

Chunk freelists:
   Non-Class:  3,65 MB
       Class:  3,70 MB
        Both:  7,36 MB

MaxMetaspaceSize: 17179869184,00 GB
CompressedClassSpaceSize: 1,00 GB
 - commit_granule_bytes: 65536.
 - commit_granule_words: 8192.
 - virtual_space_node_default_size: 1048576.
 - enlarge_chunks_in_place: 1.
 - new_chunks_are_fully_committed: 0.
 - uncommit_free_chunks: 1.
 - use_allocation_guard: 0.
 - handle_deallocations: 1.


Internal statistics:

num_allocs_failed_limit: 0.
num_arena_births: 36.
num_arena_deaths: 0.
num_vsnodes_births: 2.
num_vsnodes_deaths: 0.
num_space_committed: 28.
num_space_uncommitted: 0.
num_chunks_returned_to_freelist: 0.
num_chunks_taken_from_freelist: 60.
num_chunk_merges: 0.
num_chunk_splits: 40.
num_chunks_enlarged: 24.
num_purges: 0.

CodeHeap 'non-profiled nmethods': size=120032Kb used=166Kb max_used=166Kb free=119865Kb
 bounds [0x00007f3a2be2d000, 0x00007f3a2c09d000, 0x00007f3a33365000]
CodeHeap 'profiled nmethods': size=120028Kb used=799Kb max_used=799Kb free=119228Kb
 bounds [0x00007f3a248f6000, 0x00007f3a24b66000, 0x00007f3a2be2d000]
CodeHeap 'non-nmethods': size=5700Kb used=1127Kb max_used=1138Kb free=4572Kb
 bounds [0x00007f3a24365000, 0x00007f3a245d5000, 0x00007f3a248f6000]
 total_blobs=974 nmethods=565 adapters=323
 compilation: enabled
              stopped_count=0, restarted_count=0
 full_count=0

Compilation events (20 events):
Event: 1,620 Thread 0x00007f3a3c10edf0  559       4       java.lang.StringUTF16::getChar (60 bytes)
Event: 1,622 Thread 0x00007f3a3c10edf0 nmethod 559 0x00007f3a2be55f10 code [0x00007f3a2be560a0, 0x00007f3a2be56158]
Event: 1,630 Thread 0x00007f3a3c110450  561       3       java.lang.ref.PhantomReference::<init> (7 bytes)
Event: 1,631 Thread 0x00007f3a3c110450 nmethod 561 0x00007f3a249ba890 code [0x00007f3a249baa40, 0x00007f3a249bad10]
Event: 1,631 Thread 0x00007f3a3c110450  562       3       java.util.WeakHashMap::maskNull (12 bytes)
Event: 1,631 Thread 0x00007f3a3c110450 nmethod 562 0x00007f3a249bae10 code [0x00007f3a249bafa0, 0x00007f3a249bb0d0]
Event: 1,631 Thread 0x00007f3a3c110450  563       3       jdk.internal.ref.PhantomCleanable::<init> (49 bytes)
Event: 1,632 Thread 0x00007f3a3c110450 nmethod 563 0x00007f3a249bb190 code [0x00007f3a249bb3e0, 0x00007f3a249bbf10]
Event: 1,632 Thread 0x00007f3a3c110450  564   !   3       jdk.internal.ref.PhantomCleanable::insert (53 bytes)
Event: 1,632 Thread 0x00007f3a3c110450 nmethod 564 0x00007f3a249bc290 code [0x00007f3a249bc440, 0x00007f3a249bc7b0]
Event: 1,650 Thread 0x00007f3a3c110450  565       1       java.nio.Buffer::capacity (5 bytes)
Event: 1,650 Thread 0x00007f3a3c110450 nmethod 565 0x00007f3a2be56690 code [0x00007f3a2be56820, 0x00007f3a2be568f0]
Event: 1,656 Thread 0x00007f3a3c110450  566       3       java.lang.Class::getComponentType (14 bytes)
Event: 1,657 Thread 0x00007f3a3c110450 nmethod 566 0x00007f3a249bc910 code [0x00007f3a249bcac0, 0x00007f3a249bcc80]
Event: 1,657 Thread 0x00007f3a3c110450  567       3       java.nio.MappedByteBuffer::position (8 bytes)
Event: 1,657 Thread 0x00007f3a3c110450 nmethod 567 0x00007f3a249bcd10 code [0x00007f3a249bcec0, 0x00007f3a249bd060]
Event: 1,658 Thread 0x00007f3a3c110450  568       3       jdk.internal.misc.Unsafe::checkPrimitivePointer (19 bytes)
Event: 1,658 Thread 0x00007f3a3c110450 nmethod 568 0x00007f3a249bd110 code [0x00007f3a249bd320, 0x00007f3a249bd940]
Event: 1,659 Thread 0x00007f3a3c110450  569       3       jdk.internal.ref.CleanerFactory::cleaner (4 bytes)
Event: 1,659 Thread 0x00007f3a3c110450 nmethod 569 0x00007f3a249bdb90 code [0x00007f3a249bdd20, 0x00007f3a249bde10]

GC Heap History (0 events):
No events

Deoptimization events (20 events):
Event: 0,887 Thread 0x00007f3a3c011a60 DEOPT PACKING pc=0x00007f3a24912ef4 sp=0x00007f3a42a998a0
Event: 0,887 Thread 0x00007f3a3c011a60 DEOPT UNPACKING pc=0x00007f3a243b2bba sp=0x00007f3a42a98d60 mode 0
Event: 0,893 Thread 0x00007f3a3c011a60 DEOPT PACKING pc=0x00007f3a2495d3f8 sp=0x00007f3a42a99670
Event: 0,893 Thread 0x00007f3a3c011a60 DEOPT UNPACKING pc=0x00007f3a243b2bba sp=0x00007f3a42a98af0 mode 0
Event: 1,191 Thread 0x00007f3a3c011a60 Uncommon trap: trap_request=0xfffffff4 fr.pc=0x00007f3a2be41d48 relative=0x00000000000001a8
Event: 1,191 Thread 0x00007f3a3c011a60 Uncommon trap: reason=null_check action=make_not_entrant pc=0x00007f3a2be41d48 method=java.lang.String.equals(Ljava/lang/Object;)Z @ 8 c2
Event: 1,191 Thread 0x00007f3a3c011a60 DEOPT PACKING pc=0x00007f3a2be41d48 sp=0x00007f3a42a958e0
Event: 1,192 Thread 0x00007f3a3c011a60 DEOPT UNPACKING pc=0x00007f3a243b2424 sp=0x00007f3a42a958a8 mode 2
Event: 1,277 Thread 0x00007f3a3c18b0f0 Uncommon trap: trap_request=0xffffff45 fr.pc=0x00007f3a2be4c110 relative=0x0000000000000450
Event: 1,277 Thread 0x00007f3a3c18b0f0 Uncommon trap: reason=unstable_if action=reinterpret pc=0x00007f3a2be4c110 method=java.lang.StringLatin1.newString([BII)Ljava/lang/String; @ 1 c2
Event: 1,277 Thread 0x00007f3a3c18b0f0 DEOPT PACKING pc=0x00007f3a2be4c110 sp=0x00007f3a11af8740
Event: 1,277 Thread 0x00007f3a3c18b0f0 DEOPT UNPACKING pc=0x00007f3a243b2424 sp=0x00007f3a11af86a0 mode 2
Event: 1,616 Thread 0x00007f3a3c011a60 Uncommon trap: trap_request=0xffffff45 fr.pc=0x00007f3a2be3817c relative=0x000000000000005c
Event: 1,616 Thread 0x00007f3a3c011a60 Uncommon trap: reason=unstable_if action=reinterpret pc=0x00007f3a2be3817c method=java.lang.String.isLatin1()Z @ 10 c2
Event: 1,617 Thread 0x00007f3a3c011a60 DEOPT PACKING pc=0x00007f3a2be3817c sp=0x00007f3a42a99430
Event: 1,617 Thread 0x00007f3a3c011a60 DEOPT UNPACKING pc=0x00007f3a243b2424 sp=0x00007f3a42a993e0 mode 2
Event: 1,617 Thread 0x00007f3a3c011a60 Uncommon trap: trap_request=0xffffff45 fr.pc=0x00007f3a2be38968 relative=0x0000000000000048
Event: 1,617 Thread 0x00007f3a3c011a60 Uncommon trap: reason=unstable_if action=reinterpret pc=0x00007f3a2be38968 method=java.lang.CharacterData.of(I)Ljava/lang/CharacterData; @ 4 c2
Event: 1,617 Thread 0x00007f3a3c011a60 DEOPT PACKING pc=0x00007f3a2be38968 sp=0x00007f3a42a98f60
Event: 1,617 Thread 0x00007f3a3c011a60 DEOPT UNPACKING pc=0x00007f3a243b2424 sp=0x00007f3a42a98f20 mode 2

Classes unloaded (0 events):
No events

Classes redefined (0 events):
No events

Internal exceptions (9 events):
Event: 0,522 Thread 0x00007f3a3c011a60 Exception <a 'java/lang/NoSuchMethodError'{0x000000008d400240}: 'void java.lang.invoke.DirectMethodHandle$Holder.invokeSpecial(java.lang.Object, java.lang.Object, java.lang.Object)'> (0x000000008d400240) 
thrown [./src/hotspot/share/interpreter/linkResolver.cpp, line 789]
Event: 1,191 Thread 0x00007f3a3c011a60 Implicit null exception at 0x00007f3a2be41bd5 to 0x00007f3a2be41d38
Event: 1,356 Thread 0x00007f3a3c011a60 Exception <a 'java/lang/NoSuchMethodError'{0x000000008d1ae890}: 'void java.lang.invoke.DirectMethodHandle$Holder.invokeStatic(java.lang.Object, java.lang.Object)'> (0x000000008d1ae890) 
thrown [./src/hotspot/share/interpreter/linkResolver.cpp, line 789]
Event: 1,376 Thread 0x00007f3a3c011a60 Exception <a 'java/lang/NoSuchMethodError'{0x000000008d1c3520}: 'java.lang.Object java.lang.invoke.DirectMethodHandle$Holder.invokeStatic(java.lang.Object, java.lang.Object, int)'> (0x000000008d1c3520) 
thrown [./src/hotspot/share/interpreter/linkResolver.cpp, line 789]
Event: 1,384 Thread 0x00007f3a3c011a60 Exception <a 'java/lang/NoSuchMethodError'{0x000000008d1cfaa0}: 'void java.lang.invoke.DelegatingMethodHandle$Holder.delegate(java.lang.Object, java.lang.Object, int, java.lang.Object)'> (0x000000008d1cfaa0) 
thrown [./src/hotspot/share/interpreter/linkResolver.cpp, line 789]
Event: 1,387 Thread 0x00007f3a3c011a60 Exception <a 'java/lang/NoSuchMethodError'{0x000000008d1d3bc0}: 'int java.lang.invoke.DirectMethodHandle$Holder.invokeSpecial(java.lang.Object, java.lang.Object, java.lang.Object)'> (0x000000008d1d3bc0) 
thrown [./src/hotspot/share/interpreter/linkResolver.cpp, line 789]
Event: 1,558 Thread 0x00007f3a3c011a60 Exception <a 'sun/nio/fs/UnixException'{0x000000008d0b7070}> (0x000000008d0b7070) 
thrown [./src/hotspot/share/prims/jni.cpp, line 579]
Event: 1,622 Thread 0x00007f3a3c011a60 Exception <a 'sun/nio/fs/UnixException'{0x000000008d0fc250}> (0x000000008d0fc250) 
thrown [./src/hotspot/share/prims/jni.cpp, line 579]
Event: 1,661 Thread 0x00007f3a3c011a60 Exception <a 'sun/nio/fs/UnixException'{0x000000008cf09f48}> (0x000000008cf09f48) 
thrown [./src/hotspot/share/prims/jni.cpp, line 579]

Events (20 events):
Event: 1,646 loading class java/nio/DirectByteBuffer$Deallocator
Event: 1,646 loading class java/nio/DirectByteBuffer$Deallocator done
Event: 1,647 loading class sun/nio/ch/IOStatus
Event: 1,647 loading class sun/nio/ch/IOStatus done
Event: 1,660 loading class sun/nio/ch/FileLockImpl
Event: 1,660 loading class java/nio/channels/FileLock
Event: 1,660 loading class java/nio/channels/FileLock done
Event: 1,660 loading class sun/nio/ch/FileLockImpl done
Event: 1,660 loading class sun/nio/ch/FileLockTable
Event: 1,660 loading class sun/nio/ch/FileLockTable done
Event: 1,660 loading class sun/nio/ch/FileKey
Event: 1,660 loading class sun/nio/ch/FileKey done
Event: 1,660 loading class sun/nio/ch/FileLockTable$FileLockReference
Event: 1,660 loading class sun/nio/ch/FileLockTable$FileLockReference done
Event: 1,660 loading class java/nio/file/AccessMode
Event: 1,660 loading class java/nio/file/AccessMode done
Event: 1,661 loading class sun/nio/fs/UnixFileSystemProvider$3
Event: 1,661 loading class sun/nio/fs/UnixFileSystemProvider$3 done
Event: 1,661 loading class java/nio/file/NoSuchFileException
Event: 1,661 loading class java/nio/file/NoSuchFileException done


Dynamic libraries:
85a00000-8d600000 rw-p 00000000 00:00 0 
8d600000-ffe00000 ---p 00000000 00:00 0 
ffe00000-ffe76000 rw-p 00cba000 00:1a 496521                             /usr/lib/jvm/java-16-openjdk-amd64/lib/server/classes.jsa
ffe76000-fff00000 rw-p 00000000 00:00 0 
fff00000-fff88000 rw-p 00c32000 00:1a 496521                             /usr/lib/jvm/java-16-openjdk-amd64/lib/server/classes.jsa
fff88000-100000000 rw-p 00000000 00:00 0 
800000000-800003000 rwxp 00001000 00:1a 496521                           /usr/lib/jvm/java-16-openjdk-amd64/lib/server/classes.jsa
800003000-80043d000 rw-p 00004000 00:1a 496521                           /usr/lib/jvm/java-16-openjdk-amd64/lib/server/classes.jsa
80043d000-800bf9000 r--p 0043e000 00:1a 496521                           /usr/lib/jvm/java-16-openjdk-amd64/lib/server/classes.jsa
800bf9000-800c00000 ---p 00000000 00:00 0 
800c00000-800c10000 rw-p 00000000 00:00 0 
800c10000-800c40000 ---p 00000000 00:00 0 
800c40000-800c60000 rw-p 00000000 00:00 0 
800c60000-840c00000 ---p 00000000 00:00 0 
56019822a000-56019822b000 r--p 00000000 00:1a 496367                     /usr/lib/jvm/java-16-openjdk-amd64/bin/java
56019822b000-56019822c000 r-xp 00001000 00:1a 496367                     /usr/lib/jvm/java-16-openjdk-amd64/bin/java
56019822c000-56019822d000 r--p 00002000 00:1a 496367                     /usr/lib/jvm/java-16-openjdk-amd64/bin/java
56019822d000-56019822e000 r--p 00002000 00:1a 496367                     /usr/lib/jvm/java-16-openjdk-amd64/bin/java
56019822e000-56019822f000 rw-p 00003000 00:1a 496367                     /usr/lib/jvm/java-16-openjdk-amd64/bin/java
560198fa4000-560198fc5000 rw-p 00000000 00:00 0                          [heap]
7f39d4000000-7f39d4021000 rw-p 00000000 00:00 0 
7f39d4021000-7f39d8000000 ---p 00000000 00:00 0 
7f39d8000000-7f39d8021000 rw-p 00000000 00:00 0 
7f39d8021000-7f39dc000000 ---p 00000000 00:00 0 
7f39dc000000-7f39dc021000 rw-p 00000000 00:00 0 
7f39dc021000-7f39e0000000 ---p 00000000 00:00 0 
7f39e0000000-7f39e0021000 rw-p 00000000 00:00 0 
7f39e0021000-7f39e4000000 ---p 00000000 00:00 0 
7f39e4000000-7f39e41d9000 rw-p 00000000 00:00 0 
7f39e41d9000-7f39e8000000 ---p 00000000 00:00 0 
7f39e8000000-7f39e8021000 rw-p 00000000 00:00 0 
7f39e8021000-7f39ec000000 ---p 00000000 00:00 0 
7f39ec000000-7f39ec021000 rw-p 00000000 00:00 0 
7f39ec021000-7f39f0000000 ---p 00000000 00:00 0 
7f39f0000000-7f39f019b000 rw-p 00000000 00:00 0 
7f39f019b000-7f39f4000000 ---p 00000000 00:00 0 
7f39f4000000-7f39f4021000 rw-p 00000000 00:00 0 
7f39f4021000-7f39f8000000 ---p 00000000 00:00 0 
7f39f8000000-7f39f8021000 rw-p 00000000 00:00 0 
7f39f8021000-7f39fc000000 ---p 00000000 00:00 0 
7f39fc000000-7f39fc021000 rw-p 00000000 00:00 0 
7f39fc021000-7f3a00000000 ---p 00000000 00:00 0 
7f3a00000000-7f3a00021000 rw-p 00000000 00:00 0 
7f3a00021000-7f3a04000000 ---p 00000000 00:00 0 
7f3a04000000-7f3a04021000 rw-p 00000000 00:00 0 
7f3a04021000-7f3a08000000 ---p 00000000 00:00 0 
7f3a08000000-7f3a08021000 rw-p 00000000 00:00 0 
7f3a08021000-7f3a0c000000 ---p 00000000 00:00 0 
7f3a0c000000-7f3a0c021000 rw-p 00000000 00:00 0 
7f3a0c021000-7f3a10000000 ---p 00000000 00:00 0 
7f3a1178d000-7f3a117f8000 r-xp 00000000 00:1a 2280453                    /tmp/lwjgllaurin/3.3.1-build-7/liblwjgl.so (deleted)
7f3a117f8000-7f3a119f7000 ---p 0006b000 00:1a 2280453                    /tmp/lwjgllaurin/3.3.1-build-7/liblwjgl.so (deleted)
7f3a119f7000-7f3a119f9000 rw-p 0006a000 00:1a 2280453                    /tmp/lwjgllaurin/3.3.1-build-7/liblwjgl.so (deleted)
7f3a119f9000-7f3a119fd000 ---p 00000000 00:00 0 
7f3a119fd000-7f3a11afa000 rw-p 00000000 00:00 0 
7f3a11afa000-7f3a11afb000 ---p 00000000 00:00 0 
7f3a11afb000-7f3a11bfc000 rw-p 00000000 00:00 0 
7f3a11bfc000-7f3a11c00000 ---p 00000000 00:00 0 
7f3a11c00000-7f3a11cfd000 rw-p 00000000 00:00 0 
7f3a11cfd000-7f3a11d01000 ---p 00000000 00:00 0 
7f3a11d01000-7f3a11dfe000 rw-p 00000000 00:00 0 
7f3a11dfe000-7f3a11e02000 ---p 00000000 00:00 0 
7f3a11e02000-7f3a11eff000 rw-p 00000000 00:00 0 
7f3a11eff000-7f3a11f03000 ---p 00000000 00:00 0 
7f3a11f03000-7f3a14000000 rw-p 00000000 00:00 0 
7f3a14000000-7f3a14021000 rw-p 00000000 00:00 0 
7f3a14021000-7f3a18000000 ---p 00000000 00:00 0 
7f3a18000000-7f3a18021000 rw-p 00000000 00:00 0 
7f3a18021000-7f3a1c000000 ---p 00000000 00:00 0 
7f3a1c000000-7f3a1c021000 rw-p 00000000 00:00 0 
7f3a1c021000-7f3a20000000 ---p 00000000 00:00 0 
7f3a200ba000-7f3a200be000 ---p 00000000 00:00 0 
7f3a200be000-7f3a201bb000 rw-p 00000000 00:00 0 
7f3a201bb000-7f3a201bf000 ---p 00000000 00:00 0 
7f3a201bf000-7f3a202bc000 rw-p 00000000 00:00 0 
7f3a202bc000-7f3a202c0000 ---p 00000000 00:00 0 
7f3a202c0000-7f3a203bd000 rw-p 00000000 00:00 0 
7f3a203bd000-7f3a20635000 r--p 00000000 00:1a 1751539                    /usr/lib/locale/aa_DJ.utf8/LC_COLLATE
7f3a20635000-7f3a20825000 rw-p 00000000 00:00 0 
7f3a20825000-7f3a224c5000 ---p 00000000 00:00 0 
7f3a224c5000-7f3a226bd000 rw-p 00000000 00:00 0 
7f3a226bd000-7f3a2435d000 ---p 00000000 00:00 0 
7f3a2435d000-7f3a24365000 rw-p 00000000 00:00 0 
7f3a24365000-7f3a245d5000 rwxp 00000000 00:00 0 
7f3a245d5000-7f3a248f6000 ---p 00000000 00:00 0 
7f3a248f6000-7f3a24b66000 rwxp 00000000 00:00 0 
7f3a24b66000-7f3a2be2d000 ---p 00000000 00:00 0 
7f3a2be2d000-7f3a2c09d000 rwxp 00000000 00:00 0 
7f3a2c09d000-7f3a33365000 ---p 00000000 00:00 0 
7f3a33365000-7f3a3c000000 r--s 00000000 00:1a 496518                     /usr/lib/jvm/java-16-openjdk-amd64/lib/modules
7f3a3c000000-7f3a3c238000 rw-p 00000000 00:00 0 
7f3a3c238000-7f3a40000000 ---p 00000000 00:00 0 
7f3a400cc000-7f3a400fd000 rw-p 00000000 00:00 0 
7f3a400fd000-7f3a40101000 ---p 00000000 00:00 0 
7f3a40101000-7f3a401fe000 rw-p 00000000 00:00 0 
7f3a401fe000-7f3a40202000 ---p 00000000 00:00 0 
7f3a40202000-7f3a402ff000 rw-p 00000000 00:00 0 
7f3a402ff000-7f3a40303000 ---p 00000000 00:00 0 
7f3a40303000-7f3a40530000 rw-p 00000000 00:00 0 
7f3a40530000-7f3a40800000 ---p 00000000 00:00 0 
7f3a40800000-7f3a40860000 rw-p 00000000 00:00 0 
7f3a40860000-7f3a40c00000 ---p 00000000 00:00 0 
7f3a40c10000-7f3a40c14000 r--p 00000000 00:1a 496510                     /usr/lib/jvm/java-16-openjdk-amd64/lib/libnet.so
7f3a40c14000-7f3a40c22000 r-xp 00004000 00:1a 496510                     /usr/lib/jvm/java-16-openjdk-amd64/lib/libnet.so
7f3a40c22000-7f3a40c26000 r--p 00012000 00:1a 496510                     /usr/lib/jvm/java-16-openjdk-amd64/lib/libnet.so
7f3a40c26000-7f3a40c27000 r--p 00015000 00:1a 496510                     /usr/lib/jvm/java-16-openjdk-amd64/lib/libnet.so
7f3a40c27000-7f3a40c28000 rw-p 00016000 00:1a 496510                     /usr/lib/jvm/java-16-openjdk-amd64/lib/libnet.so
7f3a40c28000-7f3a40c2e000 r--p 00000000 00:1a 496511                     /usr/lib/jvm/java-16-openjdk-amd64/lib/libnio.so
7f3a40c2e000-7f3a40c36000 r-xp 00006000 00:1a 496511                     /usr/lib/jvm/java-16-openjdk-amd64/lib/libnio.so
7f3a40c36000-7f3a40c3a000 r--p 0000e000 00:1a 496511                     /usr/lib/jvm/java-16-openjdk-amd64/lib/libnio.so
7f3a40c3a000-7f3a40c3b000 ---p 00012000 00:1a 496511                     /usr/lib/jvm/java-16-openjdk-amd64/lib/libnio.so
7f3a40c3b000-7f3a40c3c000 r--p 00012000 00:1a 496511                     /usr/lib/jvm/java-16-openjdk-amd64/lib/libnio.so
7f3a40c3c000-7f3a40c3d000 rw-p 00013000 00:1a 496511                     /usr/lib/jvm/java-16-openjdk-amd64/lib/libnio.so
7f3a40c3d000-7f3a40c92000 r--p 00000000 00:1a 1752131                    /usr/lib/locale/de_AT.utf8/LC_CTYPE
7f3a40c92000-7f3a40c93000 r--p 00000000 00:1a 1751585                    /usr/lib/locale/agr_PE/LC_NUMERIC
7f3a40c93000-7f3a40c94000 r--p 00000000 00:1a 1752181                    /usr/lib/locale/de_DE.utf8/LC_TIME
7f3a40c94000-7f3a40c95000 r--p 00000000 00:1a 1751616                    /usr/lib/locale/an_ES.utf8/LC_MONETARY
7f3a40c95000-7f3a40c96000 r--p 00000000 00:1a 1752133                    /usr/lib/locale/de_AT.utf8/LC_MESSAGES/SYS_LC_MESSAGES
7f3a40c96000-7f3a40c97000 r--p 00000000 00:1a 1751547                    /usr/lib/locale/aa_DJ.utf8/LC_PAPER
7f3a40c97000-7f3a40c98000 r--p 00000000 00:1a 1752135                    /usr/lib/locale/de_AT.utf8/LC_NAME
7f3a40c98000-7f3a40c99000 r--p 00000000 00:1a 1752178                    /usr/lib/locale/de_DE.utf8/LC_ADDRESS
7f3a40c99000-7f3a40c9a000 r--p 00000000 00:1a 1752180                    /usr/lib/locale/de_DE.utf8/LC_TELEPHONE
7f3a40c9a000-7f3a40c9b000 r--p 00000000 00:1a 1751542                    /usr/lib/locale/aa_DJ.utf8/LC_MEASUREMENT
7f3a40c9b000-7f3a40ca2000 r--s 00000000 00:1a 1494373                    /usr/lib/x86_64-linux-gnu/gconv/gconv-modules.cache
7f3a40ca2000-7f3a40ca3000 r--p 00000000 00:1a 1752179                    /usr/lib/locale/de_DE.utf8/LC_IDENTIFICATION
7f3a40ca3000-7f3a40ca4000 ---p 00000000 00:00 0 
7f3a40ca4000-7f3a40ec2000 rw-p 00000000 00:00 0 
7f3a40ec2000-7f3a40ec3000 ---p 00000000 00:00 0 
7f3a40ec3000-7f3a40fc4000 rw-p 00000000 00:00 0 
7f3a40fc4000-7f3a40fc5000 ---p 00000000 00:00 0 
7f3a40fc5000-7f3a414ca000 rw-p 00000000 00:00 0 
7f3a414ca000-7f3a414cb000 ---p 00000000 00:00 0 
7f3a414cb000-7f3a415cc000 rw-p 00000000 00:00 0 
7f3a415cc000-7f3a415cd000 ---p 00000000 00:00 0 
7f3a415cd000-7f3a416ce000 rw-p 00000000 00:00 0 
7f3a416ce000-7f3a416cf000 ---p 00000000 00:00 0 
7f3a416cf000-7f3a41850000 rw-p 00000000 00:00 0 
7f3a41850000-7f3a41be4000 ---p 00000000 00:00 0 
7f3a41be4000-7f3a41c23000 rw-p 00000000 00:00 0 
7f3a41c23000-7f3a41fb7000 ---p 00000000 00:00 0 
7f3a41fb7000-7f3a41ff6000 rw-p 00000000 00:00 0 
7f3a41ff6000-7f3a4238a000 ---p 00000000 00:00 0 
7f3a4238a000-7f3a42794000 rw-p 00000000 00:00 0 
7f3a42794000-7f3a4287a000 ---p 00000000 00:00 0 
7f3a4287a000-7f3a4287f000 rw-p 00000000 00:00 0 
7f3a4287f000-7f3a42965000 ---p 00000000 00:00 0 
7f3a42965000-7f3a4296a000 rw-p 00000000 00:00 0 
7f3a4296a000-7f3a42971000 ---p 00000000 00:00 0 
7f3a42971000-7f3a42973000 r--s 0000c000 00:1a 251728                     /usr/share/java/java-atk-wrapper.jar
7f3a42973000-7f3a4297f000 r--p 00000000 00:1a 496497                     /usr/lib/jvm/java-16-openjdk-amd64/lib/libjava.so
7f3a4297f000-7f3a42991000 r-xp 0000c000 00:1a 496497                     /usr/lib/jvm/java-16-openjdk-amd64/lib/libjava.so
7f3a42991000-7f3a42997000 r--p 0001e000 00:1a 496497                     /usr/lib/jvm/java-16-openjdk-amd64/lib/libjava.so
7f3a42997000-7f3a42998000 ---p 00024000 00:1a 496497                     /usr/lib/jvm/java-16-openjdk-amd64/lib/libjava.so
7f3a42998000-7f3a42999000 r--p 00024000 00:1a 496497                     /usr/lib/jvm/java-16-openjdk-amd64/lib/libjava.so
7f3a42999000-7f3a4299a000 rw-p 00025000 00:1a 496497                     /usr/lib/jvm/java-16-openjdk-amd64/lib/libjava.so
7f3a4299a000-7f3a4299b000 rw-p 00000000 00:00 0 
7f3a4299b000-7f3a4299f000 ---p 00000000 00:00 0 
7f3a4299f000-7f3a42a9c000 rw-p 00000000 00:00 0 
7f3a42a9c000-7f3a42a9f000 r--p 00000000 00:1a 1492919                    /usr/lib/x86_64-linux-gnu/libgcc_s.so.1
7f3a42a9f000-7f3a42ab1000 r-xp 00003000 00:1a 1492919                    /usr/lib/x86_64-linux-gnu/libgcc_s.so.1
7f3a42ab1000-7f3a42ab4000 r--p 00015000 00:1a 1492919                    /usr/lib/x86_64-linux-gnu/libgcc_s.so.1
7f3a42ab4000-7f3a42ab5000 r--p 00018000 00:1a 1492919                    /usr/lib/x86_64-linux-gnu/libgcc_s.so.1
7f3a42ab5000-7f3a42ab6000 rw-p 00019000 00:1a 1492919                    /usr/lib/x86_64-linux-gnu/libgcc_s.so.1
7f3a42ab6000-7f3a42ac5000 r--p 00000000 00:1a 1494110                    /usr/lib/x86_64-linux-gnu/libm-2.31.so
7f3a42ac5000-7f3a42b5f000 r-xp 0000f000 00:1a 1494110                    /usr/lib/x86_64-linux-gnu/libm-2.31.so
7f3a42b5f000-7f3a42bf8000 r--p 000a9000 00:1a 1494110                    /usr/lib/x86_64-linux-gnu/libm-2.31.so
7f3a42bf8000-7f3a42bf9000 r--p 00141000 00:1a 1494110                    /usr/lib/x86_64-linux-gnu/libm-2.31.so
7f3a42bf9000-7f3a42bfa000 rw-p 00142000 00:1a 1494110                    /usr/lib/x86_64-linux-gnu/libm-2.31.so
7f3a42bfa000-7f3a42c93000 r--p 00000000 00:1a 1492831                    /usr/lib/x86_64-linux-gnu/libstdc++.so.6.0.29
7f3a42c93000-7f3a42d88000 r-xp 00099000 00:1a 1492831                    /usr/lib/x86_64-linux-gnu/libstdc++.so.6.0.29
7f3a42d88000-7f3a42df4000 r--p 0018e000 00:1a 1492831                    /usr/lib/x86_64-linux-gnu/libstdc++.so.6.0.29
7f3a42df4000-7f3a42dff000 r--p 001fa000 00:1a 1492831                    /usr/lib/x86_64-linux-gnu/libstdc++.so.6.0.29
7f3a42dff000-7f3a42e02000 rw-p 00205000 00:1a 1492831                    /usr/lib/x86_64-linux-gnu/libstdc++.so.6.0.29
7f3a42e02000-7f3a42e05000 rw-p 00000000 00:00 0 
7f3a42e05000-7f3a43048000 r--p 00000000 00:1a 496524                     /usr/lib/jvm/java-16-openjdk-amd64/lib/server/libjvm.so
7f3a43048000-7f3a43d68000 r-xp 00243000 00:1a 496524                     /usr/lib/jvm/java-16-openjdk-amd64/lib/server/libjvm.so
7f3a43d68000-7f3a43fe9000 r--p 00f63000 00:1a 496524                     /usr/lib/jvm/java-16-openjdk-amd64/lib/server/libjvm.so
7f3a43fe9000-7f3a4409d000 r--p 011e3000 00:1a 496524                     /usr/lib/jvm/java-16-openjdk-amd64/lib/server/libjvm.so
7f3a4409d000-7f3a440d1000 rw-p 01297000 00:1a 496524                     /usr/lib/jvm/java-16-openjdk-amd64/lib/server/libjvm.so
7f3a440d1000-7f3a4412e000 rw-p 00000000 00:00 0 
7f3a4412e000-7f3a44135000 r--p 00000000 00:1a 1494119                    /usr/lib/x86_64-linux-gnu/libpthread-2.31.so
7f3a44135000-7f3a44145000 r-xp 00007000 00:1a 1494119                    /usr/lib/x86_64-linux-gnu/libpthread-2.31.so
7f3a44145000-7f3a4414a000 r--p 00017000 00:1a 1494119                    /usr/lib/x86_64-linux-gnu/libpthread-2.31.so
7f3a4414a000-7f3a4414b000 r--p 0001b000 00:1a 1494119                    /usr/lib/x86_64-linux-gnu/libpthread-2.31.so
7f3a4414b000-7f3a4414c000 rw-p 0001c000 00:1a 1494119                    /usr/lib/x86_64-linux-gnu/libpthread-2.31.so
7f3a4414c000-7f3a44150000 rw-p 00000000 00:00 0 
7f3a44150000-7f3a44151000 r--p 00000000 00:1a 1494109                    /usr/lib/x86_64-linux-gnu/libdl-2.31.so
7f3a44151000-7f3a44153000 r-xp 00001000 00:1a 1494109                    /usr/lib/x86_64-linux-gnu/libdl-2.31.so
7f3a44153000-7f3a44154000 r--p 00003000 00:1a 1494109                    /usr/lib/x86_64-linux-gnu/libdl-2.31.so
7f3a44154000-7f3a44155000 r--p 00003000 00:1a 1494109                    /usr/lib/x86_64-linux-gnu/libdl-2.31.so
7f3a44155000-7f3a44156000 rw-p 00004000 00:1a 1494109                    /usr/lib/x86_64-linux-gnu/libdl-2.31.so
7f3a44156000-7f3a44159000 r--p 00000000 00:1a 1657974                    /usr/lib/x86_64-linux-gnu/libz.so.1.2.11
7f3a44159000-7f3a4416a000 r-xp 00003000 00:1a 1657974                    /usr/lib/x86_64-linux-gnu/libz.so.1.2.11
7f3a4416a000-7f3a44170000 r--p 00014000 00:1a 1657974                    /usr/lib/x86_64-linux-gnu/libz.so.1.2.11
7f3a44170000-7f3a44171000 ---p 0001a000 00:1a 1657974                    /usr/lib/x86_64-linux-gnu/libz.so.1.2.11
7f3a44171000-7f3a44172000 r--p 0001a000 00:1a 1657974                    /usr/lib/x86_64-linux-gnu/libz.so.1.2.11
7f3a44172000-7f3a44173000 rw-p 0001b000 00:1a 1657974                    /usr/lib/x86_64-linux-gnu/libz.so.1.2.11
7f3a44173000-7f3a44198000 r--p 00000000 00:1a 1494108                    /usr/lib/x86_64-linux-gnu/libc-2.31.so
7f3a44198000-7f3a442e3000 r-xp 00025000 00:1a 1494108                    /usr/lib/x86_64-linux-gnu/libc-2.31.so
7f3a442e3000-7f3a4432d000 r--p 00170000 00:1a 1494108                    /usr/lib/x86_64-linux-gnu/libc-2.31.so
7f3a4432d000-7f3a4432e000 ---p 001ba000 00:1a 1494108                    /usr/lib/x86_64-linux-gnu/libc-2.31.so
7f3a4432e000-7f3a44331000 r--p 001ba000 00:1a 1494108                    /usr/lib/x86_64-linux-gnu/libc-2.31.so
7f3a44331000-7f3a44334000 rw-p 001bd000 00:1a 1494108                    /usr/lib/x86_64-linux-gnu/libc-2.31.so
7f3a44334000-7f3a44338000 rw-p 00000000 00:00 0 
7f3a44338000-7f3a4433a000 r--p 00000000 00:1a 496517                     /usr/lib/jvm/java-16-openjdk-amd64/lib/libzip.so
7f3a4433a000-7f3a4433e000 r-xp 00002000 00:1a 496517                     /usr/lib/jvm/java-16-openjdk-amd64/lib/libzip.so
7f3a4433e000-7f3a44340000 r--p 00006000 00:1a 496517                     /usr/lib/jvm/java-16-openjdk-amd64/lib/libzip.so
7f3a44340000-7f3a44341000 r--p 00007000 00:1a 496517                     /usr/lib/jvm/java-16-openjdk-amd64/lib/libzip.so
7f3a44341000-7f3a44342000 rw-p 00008000 00:1a 496517                     /usr/lib/jvm/java-16-openjdk-amd64/lib/libzip.so
7f3a44342000-7f3a4434a000 rw-s 00000000 00:1a 2280443                    /tmp/hsperfdata_laurin/9684
7f3a4434a000-7f3a4434d000 r--p 00000000 00:1a 1494116                    /usr/lib/x86_64-linux-gnu/libnss_files-2.31.so
7f3a4434d000-7f3a44354000 r-xp 00003000 00:1a 1494116                    /usr/lib/x86_64-linux-gnu/libnss_files-2.31.so
7f3a44354000-7f3a44356000 r--p 0000a000 00:1a 1494116                    /usr/lib/x86_64-linux-gnu/libnss_files-2.31.so
7f3a44356000-7f3a44357000 r--p 0000b000 00:1a 1494116                    /usr/lib/x86_64-linux-gnu/libnss_files-2.31.so
7f3a44357000-7f3a44358000 rw-p 0000c000 00:1a 1494116                    /usr/lib/x86_64-linux-gnu/libnss_files-2.31.so
7f3a44358000-7f3a4435e000 rw-p 00000000 00:00 0 
7f3a4435e000-7f3a4435f000 ---p 00000000 00:00 0 
7f3a4435f000-7f3a44360000 r--p 00000000 00:00 0 
7f3a44360000-7f3a44362000 r--p 00000000 00:1a 496501                     /usr/lib/jvm/java-16-openjdk-amd64/lib/libjimage.so
7f3a44362000-7f3a44365000 r-xp 00002000 00:1a 496501                     /usr/lib/jvm/java-16-openjdk-amd64/lib/libjimage.so
7f3a44365000-7f3a44366000 r--p 00005000 00:1a 496501                     /usr/lib/jvm/java-16-openjdk-amd64/lib/libjimage.so
7f3a44366000-7f3a44367000 ---p 00006000 00:1a 496501                     /usr/lib/jvm/java-16-openjdk-amd64/lib/libjimage.so
7f3a44367000-7f3a44368000 r--p 00006000 00:1a 496501                     /usr/lib/jvm/java-16-openjdk-amd64/lib/libjimage.so
7f3a44368000-7f3a44369000 rw-p 00007000 00:1a 496501                     /usr/lib/jvm/java-16-openjdk-amd64/lib/libjimage.so
7f3a44369000-7f3a4436b000 r--p 00000000 00:1a 496502                     /usr/lib/jvm/java-16-openjdk-amd64/lib/libjli.so
7f3a4436b000-7f3a44375000 r-xp 00002000 00:1a 496502                     /usr/lib/jvm/java-16-openjdk-amd64/lib/libjli.so
7f3a44375000-7f3a44378000 r--p 0000c000 00:1a 496502                     /usr/lib/jvm/java-16-openjdk-amd64/lib/libjli.so
7f3a44378000-7f3a44379000 ---p 0000f000 00:1a 496502                     /usr/lib/jvm/java-16-openjdk-amd64/lib/libjli.so
7f3a44379000-7f3a4437a000 r--p 0000f000 00:1a 496502                     /usr/lib/jvm/java-16-openjdk-amd64/lib/libjli.so
7f3a4437a000-7f3a4437b000 rw-p 00010000 00:1a 496502                     /usr/lib/jvm/java-16-openjdk-amd64/lib/libjli.so
7f3a4437b000-7f3a4437d000 rw-p 00000000 00:00 0 
7f3a4437d000-7f3a4437e000 r--p 00000000 00:1a 1494104                    /usr/lib/x86_64-linux-gnu/ld-2.31.so
7f3a4437e000-7f3a4439e000 r-xp 00001000 00:1a 1494104                    /usr/lib/x86_64-linux-gnu/ld-2.31.so
7f3a4439e000-7f3a443a6000 r--p 00021000 00:1a 1494104                    /usr/lib/x86_64-linux-gnu/ld-2.31.so
7f3a443a6000-7f3a443a7000 ---p 00000000 00:00 0 
7f3a443a7000-7f3a443a8000 r--p 00029000 00:1a 1494104                    /usr/lib/x86_64-linux-gnu/ld-2.31.so
7f3a443a8000-7f3a443a9000 rw-p 0002a000 00:1a 1494104                    /usr/lib/x86_64-linux-gnu/ld-2.31.so
7f3a443a9000-7f3a443aa000 rw-p 00000000 00:00 0 
7ffef21d0000-7ffef21f2000 rw-p 00000000 00:00 0                          [stack]
7ffef21f3000-7ffef21f7000 r--p 00000000 00:00 0                          [vvar]
7ffef21f7000-7ffef21f9000 r-xp 00000000 00:00 0                          [vdso]


VM Arguments:
jvm_args: -Dfile.encoding=UTF-8 --module-path=/home/laurin/.p2/pool/plugins/junit-jupiter-api_5.9.0.jar:/home/laurin/.p2/pool/plugins/junit-jupiter-engine_5.9.0.jar:/home/laurin/.p2/pool/plugins/junit-jupiter-migrationsupport_5.9.0.jar:/home/laurin/.p2/pool/plugins/junit-jupiter-params_5.9.0.jar:/home/laurin/.p2/pool/plugins/junit-platform-commons_1.9.0.jar:/home/laurin/.p2/pool/plugins/junit-platform-engine_1.9.0.jar:/home/laurin/.p2/pool/plugins/junit-platform-launcher_1.9.0.jar:/home/laurin/.p2/pool/plugins/junit-platform-runner_1.9.0.jar:/home/laurin/.p2/pool/plugins/junit-platform-suite-api_1.9.0.jar:/home/laurin/.p2/pool/plugins/junit-platform-suite-engine_1.9.0.jar:/home/laurin/.p2/pool/plugins/junit-platform-suite-commons_1.9.0.jar:/home/laurin/.p2/pool/plugins/junit-vintage-engine_5.9.0.jar:/home/laurin/.p2/pool/plugins/org.opentest4j_1.2.0.jar:/home/laurin/.p2/pool/plugins/org.apiguardian.api_1.1.2.jar:/home/laurin/.p2/pool/plugins/org.junit_4.13.2.v20211018-1956.jar:/home/laurin/.p2/pool/plugins/org.hamcrest.core_1.3.0.v20180420-1519.jar -XX:+ShowCodeDetailsInExceptionMessages 
java_command: main.java.gui.Engine_Main
java_class_path (initial): /media/laurin/Laurin Festplatte/Programmieren/Java/3D-Workbench/LWJGL_GameEngine/target/classes:/media/laurin/Laurin Festplatte/Programmieren/Java/3D-Workbench/LWJGL_GameEngine/lib/lwjgl/lwjgl.jar:/media/laurin/Laurin Festplatte/Programmieren/Java/3D-Workbench/LWJGL_GameEngine/lib/lwjgl/lwjgl-glfw.jar:/media/laurin/Laurin Festplatte/Programmieren/Java/3D-Workbench/LWJGL_GameEngine/lib/lwjgl/lwjgl-glfw-javadoc.jar:/media/laurin/Laurin Festplatte/Programmieren/Java/3D-Workbench/LWJGL_GameEngine/lib/lwjgl/lwjgl-glfw-natives-linux.jar:/media/laurin/Laurin Festplatte/Programmieren/Java/3D-Workbench/LWJGL_GameEngine/lib/lwjgl/lwjgl-glfw-sources.jar:/media/laurin/Laurin Festplatte/Programmieren/Java/3D-Workbench/LWJGL_GameEngine/lib/lwjgl/lwjgl-javadoc.jar:/media/laurin/Laurin Festplatte/Programmieren/Java/3D-Workbench/LWJGL_GameEngine/lib/lwjgl/lwjgl-opengl.jar:/media/laurin/Laurin Festplatte/Programmieren/Java/3D-Workbench/LWJGL_GameEngine/lib/lwjgl/lwjgl-opengles.jar:/media/laurin/Laurin Festplatte/Programmieren/Java/3D-Workbench/LWJGL_GameEngine/lib/lwjgl/lwjgl-opengles-javadoc.jar:/media/laurin/Laurin Festplatte/Programmieren/Java/3D-Workbench/LWJGL_GameEngine/lib/lwjgl/lwjgl-opengles-natives-linux.jar:/media/laurin/Laurin Festplatte/Programmieren/Java/3D-Workbench/LWJGL_GameEngine/lib/lwjgl/lwjgl-opengles-sources.jar:/media/laurin/Laurin Festplatte/Programmieren/Java/3D-Workbench/LWJGL_GameEngine/lib/lwjgl/lwjgl-opengl-javadoc.jar:/media/laurin/Laurin Festplatte/Programmieren/Java/3D-Workbench/LWJGL_GameEngine/lib/lwjgl/lwjgl-opengl-natives-linux.jar:/media/laurin/Laurin Festplatte/Programmieren/Java/3D-Workbench/LWJGL_GameEngine/lib/lwjgl/lwjgl-opengl-sources.jar:/media/laurin/Laurin Festplatte/Programmieren/Java/3D-Workbench/LWJGL_GameEngine/lib/lwjgl/lwjgl-natives-linux.jar:/media/laurin/Laurin Festplatte/Programmieren/Java/3D-Workbench/LWJGL_GameEngine/lib/lwjgl/lwjgl-stb.jar:/media/laurin/Laurin Festplatte/Programmieren/Java/3D-Workb
Launcher Type: SUN_STANDARD

[Global flags]
     intx CICompilerCount                          = 3                                         {product} {ergonomic}
     uint ConcGCThreads                            = 1                                         {product} {ergonomic}
     uint G1ConcRefinementThreads                  = 4                                         {product} {ergonomic}
   size_t G1HeapRegionSize                         = 1048576                                   {product} {ergonomic}
    uintx GCDrainStackTargetSize                   = 64                                        {product} {ergonomic}
   size_t InitialHeapSize                          = 130023424                                 {product} {ergonomic}
   size_t MarkStackSize                            = 4194304                                   {product} {ergonomic}
   size_t MaxHeapSize                              = 2053111808                                {product} {ergonomic}
   size_t MaxNewSize                               = 1231028224                                {product} {ergonomic}
   size_t MinHeapDeltaBytes                        = 1048576                                   {product} {ergonomic}
   size_t MinHeapSize                              = 8388608                                   {product} {ergonomic}
    uintx NonNMethodCodeHeapSize                   = 5832780                                {pd product} {ergonomic}
    uintx NonProfiledCodeHeapSize                  = 122912730                              {pd product} {ergonomic}
    uintx ProfiledCodeHeapSize                     = 122912730                              {pd product} {ergonomic}
    uintx ReservedCodeCacheSize                    = 251658240                              {pd product} {ergonomic}
     bool SegmentedCodeCache                       = true                                      {product} {ergonomic}
     bool ShowCodeDetailsInExceptionMessages       = true                                   {manageable} {command line}
   size_t SoftMaxHeapSize                          = 2053111808                             {manageable} {ergonomic}
     bool UseCompressedClassPointers               = true                           {product lp64_product} {ergonomic}
     bool UseCompressedOops                        = true                           {product lp64_product} {ergonomic}
     bool UseG1GC                                  = true                                      {product} {ergonomic}

Logging:
Log output configuration:
 #0: stdout all=warning uptime,level,tags
 #1: stderr all=off uptime,level,tags

Environment Variables:
PATH=/usr/local/bin:/usr/bin:/bin:/usr/local/games:/usr/games
SHELL=/bin/bash
DISPLAY=:0
LANG=de_DE.UTF-8

Signal Handlers:
SIGSEGV: [libjvm.so+0xee92f0], sa_mask[0]=11100100010111111101111111111110, sa_flags=SA_RESTART|SA_SIGINFO
SIGBUS: [libjvm.so+0xee92f0], sa_mask[0]=11100100010111111101111111111110, sa_flags=SA_RESTART|SA_SIGINFO
SIGFPE: [libjvm.so+0xee92f0], sa_mask[0]=11100100010111111101111111111110, sa_flags=SA_RESTART|SA_SIGINFO
SIGPIPE: [libjvm.so+0xd8fe40], sa_mask[0]=11100100010111111101111111111110, sa_flags=SA_RESTART|SA_SIGINFO
SIGXFSZ: [libjvm.so+0xd8fe40], sa_mask[0]=11100100010111111101111111111110, sa_flags=SA_RESTART|SA_SIGINFO
SIGILL: [libjvm.so+0xee92f0], sa_mask[0]=11100100010111111101111111111110, sa_flags=SA_RESTART|SA_SIGINFO
SIGUSR2: [libjvm.so+0xd8f530], sa_mask[0]=00100000000000000000000000000000, sa_flags=SA_RESTART|SA_SIGINFO
SIGHUP: [libjvm.so+0xd8f460], sa_mask[0]=11100100010111111101111111111110, sa_flags=SA_RESTART|SA_SIGINFO
SIGINT: [libjvm.so+0xd8f460], sa_mask[0]=11100100010111111101111111111110, sa_flags=SA_RESTART|SA_SIGINFO
SIGTERM: [libjvm.so+0xd8f460], sa_mask[0]=11100100010111111101111111111110, sa_flags=SA_RESTART|SA_SIGINFO
SIGQUIT: [libjvm.so+0xd8f460], sa_mask[0]=11100100010111111101111111111110, sa_flags=SA_RESTART|SA_SIGINFO
SIGTRAP: [libjvm.so+0xee92f0], sa_mask[0]=11100100010111111101111111111110, sa_flags=SA_RESTART|SA_SIGINFO


---------------  S Y S T E M  ---------------

OS:
PRETTY_NAME="Parrot OS 5.1 (Electro Ara)"
NAME="Parrot OS"
VERSION_ID="5.1"
VERSION="5.1 (Electro Ara)"
VERSION_CODENAME=ara
ID=parrot
ID_LIKE=debian
HOME_URL="https://www.parrotsec.org/"
SUPPORT_URL="https://community.parrotsec.org/"
BUG_REPORT_URL="https://community.parrotsec.org/"
uname: Linux 5.18.0-14parrot1-amd64 #1 SMP PREEMPT_DYNAMIC Debian 5.18.14-1parrot1 (2022-08-07) x86_64
OS uptime: 0 days 2:37 hours
libc: glibc 2.31 NPTL 2.31 
rlimit (soft/hard): STACK 8192k/infinity , CORE 0k/infinity , NPROC 30897/30897 , NOFILE 1048576/1048576 , AS infinity/infinity , CPU infinity/infinity , DATA infinity/infinity , FSIZE infinity/infinity , MEMLOCK 1002281k/1002281k
load average: 4,25 1,71 0,92

/proc/meminfo:
MemTotal:        8018248 kB
MemFree:          340260 kB
MemAvailable:    2814948 kB
Buffers:           95060 kB
Cached:          2945064 kB
SwapCached:            0 kB
Active:           977328 kB
Inactive:        5025264 kB
Active(anon):      10260 kB
Inactive(anon):  3665572 kB
Active(file):     967068 kB
Inactive(file):  1359692 kB
Unevictable:      708472 kB
Mlocked:             176 kB
SwapTotal:             0 kB
SwapFree:              0 kB
Dirty:              3416 kB
Writeback:             0 kB
AnonPages:       3602684 kB
Mapped:           688920 kB
Shmem:            753156 kB
KReclaimable:     476640 kB
Slab:             765332 kB
SReclaimable:     476640 kB
SUnreclaim:       288692 kB
KernelStack:       22096 kB
PageTables:        54016 kB
NFS_Unstable:          0 kB
Bounce:                0 kB
WritebackTmp:          0 kB
CommitLimit:     4009124 kB
Committed_AS:   12693640 kB
VmallocTotal:   34359738367 kB
VmallocUsed:       67548 kB
VmallocChunk:          0 kB
Percpu:             4144 kB
HardwareCorrupted:     0 kB
AnonHugePages:    679936 kB
ShmemHugePages:   522240 kB
ShmemPmdMapped:        0 kB
FileHugePages:         0 kB
FilePmdMapped:         0 kB
HugePages_Total:       0
HugePages_Free:        0
HugePages_Rsvd:        0
HugePages_Surp:        0
Hugepagesize:       2048 kB
Hugetlb:               0 kB
DirectMap4k:      266228 kB
DirectMap2M:     7995392 kB
DirectMap1G:           0 kB

/sys/kernel/mm/transparent_hugepage/enabled: [always] madvise never
/sys/kernel/mm/transparent_hugepage/defrag (defrag/compaction efforts parameter): always defer defer+madvise [madvise] never

Process Memory:
Virtual Size: 4879188K (peak: 4879188K)
Resident Set Size: 49812K (peak: 49812K) (anon: 21112K, file: 28700K, shmem: 0K)
Swapped out: 0K
C-Heap outstanding allocations: 5333K

/proc/sys/kernel/threads-max (system-wide limit on the number of threads): 61795
/proc/sys/vm/max_map_count (maximum number of memory map areas a process may have): 65530
/proc/sys/kernel/pid_max (system-wide limit on number of process identifiers): 4194304

container (cgroup) information:
container_type: cgroupv2
cpu_cpuset_cpus: not supported
cpu_memory_nodes: not supported
active_processor_count: 4
cpu_quota: not supported
cpu_period: not supported
cpu_shares: not supported
memory_limit_in_bytes: unlimited
memory_and_swap_limit_in_bytes: unlimited
memory_soft_limit_in_bytes: unlimited
memory_usage_in_bytes: 2320011264
memory_max_usage_in_bytes: not supported

Steal ticks since vm start: 0
Steal ticks percentage since vm start:  0,000

CPU: total 4 (initial active 4) (2 cores per cpu, 2 threads per core) family 6 model 142 stepping 9 microcode 0xf0, cx8, cmov, fxsr, ht, mmx, 3dnowpref, sse, sse2, sse3, ssse3, sse4.1, sse4.2, popcnt, lzcnt, tsc, tscinvbit, avx, avx2, aes, erms, clmul, bmi1, bmi2, adx, fma, vzeroupper, clflush, clflushopt
CPU Model and flags from /proc/cpuinfo:
model name	: Intel(R) Core(TM) i3-7020U CPU @ 2.30GHz
flags		: fpu vme de pse tsc msr pae mce cx8 apic sep mtrr pge mca cmov pat pse36 clflush dts acpi mmx fxsr sse sse2 ss ht tm pbe syscall nx pdpe1gb rdtscp lm constant_tsc art arch_perfmon pebs bts rep_good nopl xtopology nonstop_tsc cpuid aperfmperf pni pclmulqdq dtes64 monitor ds_cpl vmx est tm2 ssse3 sdbg fma cx16 xtpr pdcm pcid sse4_1 sse4_2 x2apic movbe popcnt tsc_deadline_timer aes xsave avx f16c rdrand lahf_lm abm 3dnowprefetch cpuid_fault epb invpcid_single pti ssbd ibrs ibpb stibp tpr_shadow vnmi flexpriority ept vpid ept_ad fsgsbase tsc_adjust bmi1 avx2 smep bmi2 erms invpcid mpx rdseed adx smap clflushopt intel_pt xsaveopt xsavec xgetbv1 xsaves dtherm arat pln pts hwp hwp_notify hwp_act_window hwp_epp md_clear flush_l1d arch_capabilities

Online cpus: 0-3
Offline cpus: 
BIOS frequency limitation: <Not Available>
Frequency switch latency (ns): 0
Available cpu frequencies: <Not Available>
Current governor: powersave
Core performance/turbo boost: <Not Available>

Memory: 4k page, physical 8018248k(341268k free), swap 0k(0k free)

vm_info: OpenJDK 64-Bit Server VM (16-ea+35-Debian-1) for linux-amd64 JRE (16-ea+35-Debian-1), built on Feb  5 2021 13:38:50 by "unknown" with gcc 10.2.1 20210110

END.
