#
# A fatal error has been detected by the Java Runtime Environment:
#
#  SIGSEGV (0xb) at pc=0x00007f8a24657f1b, pid=13441, tid=13443
#
# JRE version: OpenJDK Runtime Environment (16.0+35) (build 16-ea+35-Debian-1)
# Java VM: OpenJDK 64-Bit Server VM (16-ea+35-Debian-1, mixed mode, sharing, tiered, compressed oops, g1 gc, linux-amd64)
# Problematic frame:
# C  [liblwjgl_stb.so+0xdf1b]
#
# No core dump will be written. Core dumps have been disabled. To enable core dumping, try "ulimit -c unlimited" before starting Java again
#
# If you would like to submit a bug report, please visit:
#   https://bugs.debian.org/openjdk-16
# The crash happened outside the Java Virtual Machine in native code.
# See problematic frame for where to report the bug.
#

---------------  S U M M A R Y ------------

Command Line: -Dfile.encoding=UTF-8 -XX:+ShowCodeDetailsInExceptionMessages resources.ResourceLoader

Host: Intel(R) Core(TM) i3-7020U CPU @ 2.30GHz, 4 cores, 7G, Parrot OS 5.0 (Electro Ara)
Time: Fri Jul 15 10:19:34 2022 CEST elapsed time: 0.413897 seconds (0d 0h 0m 0s)

---------------  T H R E A D  ---------------

Current thread (0x00007f8a50011200):  JavaThread "main" [_thread_in_native, id=13443, stack(0x00007f8a55856000,0x00007f8a55957000)]

Stack: [0x00007f8a55856000,0x00007f8a55957000],  sp=0x00007f8a55955638,  free space=1021k
Native frames: (J=compiled Java code, A=aot compiled Java code, j=interpreted, Vv=VM code, C=native code)
C  [liblwjgl_stb.so+0xdf1b]

Java frames: (J=compiled Java code, j=interpreted, Vv=VM code)
j  org.lwjgl.stb.STBImage.nstbi_info_from_memory(JIJJJ)I+0
j  org.lwjgl.stb.STBImage.stbi_info_from_memory(Ljava/nio/ByteBuffer;Ljava/nio/IntBuffer;Ljava/nio/IntBuffer;Ljava/nio/IntBuffer;)Z+41
j  resources.ResourceLoader.main([Ljava/lang/String;)V+46
v  ~StubRoutines::call_stub

siginfo: si_signo: 11 (SIGSEGV), si_code: 1 (SEGV_MAPERR), si_addr: 0x0000000000000010

Register to memory mapping:

RAX=0x0000000000000010 is an unknown value
RBX=0x0000000000000002 is an unknown value
RCX=0x00007f8a502b3450 points into unknown readable memory: 0x0000000000000000 | 00 00 00 00 00 00 00 00
RDX=0x0000000000000011 is an unknown value
RSP=0x00007f8a55955638 is pointing into the stack for thread: 0x00007f8a50011200
RBP=0x00007f8a502aebd0 points into unknown readable memory: 0x00007f8a55955720 | 20 57 95 55 8a 7f 00 00
RSI=0x0000000000000002 is an unknown value
RDI=0x00007f8a55955720 is pointing into the stack for thread: 0x00007f8a50011200
R8 =0x00007f8a502aebd0 points into unknown readable memory: 0x00007f8a55955720 | 20 57 95 55 8a 7f 00 00
R9 =0x00000000002af000 is an unknown value
R10=0x00000000000048b0 is an unknown value
R11=0x0000000000000206 is an unknown value
R12=0x00007f8a502950f8 points into unknown readable memory: 0x0000000000000000 | 00 00 00 00 00 00 00 00
R13=0x00007f8a502950f4 points into unknown readable memory: 00 00 00 00
R14=0x00007f8a502aebd0 points into unknown readable memory: 0x00007f8a55955720 | 20 57 95 55 8a 7f 00 00
R15=0x00007f8a50011200 is a thread


Registers:
RAX=0x0000000000000010, RBX=0x0000000000000002, RCX=0x00007f8a502b3450, RDX=0x0000000000000011
RSP=0x00007f8a55955638, RBP=0x00007f8a502aebd0, RSI=0x0000000000000002, RDI=0x00007f8a55955720
R8 =0x00007f8a502aebd0, R9 =0x00000000002af000, R10=0x00000000000048b0, R11=0x0000000000000206
R12=0x00007f8a502950f8, R13=0x00007f8a502950f4, R14=0x00007f8a502aebd0, R15=0x00007f8a50011200
RIP=0x00007f8a24657f1b, EFLAGS=0x0000000000010293, CSGSFS=0x002b000000000033, ERR=0x0000000000000004
  TRAPNO=0x000000000000000e

Top of Stack: (sp=0x00007f8a55955638)
0x00007f8a55955638:   00007f8a2465b2f3 0000000000004888
0x00007f8a55955648:   00007f8a50000020 00007f8a502950f4
0x00007f8a55955658:   00007f8a55955720 00007f8a502950fc
0x00007f8a55955668:   00007f8a502950f8 00007f8a502950f4 

Instructions: (pc=0x00007f8a24657f1b)
0x00007f8a24657e1b:   00 00 00 00 00 53 48 63 f6 48 89 fb ba 01 00 00
0x00007f8a24657e2b:   00 e8 2f 87 ff ff 48 89 df e8 27 86 ff ff 83 f8
0x00007f8a24657e3b:   ff 74 12 48 89 de 89 c7 5b e9 07 87 ff ff 0f 1f
0x00007f8a24657e4b:   80 00 00 00 00 5b c3 0f 1f 40 00 66 2e 0f 1f 84
0x00007f8a24657e5b:   00 00 00 00 00 48 83 ec 08 48 89 f9 48 63 d2 48
0x00007f8a24657e6b:   89 f7 be 01 00 00 00 e8 59 85 ff ff 48 83 c4 08
0x00007f8a24657e7b:   c3 0f 1f 40 00 55 48 8d 6f 38 53 48 89 fb 48 83
0x00007f8a24657e8b:   ec 08 48 89 ee 8b 57 34 48 8b 7f 28 ff 53 10 48
0x00007f8a24657e9b:   8b 93 c0 00 00 00 48 2b 93 d0 00 00 00 01 93 b8
0x00007f8a24657eab:   00 00 00 85 c0 74 1e 48 98 48 01 e8 48 89 ab c0
0x00007f8a24657ebb:   00 00 00 48 89 83 c8 00 00 00 48 83 c4 08 5b 5d
0x00007f8a24657ecb:   c3 0f 1f 40 00 c7 43 30 00 00 00 00 48 8d 43 39
0x00007f8a24657edb:   c6 43 38 00 eb d6 0f 1f 44 00 00 66 2e 0f 1f 84
0x00007f8a24657eeb:   00 00 00 00 00 48 8b 87 c0 00 00 00 48 3b 87 c8
0x00007f8a24657efb:   00 00 00 72 10 8b 57 30 31 c0 85 d2 75 17 f3 c3
0x00007f8a24657f0b:   0f 1f 44 00 00 48 8d 50 01 48 89 97 c0 00 00 00
0x00007f8a24657f1b:   0f b6 00 c3 90 53 48 89 fb e8 57 ff ff ff 48 8b
0x00007f8a24657f2b:   83 c0 00 00 00 48 8d 50 01 48 89 93 c0 00 00 00
0x00007f8a24657f3b:   0f b6 00 5b c3 41 56 41 55 49 89 f6 41 54 55 49
0x00007f8a24657f4b:   89 d4 53 48 89 cd 48 89 fb 48 83 ec 10 f3 0f 6f
0x00007f8a24657f5b:   87 d0 00 00 00 64 48 8b 04 25 28 00 00 00 48 89
0x00007f8a24657f6b:   44 24 08 31 c0 48 8d 44 24 04 48 85 f6 0f 11 87
0x00007f8a24657f7b:   c0 00 00 00 4c 0f 44 f0 48 85 d2 4c 0f 44 e0 48
0x00007f8a24657f8b:   85 c9 48 0f 44 e8 e8 5a ff ff ff 48 89 df 41 89
0x00007f8a24657f9b:   c5 e8 4f ff ff ff 41 80 fd 50 74 39 f3 0f 6f 83
0x00007f8a24657fab:   d0 00 00 00 31 c0 0f 11 83 c0 00 00 00 48 8b 74
0x00007f8a24657fbb:   24 08 64 48 33 34 25 28 00 00 00 0f 85 b5 02 00
0x00007f8a24657fcb:   00 48 83 c4 10 5b 5d 41 5c 41 5d 41 5e c3 0f 1f
0x00007f8a24657fdb:   80 00 00 00 00 8d 50 cb 80 fa 01 77 bf 3c 36 4c
0x00007f8a24657feb:   8d 6c 24 03 48 89 df 0f 94 c0 0f b6 c0 8d 44 00
0x00007f8a24657ffb:   01 89 45 00 31 ed e8 ea fe ff ff 4c 89 ee 48 89
0x00007f8a2465800b:   df 88 44 24 03 e8 9b 92 ff ff eb 51 66 0f 1f 84 


Stack slot to memory mapping:
stack at sp + 0 slots: 0x00007f8a2465b2f3: <offset 0x00000000000112f3> in /tmp/lwjgllaurin/3.3.1-build-7/liblwjgl_stb.so at 0x00007f8a2464a000
stack at sp + 1 slots: 0x0000000000004888 is an unknown value
stack at sp + 2 slots: 0x00007f8a50000020 points into unknown readable memory: 0x0000000200000000 | 00 00 00 00 02 00 00 00
stack at sp + 3 slots: 0x00007f8a502950f4 points into unknown readable memory: 00 00 00 00
stack at sp + 4 slots: 0x00007f8a55955720 is pointing into the stack for thread: 0x00007f8a50011200
stack at sp + 5 slots: 0x00007f8a502950fc points into unknown readable memory: 00 00 00 00
stack at sp + 6 slots: 0x00007f8a502950f8 points into unknown readable memory: 0x0000000000000000 | 00 00 00 00 00 00 00 00
stack at sp + 7 slots: 0x00007f8a502950f4 points into unknown readable memory: 00 00 00 00


---------------  P R O C E S S  ---------------

Threads class SMR info:
_java_thread_list=0x00007f8a50121260, length=11, elements={
0x00007f8a50011200, 0x00007f8a50101c40, 0x00007f8a501031c0, 0x00007f8a5010b840,
0x00007f8a5010cd90, 0x00007f8a5010e2b0, 0x00007f8a5010fd90, 0x00007f8a501113f0,
0x00007f8a50112990, 0x00007f8a5011c0b0, 0x00007f8a50120160
}

Java Threads: ( => current thread )
=>0x00007f8a50011200 JavaThread "main" [_thread_in_native, id=13443, stack(0x00007f8a55856000,0x00007f8a55957000)]
  0x00007f8a50101c40 JavaThread "Reference Handler" daemon [_thread_blocked, id=13453, stack(0x00007f8a34051000,0x00007f8a34152000)]
  0x00007f8a501031c0 JavaThread "Finalizer" daemon [_thread_blocked, id=13454, stack(0x00007f8a256ff000,0x00007f8a25800000)]
  0x00007f8a5010b840 JavaThread "Signal Dispatcher" daemon [_thread_blocked, id=13455, stack(0x00007f8a25331000,0x00007f8a25432000)]
  0x00007f8a5010cd90 JavaThread "Service Thread" daemon [_thread_blocked, id=13456, stack(0x00007f8a25230000,0x00007f8a25331000)]
  0x00007f8a5010e2b0 JavaThread "Monitor Deflation Thread" daemon [_thread_blocked, id=13457, stack(0x00007f8a2512f000,0x00007f8a25230000)]
  0x00007f8a5010fd90 JavaThread "C2 CompilerThread0" daemon [_thread_blocked, id=13458, stack(0x00007f8a2502e000,0x00007f8a2512f000)]
  0x00007f8a501113f0 JavaThread "C1 CompilerThread0" daemon [_thread_blocked, id=13459, stack(0x00007f8a24f2d000,0x00007f8a2502e000)]
  0x00007f8a50112990 JavaThread "Sweeper thread" daemon [_thread_blocked, id=13460, stack(0x00007f8a24e2c000,0x00007f8a24f2d000)]
  0x00007f8a5011c0b0 JavaThread "Notification Thread" daemon [_thread_blocked, id=13461, stack(0x00007f8a24d2b000,0x00007f8a24e2c000)]
  0x00007f8a50120160 JavaThread "Common-Cleaner" daemon [_thread_blocked, id=13463, stack(0x00007f8a24b28000,0x00007f8a24c29000)]

Other Threads:
  0x00007f8a500ff680 VMThread "VM Thread" [stack: 0x00007f8a34154000,0x00007f8a34254000] [id=13452]
  0x00007f8a5011db80 WatcherThread [stack: 0x00007f8a24c2b000,0x00007f8a24d2b000] [id=13462]
  0x00007f8a50050460 GCTaskThread "GC Thread#0" [stack: 0x00007f8a5458b000,0x00007f8a5468b000] [id=13446]
  0x00007f8a50060ff0 ConcurrentGCThread "G1 Main Marker" [stack: 0x00007f8a54489000,0x00007f8a54589000] [id=13447]
  0x00007f8a50062080 ConcurrentGCThread "G1 Conc#0" [stack: 0x00007f8a54387000,0x00007f8a54487000] [id=13448]
  0x00007f8a500c7820 ConcurrentGCThread "G1 Refine#0" [stack: 0x00007f8a34434000,0x00007f8a34534000] [id=13450]
  0x00007f8a500c8840 ConcurrentGCThread "G1 Service" [stack: 0x00007f8a34332000,0x00007f8a34432000] [id=13451]

Threads with active compile tasks:

VM state: not at safepoint (normal execution)

VM Mutex/Monitor currently owned by a thread: None

Heap address: 0x0000000085a00000, size: 1958 MB, Compressed Oops mode: 32-bit
CDS archive(s) mapped at: [0x0000000800000000-0x0000000800bf9000-0x0000000800bf9000), size 12554240, SharedBaseAddress: 0x0000000800000000, ArchiveRelocationMode: 0.
Compressed class space mapped at: 0x0000000800c00000-0x0000000840c00000, reserved size: 1073741824
Narrow klass base: 0x0000000800000000, Narrow klass shift: 3, Narrow klass range: 0x100000000

GC Precious Log:
 CPUs: 4 total, 4 available
 Memory: 7830M
 Large Page Support: Disabled
 NUMA Support: Disabled
 Compressed Oops: Enabled (32-bit)
 Heap Region Size: 1M
 Heap Min Capacity: 8M
 Heap Initial Capacity: 124M
 Heap Max Capacity: 1958M
 Pre-touch: Disabled
 Parallel Workers: 4
 Concurrent Workers: 1
 Concurrent Refinement Workers: 4
 Periodic GC: Disabled

Heap:
 garbage-first heap   total 129024K, used 5112K [0x0000000085a00000, 0x0000000100000000)
  region size 1024K, 5 young (5120K), 0 survivors (0K)
 Metaspace       used 1885K, committed 2112K, reserved 1056768K
  class space    used 149K, committed 256K, reserved 1048576K

Heap Regions: E=young(eden), S=young(survivor), O=old, HS=humongous(starts), HC=humongous(continues), CS=collection set, F=free, OA=open archive, CA=closed archive, TAMS=top-at-mark-start (previous, next)
|   0|0x0000000085a00000, 0x0000000085a00000, 0x0000000085b00000|  0%| F|  |TAMS 0x0000000085a00000, 0x0000000085a00000| Untracked 
|   1|0x0000000085b00000, 0x0000000085b00000, 0x0000000085c00000|  0%| F|  |TAMS 0x0000000085b00000, 0x0000000085b00000| Untracked 
|   2|0x0000000085c00000, 0x0000000085c00000, 0x0000000085d00000|  0%| F|  |TAMS 0x0000000085c00000, 0x0000000085c00000| Untracked 
|   3|0x0000000085d00000, 0x0000000085d00000, 0x0000000085e00000|  0%| F|  |TAMS 0x0000000085d00000, 0x0000000085d00000| Untracked 
|   4|0x0000000085e00000, 0x0000000085e00000, 0x0000000085f00000|  0%| F|  |TAMS 0x0000000085e00000, 0x0000000085e00000| Untracked 
|   5|0x0000000085f00000, 0x0000000085f00000, 0x0000000086000000|  0%| F|  |TAMS 0x0000000085f00000, 0x0000000085f00000| Untracked 
|   6|0x0000000086000000, 0x0000000086000000, 0x0000000086100000|  0%| F|  |TAMS 0x0000000086000000, 0x0000000086000000| Untracked 
|   7|0x0000000086100000, 0x0000000086100000, 0x0000000086200000|  0%| F|  |TAMS 0x0000000086100000, 0x0000000086100000| Untracked 
|   8|0x0000000086200000, 0x0000000086200000, 0x0000000086300000|  0%| F|  |TAMS 0x0000000086200000, 0x0000000086200000| Untracked 
|   9|0x0000000086300000, 0x0000000086300000, 0x0000000086400000|  0%| F|  |TAMS 0x0000000086300000, 0x0000000086300000| Untracked 
|  10|0x0000000086400000, 0x0000000086400000, 0x0000000086500000|  0%| F|  |TAMS 0x0000000086400000, 0x0000000086400000| Untracked 
|  11|0x0000000086500000, 0x0000000086500000, 0x0000000086600000|  0%| F|  |TAMS 0x0000000086500000, 0x0000000086500000| Untracked 
|  12|0x0000000086600000, 0x0000000086600000, 0x0000000086700000|  0%| F|  |TAMS 0x0000000086600000, 0x0000000086600000| Untracked 
|  13|0x0000000086700000, 0x0000000086700000, 0x0000000086800000|  0%| F|  |TAMS 0x0000000086700000, 0x0000000086700000| Untracked 
|  14|0x0000000086800000, 0x0000000086800000, 0x0000000086900000|  0%| F|  |TAMS 0x0000000086800000, 0x0000000086800000| Untracked 
|  15|0x0000000086900000, 0x0000000086900000, 0x0000000086a00000|  0%| F|  |TAMS 0x0000000086900000, 0x0000000086900000| Untracked 
|  16|0x0000000086a00000, 0x0000000086a00000, 0x0000000086b00000|  0%| F|  |TAMS 0x0000000086a00000, 0x0000000086a00000| Untracked 
|  17|0x0000000086b00000, 0x0000000086b00000, 0x0000000086c00000|  0%| F|  |TAMS 0x0000000086b00000, 0x0000000086b00000| Untracked 
|  18|0x0000000086c00000, 0x0000000086c00000, 0x0000000086d00000|  0%| F|  |TAMS 0x0000000086c00000, 0x0000000086c00000| Untracked 
|  19|0x0000000086d00000, 0x0000000086d00000, 0x0000000086e00000|  0%| F|  |TAMS 0x0000000086d00000, 0x0000000086d00000| Untracked 
|  20|0x0000000086e00000, 0x0000000086e00000, 0x0000000086f00000|  0%| F|  |TAMS 0x0000000086e00000, 0x0000000086e00000| Untracked 
|  21|0x0000000086f00000, 0x0000000086f00000, 0x0000000087000000|  0%| F|  |TAMS 0x0000000086f00000, 0x0000000086f00000| Untracked 
|  22|0x0000000087000000, 0x0000000087000000, 0x0000000087100000|  0%| F|  |TAMS 0x0000000087000000, 0x0000000087000000| Untracked 
|  23|0x0000000087100000, 0x0000000087100000, 0x0000000087200000|  0%| F|  |TAMS 0x0000000087100000, 0x0000000087100000| Untracked 
|  24|0x0000000087200000, 0x0000000087200000, 0x0000000087300000|  0%| F|  |TAMS 0x0000000087200000, 0x0000000087200000| Untracked 
|  25|0x0000000087300000, 0x0000000087300000, 0x0000000087400000|  0%| F|  |TAMS 0x0000000087300000, 0x0000000087300000| Untracked 
|  26|0x0000000087400000, 0x0000000087400000, 0x0000000087500000|  0%| F|  |TAMS 0x0000000087400000, 0x0000000087400000| Untracked 
|  27|0x0000000087500000, 0x0000000087500000, 0x0000000087600000|  0%| F|  |TAMS 0x0000000087500000, 0x0000000087500000| Untracked 
|  28|0x0000000087600000, 0x0000000087600000, 0x0000000087700000|  0%| F|  |TAMS 0x0000000087600000, 0x0000000087600000| Untracked 
|  29|0x0000000087700000, 0x0000000087700000, 0x0000000087800000|  0%| F|  |TAMS 0x0000000087700000, 0x0000000087700000| Untracked 
|  30|0x0000000087800000, 0x0000000087800000, 0x0000000087900000|  0%| F|  |TAMS 0x0000000087800000, 0x0000000087800000| Untracked 
|  31|0x0000000087900000, 0x0000000087900000, 0x0000000087a00000|  0%| F|  |TAMS 0x0000000087900000, 0x0000000087900000| Untracked 
|  32|0x0000000087a00000, 0x0000000087a00000, 0x0000000087b00000|  0%| F|  |TAMS 0x0000000087a00000, 0x0000000087a00000| Untracked 
|  33|0x0000000087b00000, 0x0000000087b00000, 0x0000000087c00000|  0%| F|  |TAMS 0x0000000087b00000, 0x0000000087b00000| Untracked 
|  34|0x0000000087c00000, 0x0000000087c00000, 0x0000000087d00000|  0%| F|  |TAMS 0x0000000087c00000, 0x0000000087c00000| Untracked 
|  35|0x0000000087d00000, 0x0000000087d00000, 0x0000000087e00000|  0%| F|  |TAMS 0x0000000087d00000, 0x0000000087d00000| Untracked 
|  36|0x0000000087e00000, 0x0000000087e00000, 0x0000000087f00000|  0%| F|  |TAMS 0x0000000087e00000, 0x0000000087e00000| Untracked 
|  37|0x0000000087f00000, 0x0000000087f00000, 0x0000000088000000|  0%| F|  |TAMS 0x0000000087f00000, 0x0000000087f00000| Untracked 
|  38|0x0000000088000000, 0x0000000088000000, 0x0000000088100000|  0%| F|  |TAMS 0x0000000088000000, 0x0000000088000000| Untracked 
|  39|0x0000000088100000, 0x0000000088100000, 0x0000000088200000|  0%| F|  |TAMS 0x0000000088100000, 0x0000000088100000| Untracked 
|  40|0x0000000088200000, 0x0000000088200000, 0x0000000088300000|  0%| F|  |TAMS 0x0000000088200000, 0x0000000088200000| Untracked 
|  41|0x0000000088300000, 0x0000000088300000, 0x0000000088400000|  0%| F|  |TAMS 0x0000000088300000, 0x0000000088300000| Untracked 
|  42|0x0000000088400000, 0x0000000088400000, 0x0000000088500000|  0%| F|  |TAMS 0x0000000088400000, 0x0000000088400000| Untracked 
|  43|0x0000000088500000, 0x0000000088500000, 0x0000000088600000|  0%| F|  |TAMS 0x0000000088500000, 0x0000000088500000| Untracked 
|  44|0x0000000088600000, 0x0000000088600000, 0x0000000088700000|  0%| F|  |TAMS 0x0000000088600000, 0x0000000088600000| Untracked 
|  45|0x0000000088700000, 0x0000000088700000, 0x0000000088800000|  0%| F|  |TAMS 0x0000000088700000, 0x0000000088700000| Untracked 
|  46|0x0000000088800000, 0x0000000088800000, 0x0000000088900000|  0%| F|  |TAMS 0x0000000088800000, 0x0000000088800000| Untracked 
|  47|0x0000000088900000, 0x0000000088900000, 0x0000000088a00000|  0%| F|  |TAMS 0x0000000088900000, 0x0000000088900000| Untracked 
|  48|0x0000000088a00000, 0x0000000088a00000, 0x0000000088b00000|  0%| F|  |TAMS 0x0000000088a00000, 0x0000000088a00000| Untracked 
|  49|0x0000000088b00000, 0x0000000088b00000, 0x0000000088c00000|  0%| F|  |TAMS 0x0000000088b00000, 0x0000000088b00000| Untracked 
|  50|0x0000000088c00000, 0x0000000088c00000, 0x0000000088d00000|  0%| F|  |TAMS 0x0000000088c00000, 0x0000000088c00000| Untracked 
|  51|0x0000000088d00000, 0x0000000088d00000, 0x0000000088e00000|  0%| F|  |TAMS 0x0000000088d00000, 0x0000000088d00000| Untracked 
|  52|0x0000000088e00000, 0x0000000088e00000, 0x0000000088f00000|  0%| F|  |TAMS 0x0000000088e00000, 0x0000000088e00000| Untracked 
|  53|0x0000000088f00000, 0x0000000088f00000, 0x0000000089000000|  0%| F|  |TAMS 0x0000000088f00000, 0x0000000088f00000| Untracked 
|  54|0x0000000089000000, 0x0000000089000000, 0x0000000089100000|  0%| F|  |TAMS 0x0000000089000000, 0x0000000089000000| Untracked 
|  55|0x0000000089100000, 0x0000000089100000, 0x0000000089200000|  0%| F|  |TAMS 0x0000000089100000, 0x0000000089100000| Untracked 
|  56|0x0000000089200000, 0x0000000089200000, 0x0000000089300000|  0%| F|  |TAMS 0x0000000089200000, 0x0000000089200000| Untracked 
|  57|0x0000000089300000, 0x0000000089300000, 0x0000000089400000|  0%| F|  |TAMS 0x0000000089300000, 0x0000000089300000| Untracked 
|  58|0x0000000089400000, 0x0000000089400000, 0x0000000089500000|  0%| F|  |TAMS 0x0000000089400000, 0x0000000089400000| Untracked 
|  59|0x0000000089500000, 0x0000000089500000, 0x0000000089600000|  0%| F|  |TAMS 0x0000000089500000, 0x0000000089500000| Untracked 
|  60|0x0000000089600000, 0x0000000089600000, 0x0000000089700000|  0%| F|  |TAMS 0x0000000089600000, 0x0000000089600000| Untracked 
|  61|0x0000000089700000, 0x0000000089700000, 0x0000000089800000|  0%| F|  |TAMS 0x0000000089700000, 0x0000000089700000| Untracked 
|  62|0x0000000089800000, 0x0000000089800000, 0x0000000089900000|  0%| F|  |TAMS 0x0000000089800000, 0x0000000089800000| Untracked 
|  63|0x0000000089900000, 0x0000000089900000, 0x0000000089a00000|  0%| F|  |TAMS 0x0000000089900000, 0x0000000089900000| Untracked 
|  64|0x0000000089a00000, 0x0000000089a00000, 0x0000000089b00000|  0%| F|  |TAMS 0x0000000089a00000, 0x0000000089a00000| Untracked 
|  65|0x0000000089b00000, 0x0000000089b00000, 0x0000000089c00000|  0%| F|  |TAMS 0x0000000089b00000, 0x0000000089b00000| Untracked 
|  66|0x0000000089c00000, 0x0000000089c00000, 0x0000000089d00000|  0%| F|  |TAMS 0x0000000089c00000, 0x0000000089c00000| Untracked 
|  67|0x0000000089d00000, 0x0000000089d00000, 0x0000000089e00000|  0%| F|  |TAMS 0x0000000089d00000, 0x0000000089d00000| Untracked 
|  68|0x0000000089e00000, 0x0000000089e00000, 0x0000000089f00000|  0%| F|  |TAMS 0x0000000089e00000, 0x0000000089e00000| Untracked 
|  69|0x0000000089f00000, 0x0000000089f00000, 0x000000008a000000|  0%| F|  |TAMS 0x0000000089f00000, 0x0000000089f00000| Untracked 
|  70|0x000000008a000000, 0x000000008a000000, 0x000000008a100000|  0%| F|  |TAMS 0x000000008a000000, 0x000000008a000000| Untracked 
|  71|0x000000008a100000, 0x000000008a100000, 0x000000008a200000|  0%| F|  |TAMS 0x000000008a100000, 0x000000008a100000| Untracked 
|  72|0x000000008a200000, 0x000000008a200000, 0x000000008a300000|  0%| F|  |TAMS 0x000000008a200000, 0x000000008a200000| Untracked 
|  73|0x000000008a300000, 0x000000008a300000, 0x000000008a400000|  0%| F|  |TAMS 0x000000008a300000, 0x000000008a300000| Untracked 
|  74|0x000000008a400000, 0x000000008a400000, 0x000000008a500000|  0%| F|  |TAMS 0x000000008a400000, 0x000000008a400000| Untracked 
|  75|0x000000008a500000, 0x000000008a500000, 0x000000008a600000|  0%| F|  |TAMS 0x000000008a500000, 0x000000008a500000| Untracked 
|  76|0x000000008a600000, 0x000000008a600000, 0x000000008a700000|  0%| F|  |TAMS 0x000000008a600000, 0x000000008a600000| Untracked 
|  77|0x000000008a700000, 0x000000008a700000, 0x000000008a800000|  0%| F|  |TAMS 0x000000008a700000, 0x000000008a700000| Untracked 
|  78|0x000000008a800000, 0x000000008a800000, 0x000000008a900000|  0%| F|  |TAMS 0x000000008a800000, 0x000000008a800000| Untracked 
|  79|0x000000008a900000, 0x000000008a900000, 0x000000008aa00000|  0%| F|  |TAMS 0x000000008a900000, 0x000000008a900000| Untracked 
|  80|0x000000008aa00000, 0x000000008aa00000, 0x000000008ab00000|  0%| F|  |TAMS 0x000000008aa00000, 0x000000008aa00000| Untracked 
|  81|0x000000008ab00000, 0x000000008ab00000, 0x000000008ac00000|  0%| F|  |TAMS 0x000000008ab00000, 0x000000008ab00000| Untracked 
|  82|0x000000008ac00000, 0x000000008ac00000, 0x000000008ad00000|  0%| F|  |TAMS 0x000000008ac00000, 0x000000008ac00000| Untracked 
|  83|0x000000008ad00000, 0x000000008ad00000, 0x000000008ae00000|  0%| F|  |TAMS 0x000000008ad00000, 0x000000008ad00000| Untracked 
|  84|0x000000008ae00000, 0x000000008ae00000, 0x000000008af00000|  0%| F|  |TAMS 0x000000008ae00000, 0x000000008ae00000| Untracked 
|  85|0x000000008af00000, 0x000000008af00000, 0x000000008b000000|  0%| F|  |TAMS 0x000000008af00000, 0x000000008af00000| Untracked 
|  86|0x000000008b000000, 0x000000008b000000, 0x000000008b100000|  0%| F|  |TAMS 0x000000008b000000, 0x000000008b000000| Untracked 
|  87|0x000000008b100000, 0x000000008b100000, 0x000000008b200000|  0%| F|  |TAMS 0x000000008b100000, 0x000000008b100000| Untracked 
|  88|0x000000008b200000, 0x000000008b200000, 0x000000008b300000|  0%| F|  |TAMS 0x000000008b200000, 0x000000008b200000| Untracked 
|  89|0x000000008b300000, 0x000000008b300000, 0x000000008b400000|  0%| F|  |TAMS 0x000000008b300000, 0x000000008b300000| Untracked 
|  90|0x000000008b400000, 0x000000008b400000, 0x000000008b500000|  0%| F|  |TAMS 0x000000008b400000, 0x000000008b400000| Untracked 
|  91|0x000000008b500000, 0x000000008b500000, 0x000000008b600000|  0%| F|  |TAMS 0x000000008b500000, 0x000000008b500000| Untracked 
|  92|0x000000008b600000, 0x000000008b600000, 0x000000008b700000|  0%| F|  |TAMS 0x000000008b600000, 0x000000008b600000| Untracked 
|  93|0x000000008b700000, 0x000000008b700000, 0x000000008b800000|  0%| F|  |TAMS 0x000000008b700000, 0x000000008b700000| Untracked 
|  94|0x000000008b800000, 0x000000008b800000, 0x000000008b900000|  0%| F|  |TAMS 0x000000008b800000, 0x000000008b800000| Untracked 
|  95|0x000000008b900000, 0x000000008b900000, 0x000000008ba00000|  0%| F|  |TAMS 0x000000008b900000, 0x000000008b900000| Untracked 
|  96|0x000000008ba00000, 0x000000008ba00000, 0x000000008bb00000|  0%| F|  |TAMS 0x000000008ba00000, 0x000000008ba00000| Untracked 
|  97|0x000000008bb00000, 0x000000008bb00000, 0x000000008bc00000|  0%| F|  |TAMS 0x000000008bb00000, 0x000000008bb00000| Untracked 
|  98|0x000000008bc00000, 0x000000008bc00000, 0x000000008bd00000|  0%| F|  |TAMS 0x000000008bc00000, 0x000000008bc00000| Untracked 
|  99|0x000000008bd00000, 0x000000008bd00000, 0x000000008be00000|  0%| F|  |TAMS 0x000000008bd00000, 0x000000008bd00000| Untracked 
| 100|0x000000008be00000, 0x000000008be00000, 0x000000008bf00000|  0%| F|  |TAMS 0x000000008be00000, 0x000000008be00000| Untracked 
| 101|0x000000008bf00000, 0x000000008bf00000, 0x000000008c000000|  0%| F|  |TAMS 0x000000008bf00000, 0x000000008bf00000| Untracked 
| 102|0x000000008c000000, 0x000000008c000000, 0x000000008c100000|  0%| F|  |TAMS 0x000000008c000000, 0x000000008c000000| Untracked 
| 103|0x000000008c100000, 0x000000008c100000, 0x000000008c200000|  0%| F|  |TAMS 0x000000008c100000, 0x000000008c100000| Untracked 
| 104|0x000000008c200000, 0x000000008c200000, 0x000000008c300000|  0%| F|  |TAMS 0x000000008c200000, 0x000000008c200000| Untracked 
| 105|0x000000008c300000, 0x000000008c300000, 0x000000008c400000|  0%| F|  |TAMS 0x000000008c300000, 0x000000008c300000| Untracked 
| 106|0x000000008c400000, 0x000000008c400000, 0x000000008c500000|  0%| F|  |TAMS 0x000000008c400000, 0x000000008c400000| Untracked 
| 107|0x000000008c500000, 0x000000008c500000, 0x000000008c600000|  0%| F|  |TAMS 0x000000008c500000, 0x000000008c500000| Untracked 
| 108|0x000000008c600000, 0x000000008c600000, 0x000000008c700000|  0%| F|  |TAMS 0x000000008c600000, 0x000000008c600000| Untracked 
| 109|0x000000008c700000, 0x000000008c700000, 0x000000008c800000|  0%| F|  |TAMS 0x000000008c700000, 0x000000008c700000| Untracked 
| 110|0x000000008c800000, 0x000000008c800000, 0x000000008c900000|  0%| F|  |TAMS 0x000000008c800000, 0x000000008c800000| Untracked 
| 111|0x000000008c900000, 0x000000008c900000, 0x000000008ca00000|  0%| F|  |TAMS 0x000000008c900000, 0x000000008c900000| Untracked 
| 112|0x000000008ca00000, 0x000000008ca00000, 0x000000008cb00000|  0%| F|  |TAMS 0x000000008ca00000, 0x000000008ca00000| Untracked 
| 113|0x000000008cb00000, 0x000000008cb00000, 0x000000008cc00000|  0%| F|  |TAMS 0x000000008cb00000, 0x000000008cb00000| Untracked 
| 114|0x000000008cc00000, 0x000000008cc00000, 0x000000008cd00000|  0%| F|  |TAMS 0x000000008cc00000, 0x000000008cc00000| Untracked 
| 115|0x000000008cd00000, 0x000000008cd00000, 0x000000008ce00000|  0%| F|  |TAMS 0x000000008cd00000, 0x000000008cd00000| Untracked 
| 116|0x000000008ce00000, 0x000000008ce00000, 0x000000008cf00000|  0%| F|  |TAMS 0x000000008ce00000, 0x000000008ce00000| Untracked 
| 117|0x000000008cf00000, 0x000000008cf00000, 0x000000008d000000|  0%| F|  |TAMS 0x000000008cf00000, 0x000000008cf00000| Untracked 
| 118|0x000000008d000000, 0x000000008d000000, 0x000000008d100000|  0%| F|  |TAMS 0x000000008d000000, 0x000000008d000000| Untracked 
| 119|0x000000008d100000, 0x000000008d149020, 0x000000008d200000| 28%| E|  |TAMS 0x000000008d100000, 0x000000008d100000| Complete 
| 120|0x000000008d200000, 0x000000008d300000, 0x000000008d300000|100%| E|CS|TAMS 0x000000008d200000, 0x000000008d200000| Complete 
| 121|0x000000008d300000, 0x000000008d400000, 0x000000008d400000|100%| E|CS|TAMS 0x000000008d300000, 0x000000008d300000| Complete 
| 122|0x000000008d400000, 0x000000008d500000, 0x000000008d500000|100%| E|CS|TAMS 0x000000008d400000, 0x000000008d400000| Complete 
| 123|0x000000008d500000, 0x000000008d600000, 0x000000008d600000|100%| E|CS|TAMS 0x000000008d500000, 0x000000008d500000| Complete 
|1956|0x00000000ffe00000, 0x00000000ffe76000, 0x00000000fff00000| 46%|OA|  |TAMS 0x00000000ffe00000, 0x00000000ffe00000| Untracked 
|1957|0x00000000fff00000, 0x00000000fff88000, 0x0000000100000000| 53%|CA|  |TAMS 0x00000000fff00000, 0x00000000fff00000| Untracked 

Card table byte_map: [0x00007f8a54aa0000,0x00007f8a54e73000] _byte_map_base: 0x00007f8a54673000

Marking Bits (Prev, Next): (CMBitMap*) 0x00007f8a50051010, (CMBitMap*) 0x00007f8a50051050
 Prev Bits: [0x00007f8a364cd000, 0x00007f8a38365000)
 Next Bits: [0x00007f8a34635000, 0x00007f8a364cd000)

Polling page: 0x00007f8a57219000

Metaspace:

Usage:
  Non-class:      1,70 MB used.
      Class:    149,52 KB used.
       Both:      1,84 MB used.

Virtual space:
  Non-class space:        8,00 MB reserved,       1,81 MB ( 23%) committed,  1 nodes.
      Class space:        1,00 GB reserved,     256,00 KB ( <1%) committed,  1 nodes.
              Both:        1,01 GB reserved,       2,06 MB ( <1%) committed. 

Chunk freelists:
   Non-Class:  3,41 MB
       Class:  3,66 MB
        Both:  7,08 MB

MaxMetaspaceSize: 17179869184,00 GB
CompressedClassSpaceSize: 1,00 GB
 - commit_granule_bytes: 65536.
 - commit_granule_words: 8192.
 - virtual_space_node_default_size: 1048576.
 - enlarge_chunks_in_place: 1.
 - new_chunks_are_fully_committed: 0.
 - uncommit_free_chunks: 1.
 - use_allocation_guard: 0.
 - handle_deallocations: 1.


Internal statistics:

num_allocs_failed_limit: 0.
num_arena_births: 62.
num_arena_deaths: 0.
num_vsnodes_births: 2.
num_vsnodes_deaths: 0.
num_space_committed: 33.
num_space_uncommitted: 0.
num_chunks_returned_to_freelist: 0.
num_chunks_taken_from_freelist: 103.
num_chunk_merges: 0.
num_chunk_splits: 63.
num_chunks_enlarged: 41.
num_purges: 0.

CodeHeap 'non-profiled nmethods': size=120032Kb used=117Kb max_used=117Kb free=119914Kb
 bounds [0x00007f8a3fe2d000, 0x00007f8a4009d000, 0x00007f8a47365000]
CodeHeap 'profiled nmethods': size=120028Kb used=492Kb max_used=492Kb free=119535Kb
 bounds [0x00007f8a388f6000, 0x00007f8a38b66000, 0x00007f8a3fe2d000]
CodeHeap 'non-nmethods': size=5700Kb used=1141Kb max_used=1156Kb free=4558Kb
 bounds [0x00007f8a38365000, 0x00007f8a385d5000, 0x00007f8a388f6000]
 total_blobs=791 nmethods=363 adapters=342
 compilation: enabled
              stopped_count=0, restarted_count=0
 full_count=0

Compilation events (20 events):
Event: 0,396 Thread 0x00007f8a501113f0 nmethod 353 0x00007f8a3896e410 code [0x00007f8a3896e5c0, 0x00007f8a3896e7e0]
Event: 0,400 Thread 0x00007f8a501113f0  354       1       java.nio.HeapByteBuffer::isReadOnly (2 bytes)
Event: 0,400 Thread 0x00007f8a501113f0 nmethod 354 0x00007f8a3fe49d10 code [0x00007f8a3fe49ea0, 0x00007f8a3fe49f70]
Event: 0,400 Thread 0x00007f8a501113f0  355       3       java.nio.MappedByteBuffer::rewind (5 bytes)
Event: 0,400 Thread 0x00007f8a501113f0 nmethod 355 0x00007f8a3896e890 code [0x00007f8a3896ea40, 0x00007f8a3896ec70]
Event: 0,401 Thread 0x00007f8a501113f0  356       3       java.nio.DirectByteBuffer::<init> (56 bytes)
Event: 0,401 Thread 0x00007f8a501113f0 nmethod 356 0x00007f8a3896ed90 code [0x00007f8a3896ef60, 0x00007f8a3896f390]
Event: 0,401 Thread 0x00007f8a501113f0  357   !   3       jdk.internal.jimage.BasicImageReader::slice (32 bytes)
Event: 0,401 Thread 0x00007f8a5010fd90  361       4       jdk.internal.jimage.ImageStringsReader::unmaskedHashCode (173 bytes)
Event: 0,405 Thread 0x00007f8a501113f0 nmethod 357 0x00007f8a3896f510 code [0x00007f8a3896f6e0, 0x00007f8a3896fb00]
Event: 0,405 Thread 0x00007f8a501113f0  362       3       java.util.concurrent.ConcurrentHashMap$BaseIterator::hasNext (13 bytes)
Event: 0,406 Thread 0x00007f8a501113f0 nmethod 362 0x00007f8a3896fc90 code [0x00007f8a3896fe20, 0x00007f8a3896ff90]
Event: 0,406 Thread 0x00007f8a501113f0  358       3       java.nio.DirectByteBufferR::<init> (21 bytes)
Event: 0,406 Thread 0x00007f8a501113f0 nmethod 358 0x00007f8a38970010 code [0x00007f8a389701c0, 0x00007f8a38970320]
Event: 0,406 Thread 0x00007f8a501113f0  359       3       java.nio.DirectByteBufferR::slice (66 bytes)
Event: 0,406 Thread 0x00007f8a501113f0 nmethod 359 0x00007f8a38970410 code [0x00007f8a389705c0, 0x00007f8a38970840]
Event: 0,406 Thread 0x00007f8a501113f0  360       3       jdk.internal.jimage.ImageStringsReader::hashCode (31 bytes)
Event: 0,407 Thread 0x00007f8a501113f0 nmethod 360 0x00007f8a38970910 code [0x00007f8a38970ae0, 0x00007f8a38970cb0]
Event: 0,407 Thread 0x00007f8a501113f0  363       3       java.util.concurrent.ConcurrentHashMap$ValueIterator::next (34 bytes)
Event: 0,407 Thread 0x00007f8a501113f0 nmethod 363 0x00007f8a38970d90 code [0x00007f8a38970f60, 0x00007f8a389711b0]

GC Heap History (0 events):
No events

Deoptimization events (4 events):
Event: 0,346 Thread 0x00007f8a50011200 Uncommon trap: trap_request=0xffffff45 fr.pc=0x00007f8a3fe35b7c relative=0x000000000000005c
Event: 0,346 Thread 0x00007f8a50011200 Uncommon trap: reason=unstable_if action=reinterpret pc=0x00007f8a3fe35b7c method=java.lang.String.isLatin1()Z @ 10 c2
Event: 0,346 Thread 0x00007f8a50011200 DEOPT PACKING pc=0x00007f8a3fe35b7c sp=0x00007f8a55953c50
Event: 0,346 Thread 0x00007f8a50011200 DEOPT UNPACKING pc=0x00007f8a383b2424 sp=0x00007f8a55953c00 mode 2

Classes unloaded (0 events):
No events

Classes redefined (0 events):
No events

Internal exceptions (16 events):
Event: 0,216 Thread 0x00007f8a50011200 Exception <a 'java/lang/NoSuchMethodError'{0x000000008d4737d0}: 'java.lang.Object java.lang.invoke.DirectMethodHandle$Holder.invokeStatic(java.lang.Object)'> (0x000000008d4737d0) 
thrown [./src/hotspot/share/interpreter/linkResolver.cpp, line 789]
Event: 0,219 Thread 0x00007f8a50011200 Exception <a 'java/lang/NoSuchMethodError'{0x000000008d477830}: 'java.lang.Object java.lang.invoke.DirectMethodHandle$Holder.invokeStaticInit(java.lang.Object)'> (0x000000008d477830) 
thrown [./src/hotspot/share/interpreter/linkResolver.cpp, line 789]
Event: 0,236 Thread 0x00007f8a50011200 Exception <a 'java/lang/NoSuchMethodError'{0x000000008d49de00}: 'void java.lang.invoke.DirectMethodHandle$Holder.invokeStatic(java.lang.Object, java.lang.Object)'> (0x000000008d49de00) 
thrown [./src/hotspot/share/interpreter/linkResolver.cpp, line 789]
Event: 0,238 Thread 0x00007f8a50011200 Exception <a 'java/lang/NoSuchMethodError'{0x000000008d4a3ff0}: 'void java.lang.invoke.DirectMethodHandle$Holder.invokeStaticInit(java.lang.Object, java.lang.Object)'> (0x000000008d4a3ff0) 
thrown [./src/hotspot/share/interpreter/linkResolver.cpp, line 789]
Event: 0,277 Thread 0x00007f8a50011200 Exception <a 'java/lang/NoSuchMethodError'{0x000000008d35f578}: 'void java.lang.invoke.DirectMethodHandle$Holder.invokeSpecial(java.lang.Object, java.lang.Object, java.lang.Object)'> (0x000000008d35f578) 
thrown [./src/hotspot/share/interpreter/linkResolver.cpp, line 789]
Event: 0,283 Thread 0x00007f8a50011200 Exception <a 'java/lang/NoSuchMethodError'{0x000000008d3732e8}: 'java.lang.Object java.lang.invoke.DirectMethodHandle$Holder.invokeStatic(java.lang.Object, java.lang.Object, int)'> (0x000000008d3732e8) 
thrown [./src/hotspot/share/interpreter/linkResolver.cpp, line 789]
Event: 0,285 Thread 0x00007f8a50011200 Exception <a 'java/lang/NoSuchMethodError'{0x000000008d37f458}: 'void java.lang.invoke.DelegatingMethodHandle$Holder.delegate(java.lang.Object, java.lang.Object, int, java.lang.Object)'> (0x000000008d37f458) 
thrown [./src/hotspot/share/interpreter/linkResolver.cpp, line 789]
Event: 0,287 Thread 0x00007f8a50011200 Exception <a 'java/lang/NoSuchMethodError'{0x000000008d383780}: 'int java.lang.invoke.DirectMethodHandle$Holder.invokeSpecial(java.lang.Object, java.lang.Object, java.lang.Object)'> (0x000000008d383780) 
thrown [./src/hotspot/share/interpreter/linkResolver.cpp, line 789]
Event: 0,325 Thread 0x00007f8a50011200 Exception <a 'sun/nio/fs/UnixException'{0x000000008d217fe0}> (0x000000008d217fe0) 
thrown [./src/hotspot/share/prims/jni.cpp, line 579]
Event: 0,367 Thread 0x00007f8a50011200 Exception <a 'java/lang/NoSuchMethodError'{0x000000008d2b42e8}: 'int java.lang.invoke.DirectMethodHandle$Holder.invokeStaticInit(java.lang.Object, java.lang.Object, int, long)'> (0x000000008d2b42e8) 
thrown [./src/hotspot/share/interpreter/linkResolver.cpp, line 789]
Event: 0,368 Thread 0x00007f8a50011200 Exception <a 'java/lang/NoSuchMethodError'{0x000000008d2b9db8}: 'java.lang.Object java.lang.invoke.DirectMethodHandle$Holder.newInvokeSpecial(java.lang.Object, java.lang.Object, int)'> (0x000000008d2b9db8) 
thrown [./src/hotspot/share/interpreter/linkResolver.cpp, line 789]
Event: 0,373 Thread 0x00007f8a50011200 Exception <a 'java/lang/NoSuchMethodError'{0x000000008d2c91b8}: 'int java.lang.invoke.DirectMethodHandle$Holder.invokeStaticInit(java.lang.Object, java.lang.Object, long, long)'> (0x000000008d2c91b8) 
thrown [./src/hotspot/share/interpreter/linkResolver.cpp, line 789]
Event: 0,374 Thread 0x00007f8a50011200 Exception <a 'java/lang/NoSuchMethodError'{0x000000008d2cfad0}: 'java.lang.Object java.lang.invoke.DirectMethodHandle$Holder.newInvokeSpecial(java.lang.Object, java.lang.Object, long)'> (0x000000008d2cfad0) 
thrown [./src/hotspot/share/interpreter/linkResolver.cpp, line 789]
Event: 0,375 Thread 0x00007f8a50011200 Exception <a 'java/lang/NoSuchMethodError'{0x000000008d2d3c28}: 'java.lang.Object java.lang.invoke.Invokers$Holder.linkToTargetMethod(java.lang.Object, long, java.lang.Object)'> (0x000000008d2d3c28) 
thrown [./src/hotspot/share/interpreter/linkResolver.cpp, line 789]
Event: 0,377 Thread 0x00007f8a50011200 Exception <a 'java/lang/NoSuchMethodError'{0x000000008d2db6d0}: 'int java.lang.invoke.DirectMethodHandle$Holder.invokeStaticInit(java.lang.Object, java.lang.Object, java.lang.Object, long)'> (0x000000008d2db6d0) 
thrown [./src/hotspot/share/interpreter/linkResolver.cpp, line 789]
Event: 0,400 Thread 0x00007f8a50011200 Exception <a 'sun/nio/fs/UnixException'{0x000000008d11e740}> (0x000000008d11e740) 
thrown [./src/hotspot/share/prims/jni.cpp, line 579]

Events (20 events):
Event: 0,380 loading class org/lwjgl/system/MemoryStack done
Event: 0,381 loading class org/lwjgl/BufferUtils
Event: 0,381 loading class org/lwjgl/BufferUtils done
Event: 0,382 loading class org/lwjgl/stb/STBImage
Event: 0,382 loading class org/lwjgl/stb/STBImage done
Event: 0,386 loading class org/lwjgl/stb/LibSTB
Event: 0,386 loading class org/lwjgl/stb/LibSTB done
Event: 0,390 loading class jdk/internal/misc/ScopedMemoryAccess$Scope
Event: 0,390 loading class jdk/internal/misc/ScopedMemoryAccess$Scope done
Event: 0,400 Loaded shared library /tmp/lwjgllaurin/3.3.1-build-7/liblwjgl_stb.so
Event: 0,403 loading class org/lwjgl/system/MemoryUtil$LazyInit
Event: 0,403 loading class org/lwjgl/system/MemoryUtil$LazyInit done
Event: 0,404 loading class org/lwjgl/system/MemoryUtil$MemoryAllocator
Event: 0,404 loading class org/lwjgl/system/MemoryUtil$MemoryAllocator done
Event: 0,405 loading class org/lwjgl/system/MemoryManage
Event: 0,405 loading class org/lwjgl/system/MemoryManage done
Event: 0,406 loading class org/lwjgl/system/jemalloc/JEmallocAllocator
Event: 0,406 loading class org/lwjgl/system/jemalloc/JEmallocAllocator done
Event: 0,406 loading class org/lwjgl/system/MemoryManage$StdlibAllocator
Event: 0,406 loading class org/lwjgl/system/MemoryManage$StdlibAllocator done


Dynamic libraries:
85a00000-8d600000 rw-p 00000000 00:00 0 
8d600000-ffe00000 ---p 00000000 00:00 0 
ffe00000-ffe76000 rw-p 00cba000 00:1a 496521                             /usr/lib/jvm/java-16-openjdk-amd64/lib/server/classes.jsa
ffe76000-fff00000 rw-p 00000000 00:00 0 
fff00000-fff88000 rw-p 00c32000 00:1a 496521                             /usr/lib/jvm/java-16-openjdk-amd64/lib/server/classes.jsa
fff88000-100000000 rw-p 00000000 00:00 0 
800000000-800003000 rwxp 00001000 00:1a 496521                           /usr/lib/jvm/java-16-openjdk-amd64/lib/server/classes.jsa
800003000-80043d000 rw-p 00004000 00:1a 496521                           /usr/lib/jvm/java-16-openjdk-amd64/lib/server/classes.jsa
80043d000-800bf9000 r--p 0043e000 00:1a 496521                           /usr/lib/jvm/java-16-openjdk-amd64/lib/server/classes.jsa
800bf9000-800c00000 ---p 00000000 00:00 0 
800c00000-800c20000 rw-p 00000000 00:00 0 
800c20000-800c40000 ---p 00000000 00:00 0 
800c40000-800c60000 rw-p 00000000 00:00 0 
800c60000-840c00000 ---p 00000000 00:00 0 
5627cd262000-5627cd263000 r--p 00000000 00:1a 496367                     /usr/lib/jvm/java-16-openjdk-amd64/bin/java
5627cd263000-5627cd264000 r-xp 00001000 00:1a 496367                     /usr/lib/jvm/java-16-openjdk-amd64/bin/java
5627cd264000-5627cd265000 r--p 00002000 00:1a 496367                     /usr/lib/jvm/java-16-openjdk-amd64/bin/java
5627cd265000-5627cd266000 r--p 00002000 00:1a 496367                     /usr/lib/jvm/java-16-openjdk-amd64/bin/java
5627cd266000-5627cd267000 rw-p 00003000 00:1a 496367                     /usr/lib/jvm/java-16-openjdk-amd64/bin/java
5627cd29a000-5627cd2bb000 rw-p 00000000 00:00 0                          [heap]
7f89e8000000-7f89e8021000 rw-p 00000000 00:00 0 
7f89e8021000-7f89ec000000 ---p 00000000 00:00 0 
7f89f0000000-7f89f0021000 rw-p 00000000 00:00 0 
7f89f0021000-7f89f4000000 ---p 00000000 00:00 0 
7f89f4000000-7f89f4021000 rw-p 00000000 00:00 0 
7f89f4021000-7f89f8000000 ---p 00000000 00:00 0 
7f89f8000000-7f89f8141000 rw-p 00000000 00:00 0 
7f89f8141000-7f89fc000000 ---p 00000000 00:00 0 
7f89fc000000-7f89fc021000 rw-p 00000000 00:00 0 
7f89fc021000-7f8a00000000 ---p 00000000 00:00 0 
7f8a00000000-7f8a00021000 rw-p 00000000 00:00 0 
7f8a00021000-7f8a04000000 ---p 00000000 00:00 0 
7f8a04000000-7f8a0410b000 rw-p 00000000 00:00 0 
7f8a0410b000-7f8a08000000 ---p 00000000 00:00 0 
7f8a08000000-7f8a08021000 rw-p 00000000 00:00 0 
7f8a08021000-7f8a0c000000 ---p 00000000 00:00 0 
7f8a0c000000-7f8a0c021000 rw-p 00000000 00:00 0 
7f8a0c021000-7f8a10000000 ---p 00000000 00:00 0 
7f8a10000000-7f8a10021000 rw-p 00000000 00:00 0 
7f8a10021000-7f8a14000000 ---p 00000000 00:00 0 
7f8a14000000-7f8a14021000 rw-p 00000000 00:00 0 
7f8a14021000-7f8a18000000 ---p 00000000 00:00 0 
7f8a18000000-7f8a18021000 rw-p 00000000 00:00 0 
7f8a18021000-7f8a1c000000 ---p 00000000 00:00 0 
7f8a1c000000-7f8a1c021000 rw-p 00000000 00:00 0 
7f8a1c021000-7f8a20000000 ---p 00000000 00:00 0 
7f8a20000000-7f8a20021000 rw-p 00000000 00:00 0 
7f8a20021000-7f8a24000000 ---p 00000000 00:00 0 
7f8a2464a000-7f8a246ba000 r-xp 00000000 00:1a 2110816                    /tmp/lwjgllaurin/3.3.1-build-7/liblwjgl_stb.so
7f8a246ba000-7f8a248ba000 ---p 00070000 00:1a 2110816                    /tmp/lwjgllaurin/3.3.1-build-7/liblwjgl_stb.so
7f8a248ba000-7f8a248bb000 r--p 00070000 00:1a 2110816                    /tmp/lwjgllaurin/3.3.1-build-7/liblwjgl_stb.so
7f8a248bb000-7f8a248bc000 rw-p 00071000 00:1a 2110816                    /tmp/lwjgllaurin/3.3.1-build-7/liblwjgl_stb.so
7f8a248bc000-7f8a24927000 r-xp 00000000 00:1a 2110785                    /tmp/lwjgllaurin/3.3.1-build-7/liblwjgl.so
7f8a24927000-7f8a24b26000 ---p 0006b000 00:1a 2110785                    /tmp/lwjgllaurin/3.3.1-build-7/liblwjgl.so
7f8a24b26000-7f8a24b27000 r--p 0006a000 00:1a 2110785                    /tmp/lwjgllaurin/3.3.1-build-7/liblwjgl.so
7f8a24b27000-7f8a24b28000 rw-p 0006b000 00:1a 2110785                    /tmp/lwjgllaurin/3.3.1-build-7/liblwjgl.so
7f8a24b28000-7f8a24b2c000 ---p 00000000 00:00 0 
7f8a24b2c000-7f8a24c29000 rw-p 00000000 00:00 0 
7f8a24c29000-7f8a24c2a000 ---p 00000000 00:00 0 
7f8a24c2a000-7f8a24d2b000 rw-p 00000000 00:00 0 
7f8a24d2b000-7f8a24d2f000 ---p 00000000 00:00 0 
7f8a24d2f000-7f8a24e2c000 rw-p 00000000 00:00 0 
7f8a24e2c000-7f8a24e30000 ---p 00000000 00:00 0 
7f8a24e30000-7f8a24f2d000 rw-p 00000000 00:00 0 
7f8a24f2d000-7f8a24f31000 ---p 00000000 00:00 0 
7f8a24f31000-7f8a2502e000 rw-p 00000000 00:00 0 
7f8a2502e000-7f8a25032000 ---p 00000000 00:00 0 
7f8a25032000-7f8a2512f000 rw-p 00000000 00:00 0 
7f8a2512f000-7f8a25133000 ---p 00000000 00:00 0 
7f8a25133000-7f8a25230000 rw-p 00000000 00:00 0 
7f8a25230000-7f8a25234000 ---p 00000000 00:00 0 
7f8a25234000-7f8a25331000 rw-p 00000000 00:00 0 
7f8a25331000-7f8a25335000 ---p 00000000 00:00 0 
7f8a25335000-7f8a25432000 rw-p 00000000 00:00 0 
7f8a25432000-7f8a25487000 r--p 00000000 00:1a 1752131                    /usr/lib/locale/de_AT.utf8/LC_CTYPE
7f8a25487000-7f8a256ff000 r--p 00000000 00:1a 1751539                    /usr/lib/locale/aa_DJ.utf8/LC_COLLATE
7f8a256ff000-7f8a25703000 ---p 00000000 00:00 0 
7f8a25703000-7f8a25930000 rw-p 00000000 00:00 0 
7f8a25930000-7f8a25c00000 ---p 00000000 00:00 0 
7f8a25c00000-7f8a25ca0000 rw-p 00000000 00:00 0 
7f8a25ca0000-7f8a26000000 ---p 00000000 00:00 0 
7f8a26000000-7f8a28000000 rw-p 00000000 00:00 0 
7f8a28000000-7f8a28021000 rw-p 00000000 00:00 0 
7f8a28021000-7f8a2c000000 ---p 00000000 00:00 0 
7f8a2c000000-7f8a2c021000 rw-p 00000000 00:00 0 
7f8a2c021000-7f8a30000000 ---p 00000000 00:00 0 
7f8a30000000-7f8a30021000 rw-p 00000000 00:00 0 
7f8a30021000-7f8a34000000 ---p 00000000 00:00 0 
7f8a34020000-7f8a34051000 rw-p 00000000 00:00 0 
7f8a34051000-7f8a34055000 ---p 00000000 00:00 0 
7f8a34055000-7f8a34152000 rw-p 00000000 00:00 0 
7f8a34152000-7f8a34153000 ---p 00000000 00:00 0 
7f8a34153000-7f8a34330000 rw-p 00000000 00:00 0 
7f8a34330000-7f8a34331000 ---p 00000000 00:00 0 
7f8a34331000-7f8a34432000 rw-p 00000000 00:00 0 
7f8a34432000-7f8a34433000 ---p 00000000 00:00 0 
7f8a34433000-7f8a34825000 rw-p 00000000 00:00 0 
7f8a34825000-7f8a364c5000 ---p 00000000 00:00 0 
7f8a364c5000-7f8a366bd000 rw-p 00000000 00:00 0 
7f8a366bd000-7f8a3835d000 ---p 00000000 00:00 0 
7f8a3835d000-7f8a38365000 rw-p 00000000 00:00 0 
7f8a38365000-7f8a385d5000 rwxp 00000000 00:00 0 
7f8a385d5000-7f8a388f6000 ---p 00000000 00:00 0 
7f8a388f6000-7f8a38b66000 rwxp 00000000 00:00 0 
7f8a38b66000-7f8a3fe2d000 ---p 00000000 00:00 0 
7f8a3fe2d000-7f8a4009d000 rwxp 00000000 00:00 0 
7f8a4009d000-7f8a47365000 ---p 00000000 00:00 0 
7f8a47365000-7f8a50000000 r--s 00000000 00:1a 496518                     /usr/lib/jvm/java-16-openjdk-amd64/lib/modules
7f8a50000000-7f8a502ba000 rw-p 00000000 00:00 0 
7f8a502ba000-7f8a54000000 ---p 00000000 00:00 0 
7f8a54003000-7f8a54007000 r--p 00000000 00:1a 496510                     /usr/lib/jvm/java-16-openjdk-amd64/lib/libnet.so
7f8a54007000-7f8a54015000 r-xp 00004000 00:1a 496510                     /usr/lib/jvm/java-16-openjdk-amd64/lib/libnet.so
7f8a54015000-7f8a54019000 r--p 00012000 00:1a 496510                     /usr/lib/jvm/java-16-openjdk-amd64/lib/libnet.so
7f8a54019000-7f8a5401a000 r--p 00015000 00:1a 496510                     /usr/lib/jvm/java-16-openjdk-amd64/lib/libnet.so
7f8a5401a000-7f8a5401b000 rw-p 00016000 00:1a 496510                     /usr/lib/jvm/java-16-openjdk-amd64/lib/libnet.so
7f8a5401b000-7f8a54021000 r--p 00000000 00:1a 496511                     /usr/lib/jvm/java-16-openjdk-amd64/lib/libnio.so
7f8a54021000-7f8a54029000 r-xp 00006000 00:1a 496511                     /usr/lib/jvm/java-16-openjdk-amd64/lib/libnio.so
7f8a54029000-7f8a5402d000 r--p 0000e000 00:1a 496511                     /usr/lib/jvm/java-16-openjdk-amd64/lib/libnio.so
7f8a5402d000-7f8a5402e000 ---p 00012000 00:1a 496511                     /usr/lib/jvm/java-16-openjdk-amd64/lib/libnio.so
7f8a5402e000-7f8a5402f000 r--p 00012000 00:1a 496511                     /usr/lib/jvm/java-16-openjdk-amd64/lib/libnio.so
7f8a5402f000-7f8a54030000 rw-p 00013000 00:1a 496511                     /usr/lib/jvm/java-16-openjdk-amd64/lib/libnio.so
7f8a54030000-7f8a54031000 r--p 00000000 00:1a 1751585                    /usr/lib/locale/agr_PE/LC_NUMERIC
7f8a54031000-7f8a54032000 r--p 00000000 00:1a 1752181                    /usr/lib/locale/de_DE.utf8/LC_TIME
7f8a54032000-7f8a54033000 r--p 00000000 00:1a 1751616                    /usr/lib/locale/an_ES.utf8/LC_MONETARY
7f8a54033000-7f8a54034000 r--p 00000000 00:1a 1752133                    /usr/lib/locale/de_AT.utf8/LC_MESSAGES/SYS_LC_MESSAGES
7f8a54034000-7f8a54035000 r--p 00000000 00:1a 1751547                    /usr/lib/locale/aa_DJ.utf8/LC_PAPER
7f8a54035000-7f8a54036000 r--p 00000000 00:1a 1752135                    /usr/lib/locale/de_AT.utf8/LC_NAME
7f8a54036000-7f8a54037000 r--p 00000000 00:1a 1752178                    /usr/lib/locale/de_DE.utf8/LC_ADDRESS
7f8a54037000-7f8a54038000 r--p 00000000 00:1a 1752180                    /usr/lib/locale/de_DE.utf8/LC_TELEPHONE
7f8a54038000-7f8a54039000 r--p 00000000 00:1a 1751542                    /usr/lib/locale/aa_DJ.utf8/LC_MEASUREMENT
7f8a54039000-7f8a54040000 r--s 00000000 00:1a 1494373                    /usr/lib/x86_64-linux-gnu/gconv/gconv-modules.cache
7f8a54040000-7f8a54041000 r--p 00000000 00:1a 1752179                    /usr/lib/locale/de_DE.utf8/LC_IDENTIFICATION
7f8a54041000-7f8a54385000 rw-p 00000000 00:00 0 
7f8a54385000-7f8a54386000 ---p 00000000 00:00 0 
7f8a54386000-7f8a54487000 rw-p 00000000 00:00 0 
7f8a54487000-7f8a54488000 ---p 00000000 00:00 0 
7f8a54488000-7f8a54589000 rw-p 00000000 00:00 0 
7f8a54589000-7f8a5458a000 ---p 00000000 00:00 0 
7f8a5458a000-7f8a5470b000 rw-p 00000000 00:00 0 
7f8a5470b000-7f8a54a9f000 ---p 00000000 00:00 0 
7f8a54a9f000-7f8a54ade000 rw-p 00000000 00:00 0 
7f8a54ade000-7f8a54e72000 ---p 00000000 00:00 0 
7f8a54e72000-7f8a54eb1000 rw-p 00000000 00:00 0 
7f8a54eb1000-7f8a55245000 ---p 00000000 00:00 0 
7f8a55245000-7f8a5564f000 rw-p 00000000 00:00 0 
7f8a5564f000-7f8a55735000 ---p 00000000 00:00 0 
7f8a55735000-7f8a5573a000 rw-p 00000000 00:00 0 
7f8a5573a000-7f8a55820000 ---p 00000000 00:00 0 
7f8a55820000-7f8a55825000 rw-p 00000000 00:00 0 
7f8a55825000-7f8a5582c000 ---p 00000000 00:00 0 
7f8a5582c000-7f8a5582e000 r--s 0000c000 00:1a 251728                     /usr/share/java/java-atk-wrapper.jar
7f8a5582e000-7f8a5583a000 r--p 00000000 00:1a 496497                     /usr/lib/jvm/java-16-openjdk-amd64/lib/libjava.so
7f8a5583a000-7f8a5584c000 r-xp 0000c000 00:1a 496497                     /usr/lib/jvm/java-16-openjdk-amd64/lib/libjava.so
7f8a5584c000-7f8a55852000 r--p 0001e000 00:1a 496497                     /usr/lib/jvm/java-16-openjdk-amd64/lib/libjava.so
7f8a55852000-7f8a55853000 ---p 00024000 00:1a 496497                     /usr/lib/jvm/java-16-openjdk-amd64/lib/libjava.so
7f8a55853000-7f8a55854000 r--p 00024000 00:1a 496497                     /usr/lib/jvm/java-16-openjdk-amd64/lib/libjava.so
7f8a55854000-7f8a55855000 rw-p 00025000 00:1a 496497                     /usr/lib/jvm/java-16-openjdk-amd64/lib/libjava.so
7f8a55855000-7f8a55856000 rw-p 00000000 00:00 0 
7f8a55856000-7f8a5585a000 ---p 00000000 00:00 0 
7f8a5585a000-7f8a55957000 rw-p 00000000 00:00 0 
7f8a55957000-7f8a5595a000 r--p 00000000 00:1a 1492919                    /usr/lib/x86_64-linux-gnu/libgcc_s.so.1
7f8a5595a000-7f8a5596c000 r-xp 00003000 00:1a 1492919                    /usr/lib/x86_64-linux-gnu/libgcc_s.so.1
7f8a5596c000-7f8a5596f000 r--p 00015000 00:1a 1492919                    /usr/lib/x86_64-linux-gnu/libgcc_s.so.1
7f8a5596f000-7f8a55970000 r--p 00018000 00:1a 1492919                    /usr/lib/x86_64-linux-gnu/libgcc_s.so.1
7f8a55970000-7f8a55971000 rw-p 00019000 00:1a 1492919                    /usr/lib/x86_64-linux-gnu/libgcc_s.so.1
7f8a55971000-7f8a55980000 r--p 00000000 00:1a 1494110                    /usr/lib/x86_64-linux-gnu/libm-2.31.so
7f8a55980000-7f8a55a1a000 r-xp 0000f000 00:1a 1494110                    /usr/lib/x86_64-linux-gnu/libm-2.31.so
7f8a55a1a000-7f8a55ab3000 r--p 000a9000 00:1a 1494110                    /usr/lib/x86_64-linux-gnu/libm-2.31.so
7f8a55ab3000-7f8a55ab4000 r--p 00141000 00:1a 1494110                    /usr/lib/x86_64-linux-gnu/libm-2.31.so
7f8a55ab4000-7f8a55ab5000 rw-p 00142000 00:1a 1494110                    /usr/lib/x86_64-linux-gnu/libm-2.31.so
7f8a55ab5000-7f8a55b4e000 r--p 00000000 00:1a 1492831                    /usr/lib/x86_64-linux-gnu/libstdc++.so.6.0.29
7f8a55b4e000-7f8a55c43000 r-xp 00099000 00:1a 1492831                    /usr/lib/x86_64-linux-gnu/libstdc++.so.6.0.29
7f8a55c43000-7f8a55caf000 r--p 0018e000 00:1a 1492831                    /usr/lib/x86_64-linux-gnu/libstdc++.so.6.0.29
7f8a55caf000-7f8a55cba000 r--p 001fa000 00:1a 1492831                    /usr/lib/x86_64-linux-gnu/libstdc++.so.6.0.29
7f8a55cba000-7f8a55cbd000 rw-p 00205000 00:1a 1492831                    /usr/lib/x86_64-linux-gnu/libstdc++.so.6.0.29
7f8a55cbd000-7f8a55cc0000 rw-p 00000000 00:00 0 
7f8a55cc0000-7f8a55f03000 r--p 00000000 00:1a 496524                     /usr/lib/jvm/java-16-openjdk-amd64/lib/server/libjvm.so
7f8a55f03000-7f8a56c23000 r-xp 00243000 00:1a 496524                     /usr/lib/jvm/java-16-openjdk-amd64/lib/server/libjvm.so
7f8a56c23000-7f8a56ea4000 r--p 00f63000 00:1a 496524                     /usr/lib/jvm/java-16-openjdk-amd64/lib/server/libjvm.so
7f8a56ea4000-7f8a56f58000 r--p 011e3000 00:1a 496524                     /usr/lib/jvm/java-16-openjdk-amd64/lib/server/libjvm.so
7f8a56f58000-7f8a56f8c000 rw-p 01297000 00:1a 496524                     /usr/lib/jvm/java-16-openjdk-amd64/lib/server/libjvm.so
7f8a56f8c000-7f8a56fe9000 rw-p 00000000 00:00 0 
7f8a56fe9000-7f8a56ff0000 r--p 00000000 00:1a 1494119                    /usr/lib/x86_64-linux-gnu/libpthread-2.31.so
7f8a56ff0000-7f8a57000000 r-xp 00007000 00:1a 1494119                    /usr/lib/x86_64-linux-gnu/libpthread-2.31.so
7f8a57000000-7f8a57005000 r--p 00017000 00:1a 1494119                    /usr/lib/x86_64-linux-gnu/libpthread-2.31.so
7f8a57005000-7f8a57006000 r--p 0001b000 00:1a 1494119                    /usr/lib/x86_64-linux-gnu/libpthread-2.31.so
7f8a57006000-7f8a57007000 rw-p 0001c000 00:1a 1494119                    /usr/lib/x86_64-linux-gnu/libpthread-2.31.so
7f8a57007000-7f8a5700b000 rw-p 00000000 00:00 0 
7f8a5700b000-7f8a5700c000 r--p 00000000 00:1a 1494109                    /usr/lib/x86_64-linux-gnu/libdl-2.31.so
7f8a5700c000-7f8a5700e000 r-xp 00001000 00:1a 1494109                    /usr/lib/x86_64-linux-gnu/libdl-2.31.so
7f8a5700e000-7f8a5700f000 r--p 00003000 00:1a 1494109                    /usr/lib/x86_64-linux-gnu/libdl-2.31.so
7f8a5700f000-7f8a57010000 r--p 00003000 00:1a 1494109                    /usr/lib/x86_64-linux-gnu/libdl-2.31.so
7f8a57010000-7f8a57011000 rw-p 00004000 00:1a 1494109                    /usr/lib/x86_64-linux-gnu/libdl-2.31.so
7f8a57011000-7f8a57014000 r--p 00000000 00:1a 1657974                    /usr/lib/x86_64-linux-gnu/libz.so.1.2.11
7f8a57014000-7f8a57025000 r-xp 00003000 00:1a 1657974                    /usr/lib/x86_64-linux-gnu/libz.so.1.2.11
7f8a57025000-7f8a5702b000 r--p 00014000 00:1a 1657974                    /usr/lib/x86_64-linux-gnu/libz.so.1.2.11
7f8a5702b000-7f8a5702c000 ---p 0001a000 00:1a 1657974                    /usr/lib/x86_64-linux-gnu/libz.so.1.2.11
7f8a5702c000-7f8a5702d000 r--p 0001a000 00:1a 1657974                    /usr/lib/x86_64-linux-gnu/libz.so.1.2.11
7f8a5702d000-7f8a5702e000 rw-p 0001b000 00:1a 1657974                    /usr/lib/x86_64-linux-gnu/libz.so.1.2.11
7f8a5702e000-7f8a57053000 r--p 00000000 00:1a 1494108                    /usr/lib/x86_64-linux-gnu/libc-2.31.so
7f8a57053000-7f8a5719e000 r-xp 00025000 00:1a 1494108                    /usr/lib/x86_64-linux-gnu/libc-2.31.so
7f8a5719e000-7f8a571e8000 r--p 00170000 00:1a 1494108                    /usr/lib/x86_64-linux-gnu/libc-2.31.so
7f8a571e8000-7f8a571e9000 ---p 001ba000 00:1a 1494108                    /usr/lib/x86_64-linux-gnu/libc-2.31.so
7f8a571e9000-7f8a571ec000 r--p 001ba000 00:1a 1494108                    /usr/lib/x86_64-linux-gnu/libc-2.31.so
7f8a571ec000-7f8a571ef000 rw-p 001bd000 00:1a 1494108                    /usr/lib/x86_64-linux-gnu/libc-2.31.so
7f8a571ef000-7f8a571f3000 rw-p 00000000 00:00 0 
7f8a571f3000-7f8a571f5000 r--p 00000000 00:1a 496517                     /usr/lib/jvm/java-16-openjdk-amd64/lib/libzip.so
7f8a571f5000-7f8a571f9000 r-xp 00002000 00:1a 496517                     /usr/lib/jvm/java-16-openjdk-amd64/lib/libzip.so
7f8a571f9000-7f8a571fb000 r--p 00006000 00:1a 496517                     /usr/lib/jvm/java-16-openjdk-amd64/lib/libzip.so
7f8a571fb000-7f8a571fc000 r--p 00007000 00:1a 496517                     /usr/lib/jvm/java-16-openjdk-amd64/lib/libzip.so
7f8a571fc000-7f8a571fd000 rw-p 00008000 00:1a 496517                     /usr/lib/jvm/java-16-openjdk-amd64/lib/libzip.so
7f8a571fd000-7f8a57205000 rw-s 00000000 00:1a 2111088                    /tmp/hsperfdata_laurin/13441
7f8a57205000-7f8a57208000 r--p 00000000 00:1a 1494116                    /usr/lib/x86_64-linux-gnu/libnss_files-2.31.so
7f8a57208000-7f8a5720f000 r-xp 00003000 00:1a 1494116                    /usr/lib/x86_64-linux-gnu/libnss_files-2.31.so
7f8a5720f000-7f8a57211000 r--p 0000a000 00:1a 1494116                    /usr/lib/x86_64-linux-gnu/libnss_files-2.31.so
7f8a57211000-7f8a57212000 r--p 0000b000 00:1a 1494116                    /usr/lib/x86_64-linux-gnu/libnss_files-2.31.so
7f8a57212000-7f8a57213000 rw-p 0000c000 00:1a 1494116                    /usr/lib/x86_64-linux-gnu/libnss_files-2.31.so
7f8a57213000-7f8a57219000 rw-p 00000000 00:00 0 
7f8a57219000-7f8a5721a000 ---p 00000000 00:00 0 
7f8a5721a000-7f8a5721b000 r--p 00000000 00:00 0 
7f8a5721b000-7f8a5721d000 r--p 00000000 00:1a 496501                     /usr/lib/jvm/java-16-openjdk-amd64/lib/libjimage.so
7f8a5721d000-7f8a57220000 r-xp 00002000 00:1a 496501                     /usr/lib/jvm/java-16-openjdk-amd64/lib/libjimage.so
7f8a57220000-7f8a57221000 r--p 00005000 00:1a 496501                     /usr/lib/jvm/java-16-openjdk-amd64/lib/libjimage.so
7f8a57221000-7f8a57222000 ---p 00006000 00:1a 496501                     /usr/lib/jvm/java-16-openjdk-amd64/lib/libjimage.so
7f8a57222000-7f8a57223000 r--p 00006000 00:1a 496501                     /usr/lib/jvm/java-16-openjdk-amd64/lib/libjimage.so
7f8a57223000-7f8a57224000 rw-p 00007000 00:1a 496501                     /usr/lib/jvm/java-16-openjdk-amd64/lib/libjimage.so
7f8a57224000-7f8a57226000 r--p 00000000 00:1a 496502                     /usr/lib/jvm/java-16-openjdk-amd64/lib/libjli.so
7f8a57226000-7f8a57230000 r-xp 00002000 00:1a 496502                     /usr/lib/jvm/java-16-openjdk-amd64/lib/libjli.so
7f8a57230000-7f8a57233000 r--p 0000c000 00:1a 496502                     /usr/lib/jvm/java-16-openjdk-amd64/lib/libjli.so
7f8a57233000-7f8a57234000 ---p 0000f000 00:1a 496502                     /usr/lib/jvm/java-16-openjdk-amd64/lib/libjli.so
7f8a57234000-7f8a57235000 r--p 0000f000 00:1a 496502                     /usr/lib/jvm/java-16-openjdk-amd64/lib/libjli.so
7f8a57235000-7f8a57236000 rw-p 00010000 00:1a 496502                     /usr/lib/jvm/java-16-openjdk-amd64/lib/libjli.so
7f8a57236000-7f8a57238000 rw-p 00000000 00:00 0 
7f8a57238000-7f8a57239000 r--p 00000000 00:1a 1494104                    /usr/lib/x86_64-linux-gnu/ld-2.31.so
7f8a57239000-7f8a57259000 r-xp 00001000 00:1a 1494104                    /usr/lib/x86_64-linux-gnu/ld-2.31.so
7f8a57259000-7f8a57261000 r--p 00021000 00:1a 1494104                    /usr/lib/x86_64-linux-gnu/ld-2.31.so
7f8a57261000-7f8a57262000 ---p 00000000 00:00 0 
7f8a57262000-7f8a57263000 r--p 00029000 00:1a 1494104                    /usr/lib/x86_64-linux-gnu/ld-2.31.so
7f8a57263000-7f8a57264000 rw-p 0002a000 00:1a 1494104                    /usr/lib/x86_64-linux-gnu/ld-2.31.so
7f8a57264000-7f8a57265000 rw-p 00000000 00:00 0 
7fff34dc7000-7fff34de9000 rw-p 00000000 00:00 0                          [stack]
7fff34dec000-7fff34df0000 r--p 00000000 00:00 0                          [vvar]
7fff34df0000-7fff34df2000 r-xp 00000000 00:00 0                          [vdso]


VM Arguments:
jvm_args: -Dfile.encoding=UTF-8 -XX:+ShowCodeDetailsInExceptionMessages 
java_command: resources.ResourceLoader
java_class_path (initial): /media/laurin/Laurin Festplatte/Programmieren/Java/3D-Workbench/LWJGL_GameEngine3/bin:/media/laurin/Laurin Festplatte/Programmieren/Java/3D-Workbench/LWJGL_GameEngine3/lib/lwjgl/lwjgl.jar:/media/laurin/Laurin Festplatte/Programmieren/Java/3D-Workbench/LWJGL_GameEngine3/lib/lwjgl/lwjgl-glfw.jar:/media/laurin/Laurin Festplatte/Programmieren/Java/3D-Workbench/LWJGL_GameEngine3/lib/lwjgl/lwjgl-glfw-javadoc.jar:/media/laurin/Laurin Festplatte/Programmieren/Java/3D-Workbench/LWJGL_GameEngine3/lib/lwjgl/lwjgl-glfw-natives-linux.jar:/media/laurin/Laurin Festplatte/Programmieren/Java/3D-Workbench/LWJGL_GameEngine3/lib/lwjgl/lwjgl-glfw-sources.jar:/media/laurin/Laurin Festplatte/Programmieren/Java/3D-Workbench/LWJGL_GameEngine3/lib/lwjgl/lwjgl-javadoc.jar:/media/laurin/Laurin Festplatte/Programmieren/Java/3D-Workbench/LWJGL_GameEngine3/lib/lwjgl/lwjgl-opengl.jar:/media/laurin/Laurin Festplatte/Programmieren/Java/3D-Workbench/LWJGL_GameEngine3/lib/lwjgl/lwjgl-opengles.jar:/media/laurin/Laurin Festplatte/Programmieren/Java/3D-Workbench/LWJGL_GameEngine3/lib/lwjgl/lwjgl-opengles-javadoc.jar:/media/laurin/Laurin Festplatte/Programmieren/Java/3D-Workbench/LWJGL_GameEngine3/lib/lwjgl/lwjgl-opengles-natives-linux.jar:/media/laurin/Laurin Festplatte/Programmieren/Java/3D-Workbench/LWJGL_GameEngine3/lib/lwjgl/lwjgl-opengles-sources.jar:/media/laurin/Laurin Festplatte/Programmieren/Java/3D-Workbench/LWJGL_GameEngine3/lib/lwjgl/lwjgl-opengl-javadoc.jar:/media/laurin/Laurin Festplatte/Programmieren/Java/3D-Workbench/LWJGL_GameEngine3/lib/lwjgl/lwjgl-opengl-natives-linux.jar:/media/laurin/Laurin Festplatte/Programmieren/Java/3D-Workbench/LWJGL_GameEngine3/lib/lwjgl/lwjgl-opengl-sources.jar:/media/laurin/Laurin Festplatte/Programmieren/Java/3D-Workbench/LWJGL_GameEngine3/lib/lwjgl/lwjgl-natives-linux.jar:/media/laurin/Laurin Festplatte/Programmieren/Java/3D-Workbench/LWJGL_GameEngine3/lib/math/GLM.jar:/media/laurin/Laurin Festplatte/Programmieren/Java/3D-Workbe
Launcher Type: SUN_STANDARD

[Global flags]
     intx CICompilerCount                          = 3                                         {product} {ergonomic}
     uint ConcGCThreads                            = 1                                         {product} {ergonomic}
     uint G1ConcRefinementThreads                  = 4                                         {product} {ergonomic}
   size_t G1HeapRegionSize                         = 1048576                                   {product} {ergonomic}
    uintx GCDrainStackTargetSize                   = 64                                        {product} {ergonomic}
   size_t InitialHeapSize                          = 130023424                                 {product} {ergonomic}
   size_t MarkStackSize                            = 4194304                                   {product} {ergonomic}
   size_t MaxHeapSize                              = 2053111808                                {product} {ergonomic}
   size_t MaxNewSize                               = 1231028224                                {product} {ergonomic}
   size_t MinHeapDeltaBytes                        = 1048576                                   {product} {ergonomic}
   size_t MinHeapSize                              = 8388608                                   {product} {ergonomic}
    uintx NonNMethodCodeHeapSize                   = 5832780                                {pd product} {ergonomic}
    uintx NonProfiledCodeHeapSize                  = 122912730                              {pd product} {ergonomic}
    uintx ProfiledCodeHeapSize                     = 122912730                              {pd product} {ergonomic}
    uintx ReservedCodeCacheSize                    = 251658240                              {pd product} {ergonomic}
     bool SegmentedCodeCache                       = true                                      {product} {ergonomic}
     bool ShowCodeDetailsInExceptionMessages       = true                                   {manageable} {command line}
   size_t SoftMaxHeapSize                          = 2053111808                             {manageable} {ergonomic}
     bool UseCompressedClassPointers               = true                           {product lp64_product} {ergonomic}
     bool UseCompressedOops                        = true                           {product lp64_product} {ergonomic}
     bool UseG1GC                                  = true                                      {product} {ergonomic}

Logging:
Log output configuration:
 #0: stdout all=warning uptime,level,tags
 #1: stderr all=off uptime,level,tags

Environment Variables:
PATH=/usr/local/bin:/usr/bin:/bin:/usr/local/games:/usr/games
SHELL=/bin/bash
DISPLAY=:0
LANG=de_DE.UTF-8

Signal Handlers:
SIGSEGV: [libjvm.so+0xee92f0], sa_mask[0]=11100100010111111101111111111110, sa_flags=SA_RESTART|SA_SIGINFO
SIGBUS: [libjvm.so+0xee92f0], sa_mask[0]=11100100010111111101111111111110, sa_flags=SA_RESTART|SA_SIGINFO
SIGFPE: [libjvm.so+0xee92f0], sa_mask[0]=11100100010111111101111111111110, sa_flags=SA_RESTART|SA_SIGINFO
SIGPIPE: [libjvm.so+0xd8fe40], sa_mask[0]=11100100010111111101111111111110, sa_flags=SA_RESTART|SA_SIGINFO
SIGXFSZ: [libjvm.so+0xd8fe40], sa_mask[0]=11100100010111111101111111111110, sa_flags=SA_RESTART|SA_SIGINFO
SIGILL: [libjvm.so+0xee92f0], sa_mask[0]=11100100010111111101111111111110, sa_flags=SA_RESTART|SA_SIGINFO
SIGUSR2: [libjvm.so+0xd8f530], sa_mask[0]=00100000000000000000000000000000, sa_flags=SA_RESTART|SA_SIGINFO
SIGHUP: [libjvm.so+0xd8f460], sa_mask[0]=11100100010111111101111111111110, sa_flags=SA_RESTART|SA_SIGINFO
SIGINT: [libjvm.so+0xd8f460], sa_mask[0]=11100100010111111101111111111110, sa_flags=SA_RESTART|SA_SIGINFO
SIGTERM: [libjvm.so+0xd8f460], sa_mask[0]=11100100010111111101111111111110, sa_flags=SA_RESTART|SA_SIGINFO
SIGQUIT: [libjvm.so+0xd8f460], sa_mask[0]=11100100010111111101111111111110, sa_flags=SA_RESTART|SA_SIGINFO
SIGTRAP: [libjvm.so+0xee92f0], sa_mask[0]=11100100010111111101111111111110, sa_flags=SA_RESTART|SA_SIGINFO


---------------  S Y S T E M  ---------------

OS:
PRETTY_NAME="Parrot OS 5.0 (Electro Ara)"
NAME="Parrot OS"
VERSION_ID="5.0"
VERSION="5.0 (Electro Ara)"
VERSION_CODENAME=ara
ID=parrot
ID_LIKE=debian
HOME_URL="https://www.parrotsec.org/"
SUPPORT_URL="https://community.parrotsec.org/"
BUG_REPORT_URL="https://community.parrotsec.org/"
uname: Linux 5.16.0-12parrot1-amd64 #1 SMP PREEMPT Debian 5.16.12-2parrot1 (2022-03-11) x86_64
OS uptime: 0 days 2:21 hours
libc: glibc 2.31 NPTL 2.31 
rlimit (soft/hard): STACK 8192k/infinity , CORE 0k/infinity , NPROC 30914/30914 , NOFILE 1048576/1048576 , AS infinity/infinity , CPU infinity/infinity , DATA infinity/infinity , FSIZE infinity/infinity , MEMLOCK 1002270k/1002270k
load average: 3,84 2,25 1,75

/proc/meminfo:
MemTotal:        8018160 kB
MemFree:          725068 kB
MemAvailable:    2963340 kB
Buffers:          477064 kB
Cached:          2653732 kB
SwapCached:            0 kB
Active:          1393984 kB
Inactive:        4727408 kB
Active(anon):       2416 kB
Inactive(anon):  3716700 kB
Active(file):    1391568 kB
Inactive(file):  1010708 kB
Unevictable:      702564 kB
Mlocked:             144 kB
SwapTotal:             0 kB
SwapFree:              0 kB
Dirty:               344 kB
Writeback:             0 kB
AnonPages:       3599812 kB
Mapped:           677928 kB
Shmem:            738652 kB
KReclaimable:     119496 kB
Slab:             261856 kB
SReclaimable:     119496 kB
SUnreclaim:       142360 kB
KernelStack:       20152 kB
PageTables:        43752 kB
NFS_Unstable:          0 kB
Bounce:                0 kB
WritebackTmp:          0 kB
CommitLimit:     4009080 kB
Committed_AS:   11490024 kB
VmallocTotal:   34359738367 kB
VmallocUsed:       64596 kB
VmallocChunk:          0 kB
Percpu:             3520 kB
HardwareCorrupted:     0 kB
AnonHugePages:    952320 kB
ShmemHugePages:   409600 kB
ShmemPmdMapped:        0 kB
FileHugePages:         0 kB
FilePmdMapped:         0 kB
HugePages_Total:       0
HugePages_Free:        0
HugePages_Rsvd:        0
HugePages_Surp:        0
Hugepagesize:       2048 kB
Hugetlb:               0 kB
DirectMap4k:      274420 kB
DirectMap2M:     7987200 kB
DirectMap1G:           0 kB

/sys/kernel/mm/transparent_hugepage/enabled: [always] madvise never
/sys/kernel/mm/transparent_hugepage/defrag (defrag/compaction efforts parameter): always defer defer+madvise [madvise] never

Process Memory:
Virtual Size: 4815128K (peak: 4875304K)
Resident Set Size: 50004K (peak: 50004K) (anon: 20736K, file: 29268K, shmem: 0K)
Swapped out: 0K
C-Heap outstanding allocations: 5136K

/proc/sys/kernel/threads-max (system-wide limit on the number of threads): 61828
/proc/sys/vm/max_map_count (maximum number of memory map areas a process may have): 65530
/proc/sys/kernel/pid_max (system-wide limit on number of process identifiers): 4194304

container (cgroup) information:
container_type: cgroupv2
cpu_cpuset_cpus: not supported
cpu_memory_nodes: not supported
active_processor_count: 4
cpu_quota: not supported
cpu_period: not supported
cpu_shares: not supported
memory_limit_in_bytes: unlimited
memory_and_swap_limit_in_bytes: unlimited
memory_soft_limit_in_bytes: unlimited
memory_usage_in_bytes: 1246253056
memory_max_usage_in_bytes: not supported

Steal ticks since vm start: 0
Steal ticks percentage since vm start:  0,000

CPU: total 4 (initial active 4) (2 cores per cpu, 2 threads per core) family 6 model 142 stepping 9 microcode 0xec, cx8, cmov, fxsr, ht, mmx, 3dnowpref, sse, sse2, sse3, ssse3, sse4.1, sse4.2, popcnt, lzcnt, tsc, tscinvbit, avx, avx2, aes, erms, clmul, bmi1, bmi2, adx, fma, vzeroupper, clflush, clflushopt
CPU Model and flags from /proc/cpuinfo:
model name	: Intel(R) Core(TM) i3-7020U CPU @ 2.30GHz
flags		: fpu vme de pse tsc msr pae mce cx8 apic sep mtrr pge mca cmov pat pse36 clflush dts acpi mmx fxsr sse sse2 ss ht tm pbe syscall nx pdpe1gb rdtscp lm constant_tsc art arch_perfmon pebs bts rep_good nopl xtopology nonstop_tsc cpuid aperfmperf pni pclmulqdq dtes64 monitor ds_cpl vmx est tm2 ssse3 sdbg fma cx16 xtpr pdcm pcid sse4_1 sse4_2 x2apic movbe popcnt tsc_deadline_timer aes xsave avx f16c rdrand lahf_lm abm 3dnowprefetch cpuid_fault epb invpcid_single pti ssbd ibrs ibpb stibp tpr_shadow vnmi flexpriority ept vpid ept_ad fsgsbase tsc_adjust bmi1 avx2 smep bmi2 erms invpcid mpx rdseed adx smap clflushopt intel_pt xsaveopt xsavec xgetbv1 xsaves dtherm arat pln pts hwp hwp_notify hwp_act_window hwp_epp md_clear flush_l1d arch_capabilities

Online cpus: 0-3
Offline cpus: 
BIOS frequency limitation: <Not Available>
Frequency switch latency (ns): 0
Available cpu frequencies: <Not Available>
Current governor: powersave
Core performance/turbo boost: <Not Available>

Memory: 4k page, physical 8018160k(725068k free), swap 0k(0k free)

vm_info: OpenJDK 64-Bit Server VM (16-ea+35-Debian-1) for linux-amd64 JRE (16-ea+35-Debian-1), built on Feb  5 2021 13:38:50 by "unknown" with gcc 10.2.1 20210110

END.
