#
# A fatal error has been detected by the Java Runtime Environment:
#
#  SIGSEGV (0xb) at pc=0x00007fa5177314eb, pid=13671, tid=13673
#
# JRE version: OpenJDK Runtime Environment (16.0+35) (build 16-ea+35-Debian-1)
# Java VM: OpenJDK 64-Bit Server VM (16-ea+35-Debian-1, mixed mode, sharing, tiered, compressed oops, g1 gc, linux-amd64)
# Problematic frame:
# C  [liblwjgl_stb.so+0x144eb]
#
# No core dump will be written. Core dumps have been disabled. To enable core dumping, try "ulimit -c unlimited" before starting Java again
#
# If you would like to submit a bug report, please visit:
#   https://bugs.debian.org/openjdk-16
# The crash happened outside the Java Virtual Machine in native code.
# See problematic frame for where to report the bug.
#

---------------  S U M M A R Y ------------

Command Line: -Dfile.encoding=UTF-8 -XX:+ShowCodeDetailsInExceptionMessages resources.ResourceLoader

Host: Intel(R) Core(TM) i3-7020U CPU @ 2.30GHz, 4 cores, 7G, Parrot OS 5.0 (Electro Ara)
Time: Fri Jul 15 10:24:40 2022 CEST elapsed time: 0.363033 seconds (0d 0h 0m 0s)

---------------  T H R E A D  ---------------

Current thread (0x00007fa56c011200):  JavaThread "main" [_thread_in_native, id=13673, stack(0x00007fa5709bd000,0x00007fa570abe000)]

Stack: [0x00007fa5709bd000,0x00007fa570abe000],  sp=0x00007fa570abc490,  free space=1021k
Native frames: (J=compiled Java code, A=aot compiled Java code, j=interpreted, Vv=VM code, C=native code)
C  [liblwjgl_stb.so+0x144eb]

Java frames: (J=compiled Java code, j=interpreted, Vv=VM code)
j  org.lwjgl.stb.STBImage.nstbi_load_from_memory(JIJJJI)J+0
j  org.lwjgl.stb.STBImage.stbi_load_from_memory(Ljava/nio/ByteBuffer;Ljava/nio/IntBuffer;Ljava/nio/IntBuffer;Ljava/nio/IntBuffer;I)Ljava/nio/ByteBuffer;+43
j  resources.ResourceLoader.main([Ljava/lang/String;)V+47
v  ~StubRoutines::call_stub

siginfo: si_signo: 11 (SIGSEGV), si_code: 1 (SEGV_MAPERR), si_addr: 0x0000000000000010

Register to memory mapping:

RAX=0x000000000000218a is an unknown value
RBX=0x00007fa570abc6ac is pointing into the stack for thread: 0x00007fa56c011200
RCX=0x0000000000000010 is an unknown value
RDX=0x0000000000000011 is an unknown value
RSP=0x00007fa570abc490 is pointing into the stack for thread: 0x00007fa56c011200
RBP=0x00007fa56c2bc87c points into unknown readable memory: 00 00 00 00
RSI=0x00007fa56c2bc87c points into unknown readable memory: 00 00 00 00
RDI=0x00007fa570abc700 is pointing into the stack for thread: 0x00007fa56c011200
R8 =0x0 is NULL
R9 =0x00007fa570abc6ac is pointing into the stack for thread: 0x00007fa56c011200
R10=0x00007fa554372c2c is at code_begin+876 in an Interpreter codelet
method entry point (kind = native)  [0x00007fa5543728c0, 0x00007fa554373180]  2240 bytes
R11=0x000000008d2fdee0 is an oop: java.lang.Class 
{0x000000008d2fdee0} - klass: 'java/lang/Class'
R12=0x00007fa56c2bc878 points into unknown readable memory: 0x0000000000000000 | 00 00 00 00 00 00 00 00
R13=0x00007fa570abc700 is pointing into the stack for thread: 0x00007fa56c011200
R14=0x00007fa570abc900 is pointing into the stack for thread: 0x00007fa56c011200
R15=0x0 is NULL


Registers:
RAX=0x000000000000218a, RBX=0x00007fa570abc6ac, RCX=0x0000000000000010, RDX=0x0000000000000011
RSP=0x00007fa570abc490, RBP=0x00007fa56c2bc87c, RSI=0x00007fa56c2bc87c, RDI=0x00007fa570abc700
R8 =0x0000000000000000, R9 =0x00007fa570abc6ac, R10=0x00007fa554372c2c, R11=0x000000008d2fdee0
R12=0x00007fa56c2bc878, R13=0x00007fa570abc700, R14=0x00007fa570abc900, R15=0x0000000000000000
RIP=0x00007fa5177314eb, EFLAGS=0x0000000000010293, CSGSFS=0x002b000000000033, ERR=0x0000000000000004
  TRAPNO=0x000000000000000e

Top of Stack: (sp=0x00007fa570abc490)
0x00007fa570abc490:   00007fa56c2bc874 00007fa56c2bc87c
0x00007fa570abc4a0:   00007fa56c2bc878 0000000000000000
0x00007fa570abc4b0:   00007fa500000007 00007fa554370397
0x00007fa570abc4c0:   00007fa570abc510 00007fa571638100 

Instructions: (pc=0x00007fa5177314eb)
0x00007fa5177313eb:   00 4c 89 ef 41 0f 11 85 c0 00 00 00 48 89 b0 18
0x00007fa5177313fb:   00 00 00 e8 ed 9a ff ff 3c 42 0f 84 65 05 00 00
0x00007fa51773140b:   f3 41 0f 6f 85 d0 00 00 00 41 0f 11 85 c0 00 00
0x00007fa51773141b:   00 4c 89 ef e8 cc 9a ff ff 3c 47 0f 84 e4 05 00
0x00007fa51773142b:   00 f3 41 0f 6f 85 d0 00 00 00 41 0f 11 85 c0 00
0x00007fa51773143b:   00 00 4c 89 ef 4c 8d 25 84 11 05 00 e8 24 9f ff
0x00007fa51773144b:   ff 3d 53 50 42 38 49 8d 6c 24 04 f3 41 0f 6f 85
0x00007fa51773145b:   d0 00 00 00 41 0f 11 85 c0 00 00 00 0f 84 75 0d
0x00007fa51773146b:   00 00 4c 89 ef e8 7b 9a ff ff 41 3a 04 24 0f 85
0x00007fa51773147b:   d1 06 00 00 49 83 c4 01 49 39 ec 75 e5 49 8b 95
0x00007fa51773148b:   c0 00 00 00 49 8b 85 c8 00 00 00 41 bc 54 00 00
0x00007fa51773149b:   00 49 8d 6d 38 eb 25 0f 1f 40 00 66 2e 0f 1f 84
0x00007fa5177314ab:   00 00 00 00 00 45 8b 75 30 45 85 f6 0f 85 e3 05
0x00007fa5177314bb:   00 00 41 83 ec 01 0f 84 69 09 00 00 48 39 c2 73
0x00007fa5177314cb:   e4 48 83 c2 01 49 89 95 c0 00 00 00 eb e4 0f 1f
0x00007fa5177314db:   80 00 00 00 00 48 8d 51 01 48 89 97 c0 00 00 00
0x00007fa5177314eb:   0f b6 09 80 f9 89 0f 85 d9 fe ff ff 48 39 c2 72
0x00007fa5177314fb:   64 45 8b 65 30 45 85 e4 0f 84 c7 fe ff ff 49 8d
0x00007fa51773150b:   6d 38 41 8b 55 34 49 8b 7d 28 48 89 ee 41 ff 55
0x00007fa51773151b:   10 49 8b 95 c0 00 00 00 49 2b 95 d0 00 00 00 49
0x00007fa51773152b:   8d 4d 39 41 01 95 b8 00 00 00 85 c0 0f 84 f3 05
0x00007fa51773153b:   00 00 48 98 41 0f b6 55 38 49 89 8d c0 00 00 00
0x00007fa51773154b:   48 01 e8 49 89 85 c8 00 00 00 eb 17 66 0f 1f 84
0x00007fa51773155b:   00 00 00 00 00 48 8d 4a 01 49 89 8d c0 00 00 00
0x00007fa51773156b:   0f b6 12 80 fa 50 0f 85 59 fe ff ff 48 39 c1 72
0x00007fa51773157b:   64 41 8b 6d 30 85 ed 0f 84 48 fe ff ff 49 8d 6d
0x00007fa51773158b:   38 41 8b 55 34 49 8b 7d 28 48 89 ee 41 ff 55 10
0x00007fa51773159b:   49 8b 95 c0 00 00 00 49 2b 95 d0 00 00 00 41 01
0x00007fa5177315ab:   95 b8 00 00 00 85 c0 49 8d 55 39 0f 84 54 05 00
0x00007fa5177315bb:   00 48 98 41 0f b6 4d 38 49 89 95 c0 00 00 00 48
0x00007fa5177315cb:   01 e8 49 89 85 c8 00 00 00 eb 18 66 2e 0f 1f 84
0x00007fa5177315db:   00 00 00 00 00 48 8d 51 01 49 89 95 c0 00 00 00 


Stack slot to memory mapping:
stack at sp + 0 slots: 0x00007fa56c2bc874 points into unknown readable memory: 00 00 00 00
stack at sp + 1 slots: 0x00007fa56c2bc87c points into unknown readable memory: 00 00 00 00
stack at sp + 2 slots: 0x00007fa56c2bc878 points into unknown readable memory: 0x0000000000000000 | 00 00 00 00 00 00 00 00
stack at sp + 3 slots: 0x0 is NULL
stack at sp + 4 slots: 0x00007fa500000007 points into unknown readable memory: 00
stack at sp + 5 slots: 0x00007fa554370397 is at code_begin+23 in an Interpreter codelet
result handlers for native calls  [0x00007fa554370380, 0x00007fa5543703a0]  32 bytes
stack at sp + 6 slots: 0x00007fa570abc510 is pointing into the stack for thread: 0x00007fa56c011200
stack at sp + 7 slots: 0x00007fa571638100: <offset 0x0000000000811100> in /usr/lib/jvm/java-16-openjdk-amd64/lib/server/libjvm.so at 0x00007fa570e27000


---------------  P R O C E S S  ---------------

Threads class SMR info:
_java_thread_list=0x00007fa56c120e70, length=11, elements={
0x00007fa56c011200, 0x00007fa56c101c40, 0x00007fa56c1031c0, 0x00007fa56c10b840,
0x00007fa56c10cd90, 0x00007fa56c10e2b0, 0x00007fa56c10fd90, 0x00007fa56c1113f0,
0x00007fa56c112990, 0x00007fa56c11bcc0, 0x00007fa56c11fd70
}

Java Threads: ( => current thread )
=>0x00007fa56c011200 JavaThread "main" [_thread_in_native, id=13673, stack(0x00007fa5709bd000,0x00007fa570abe000)]
  0x00007fa56c101c40 JavaThread "Reference Handler" daemon [_thread_blocked, id=13686, stack(0x00007fa54d1d5000,0x00007fa54d2d6000)]
  0x00007fa56c1031c0 JavaThread "Finalizer" daemon [_thread_blocked, id=13687, stack(0x00007fa54d0d4000,0x00007fa54d1d5000)]
  0x00007fa56c10b840 JavaThread "Signal Dispatcher" daemon [_thread_blocked, id=13688, stack(0x00007fa54c487000,0x00007fa54c588000)]
  0x00007fa56c10cd90 JavaThread "Service Thread" daemon [_thread_blocked, id=13689, stack(0x00007fa54c386000,0x00007fa54c487000)]
  0x00007fa56c10e2b0 JavaThread "Monitor Deflation Thread" daemon [_thread_blocked, id=13690, stack(0x00007fa54c285000,0x00007fa54c386000)]
  0x00007fa56c10fd90 JavaThread "C2 CompilerThread0" daemon [_thread_blocked, id=13691, stack(0x00007fa54c184000,0x00007fa54c285000)]
  0x00007fa56c1113f0 JavaThread "C1 CompilerThread0" daemon [_thread_blocked, id=13692, stack(0x00007fa54c083000,0x00007fa54c184000)]
  0x00007fa56c112990 JavaThread "Sweeper thread" daemon [_thread_blocked, id=13693, stack(0x00007fa517eff000,0x00007fa518000000)]
  0x00007fa56c11bcc0 JavaThread "Notification Thread" daemon [_thread_blocked, id=13694, stack(0x00007fa517dfe000,0x00007fa517eff000)]
  0x00007fa56c11fd70 JavaThread "Common-Cleaner" daemon [_thread_blocked, id=13696, stack(0x00007fa517bfb000,0x00007fa517cfc000)]

Other Threads:
  0x00007fa56c0ff680 VMThread "VM Thread" [stack: 0x00007fa54d2d8000,0x00007fa54d3d8000] [id=13685]
  0x00007fa56c11d790 WatcherThread [stack: 0x00007fa517cfe000,0x00007fa517dfe000] [id=13695]
  0x00007fa56c050460 GCTaskThread "GC Thread#0" [stack: 0x00007fa57026b000,0x00007fa57036b000] [id=13676]
  0x00007fa56c060ff0 ConcurrentGCThread "G1 Main Marker" [stack: 0x00007fa570169000,0x00007fa570269000] [id=13677]
  0x00007fa56c062080 ConcurrentGCThread "G1 Conc#0" [stack: 0x00007fa570067000,0x00007fa570167000] [id=13680]
  0x00007fa56c0c7820 ConcurrentGCThread "G1 Refine#0" [stack: 0x00007fa54d5b8000,0x00007fa54d6b8000] [id=13681]
  0x00007fa56c0c8840 ConcurrentGCThread "G1 Service" [stack: 0x00007fa54d4b6000,0x00007fa54d5b6000] [id=13683]

Threads with active compile tasks:

VM state: not at safepoint (normal execution)

VM Mutex/Monitor currently owned by a thread: None

Heap address: 0x0000000085a00000, size: 1958 MB, Compressed Oops mode: 32-bit
CDS archive(s) mapped at: [0x0000000800000000-0x0000000800bf9000-0x0000000800bf9000), size 12554240, SharedBaseAddress: 0x0000000800000000, ArchiveRelocationMode: 0.
Compressed class space mapped at: 0x0000000800c00000-0x0000000840c00000, reserved size: 1073741824
Narrow klass base: 0x0000000800000000, Narrow klass shift: 3, Narrow klass range: 0x100000000

GC Precious Log:
 CPUs: 4 total, 4 available
 Memory: 7830M
 Large Page Support: Disabled
 NUMA Support: Disabled
 Compressed Oops: Enabled (32-bit)
 Heap Region Size: 1M
 Heap Min Capacity: 8M
 Heap Initial Capacity: 124M
 Heap Max Capacity: 1958M
 Pre-touch: Disabled
 Parallel Workers: 4
 Concurrent Workers: 1
 Concurrent Refinement Workers: 4
 Periodic GC: Disabled

Heap:
 garbage-first heap   total 129024K, used 5112K [0x0000000085a00000, 0x0000000100000000)
  region size 1024K, 5 young (5120K), 0 survivors (0K)
 Metaspace       used 1901K, committed 2112K, reserved 1056768K
  class space    used 149K, committed 256K, reserved 1048576K

Heap Regions: E=young(eden), S=young(survivor), O=old, HS=humongous(starts), HC=humongous(continues), CS=collection set, F=free, OA=open archive, CA=closed archive, TAMS=top-at-mark-start (previous, next)
|   0|0x0000000085a00000, 0x0000000085a00000, 0x0000000085b00000|  0%| F|  |TAMS 0x0000000085a00000, 0x0000000085a00000| Untracked 
|   1|0x0000000085b00000, 0x0000000085b00000, 0x0000000085c00000|  0%| F|  |TAMS 0x0000000085b00000, 0x0000000085b00000| Untracked 
|   2|0x0000000085c00000, 0x0000000085c00000, 0x0000000085d00000|  0%| F|  |TAMS 0x0000000085c00000, 0x0000000085c00000| Untracked 
|   3|0x0000000085d00000, 0x0000000085d00000, 0x0000000085e00000|  0%| F|  |TAMS 0x0000000085d00000, 0x0000000085d00000| Untracked 
|   4|0x0000000085e00000, 0x0000000085e00000, 0x0000000085f00000|  0%| F|  |TAMS 0x0000000085e00000, 0x0000000085e00000| Untracked 
|   5|0x0000000085f00000, 0x0000000085f00000, 0x0000000086000000|  0%| F|  |TAMS 0x0000000085f00000, 0x0000000085f00000| Untracked 
|   6|0x0000000086000000, 0x0000000086000000, 0x0000000086100000|  0%| F|  |TAMS 0x0000000086000000, 0x0000000086000000| Untracked 
|   7|0x0000000086100000, 0x0000000086100000, 0x0000000086200000|  0%| F|  |TAMS 0x0000000086100000, 0x0000000086100000| Untracked 
|   8|0x0000000086200000, 0x0000000086200000, 0x0000000086300000|  0%| F|  |TAMS 0x0000000086200000, 0x0000000086200000| Untracked 
|   9|0x0000000086300000, 0x0000000086300000, 0x0000000086400000|  0%| F|  |TAMS 0x0000000086300000, 0x0000000086300000| Untracked 
|  10|0x0000000086400000, 0x0000000086400000, 0x0000000086500000|  0%| F|  |TAMS 0x0000000086400000, 0x0000000086400000| Untracked 
|  11|0x0000000086500000, 0x0000000086500000, 0x0000000086600000|  0%| F|  |TAMS 0x0000000086500000, 0x0000000086500000| Untracked 
|  12|0x0000000086600000, 0x0000000086600000, 0x0000000086700000|  0%| F|  |TAMS 0x0000000086600000, 0x0000000086600000| Untracked 
|  13|0x0000000086700000, 0x0000000086700000, 0x0000000086800000|  0%| F|  |TAMS 0x0000000086700000, 0x0000000086700000| Untracked 
|  14|0x0000000086800000, 0x0000000086800000, 0x0000000086900000|  0%| F|  |TAMS 0x0000000086800000, 0x0000000086800000| Untracked 
|  15|0x0000000086900000, 0x0000000086900000, 0x0000000086a00000|  0%| F|  |TAMS 0x0000000086900000, 0x0000000086900000| Untracked 
|  16|0x0000000086a00000, 0x0000000086a00000, 0x0000000086b00000|  0%| F|  |TAMS 0x0000000086a00000, 0x0000000086a00000| Untracked 
|  17|0x0000000086b00000, 0x0000000086b00000, 0x0000000086c00000|  0%| F|  |TAMS 0x0000000086b00000, 0x0000000086b00000| Untracked 
|  18|0x0000000086c00000, 0x0000000086c00000, 0x0000000086d00000|  0%| F|  |TAMS 0x0000000086c00000, 0x0000000086c00000| Untracked 
|  19|0x0000000086d00000, 0x0000000086d00000, 0x0000000086e00000|  0%| F|  |TAMS 0x0000000086d00000, 0x0000000086d00000| Untracked 
|  20|0x0000000086e00000, 0x0000000086e00000, 0x0000000086f00000|  0%| F|  |TAMS 0x0000000086e00000, 0x0000000086e00000| Untracked 
|  21|0x0000000086f00000, 0x0000000086f00000, 0x0000000087000000|  0%| F|  |TAMS 0x0000000086f00000, 0x0000000086f00000| Untracked 
|  22|0x0000000087000000, 0x0000000087000000, 0x0000000087100000|  0%| F|  |TAMS 0x0000000087000000, 0x0000000087000000| Untracked 
|  23|0x0000000087100000, 0x0000000087100000, 0x0000000087200000|  0%| F|  |TAMS 0x0000000087100000, 0x0000000087100000| Untracked 
|  24|0x0000000087200000, 0x0000000087200000, 0x0000000087300000|  0%| F|  |TAMS 0x0000000087200000, 0x0000000087200000| Untracked 
|  25|0x0000000087300000, 0x0000000087300000, 0x0000000087400000|  0%| F|  |TAMS 0x0000000087300000, 0x0000000087300000| Untracked 
|  26|0x0000000087400000, 0x0000000087400000, 0x0000000087500000|  0%| F|  |TAMS 0x0000000087400000, 0x0000000087400000| Untracked 
|  27|0x0000000087500000, 0x0000000087500000, 0x0000000087600000|  0%| F|  |TAMS 0x0000000087500000, 0x0000000087500000| Untracked 
|  28|0x0000000087600000, 0x0000000087600000, 0x0000000087700000|  0%| F|  |TAMS 0x0000000087600000, 0x0000000087600000| Untracked 
|  29|0x0000000087700000, 0x0000000087700000, 0x0000000087800000|  0%| F|  |TAMS 0x0000000087700000, 0x0000000087700000| Untracked 
|  30|0x0000000087800000, 0x0000000087800000, 0x0000000087900000|  0%| F|  |TAMS 0x0000000087800000, 0x0000000087800000| Untracked 
|  31|0x0000000087900000, 0x0000000087900000, 0x0000000087a00000|  0%| F|  |TAMS 0x0000000087900000, 0x0000000087900000| Untracked 
|  32|0x0000000087a00000, 0x0000000087a00000, 0x0000000087b00000|  0%| F|  |TAMS 0x0000000087a00000, 0x0000000087a00000| Untracked 
|  33|0x0000000087b00000, 0x0000000087b00000, 0x0000000087c00000|  0%| F|  |TAMS 0x0000000087b00000, 0x0000000087b00000| Untracked 
|  34|0x0000000087c00000, 0x0000000087c00000, 0x0000000087d00000|  0%| F|  |TAMS 0x0000000087c00000, 0x0000000087c00000| Untracked 
|  35|0x0000000087d00000, 0x0000000087d00000, 0x0000000087e00000|  0%| F|  |TAMS 0x0000000087d00000, 0x0000000087d00000| Untracked 
|  36|0x0000000087e00000, 0x0000000087e00000, 0x0000000087f00000|  0%| F|  |TAMS 0x0000000087e00000, 0x0000000087e00000| Untracked 
|  37|0x0000000087f00000, 0x0000000087f00000, 0x0000000088000000|  0%| F|  |TAMS 0x0000000087f00000, 0x0000000087f00000| Untracked 
|  38|0x0000000088000000, 0x0000000088000000, 0x0000000088100000|  0%| F|  |TAMS 0x0000000088000000, 0x0000000088000000| Untracked 
|  39|0x0000000088100000, 0x0000000088100000, 0x0000000088200000|  0%| F|  |TAMS 0x0000000088100000, 0x0000000088100000| Untracked 
|  40|0x0000000088200000, 0x0000000088200000, 0x0000000088300000|  0%| F|  |TAMS 0x0000000088200000, 0x0000000088200000| Untracked 
|  41|0x0000000088300000, 0x0000000088300000, 0x0000000088400000|  0%| F|  |TAMS 0x0000000088300000, 0x0000000088300000| Untracked 
|  42|0x0000000088400000, 0x0000000088400000, 0x0000000088500000|  0%| F|  |TAMS 0x0000000088400000, 0x0000000088400000| Untracked 
|  43|0x0000000088500000, 0x0000000088500000, 0x0000000088600000|  0%| F|  |TAMS 0x0000000088500000, 0x0000000088500000| Untracked 
|  44|0x0000000088600000, 0x0000000088600000, 0x0000000088700000|  0%| F|  |TAMS 0x0000000088600000, 0x0000000088600000| Untracked 
|  45|0x0000000088700000, 0x0000000088700000, 0x0000000088800000|  0%| F|  |TAMS 0x0000000088700000, 0x0000000088700000| Untracked 
|  46|0x0000000088800000, 0x0000000088800000, 0x0000000088900000|  0%| F|  |TAMS 0x0000000088800000, 0x0000000088800000| Untracked 
|  47|0x0000000088900000, 0x0000000088900000, 0x0000000088a00000|  0%| F|  |TAMS 0x0000000088900000, 0x0000000088900000| Untracked 
|  48|0x0000000088a00000, 0x0000000088a00000, 0x0000000088b00000|  0%| F|  |TAMS 0x0000000088a00000, 0x0000000088a00000| Untracked 
|  49|0x0000000088b00000, 0x0000000088b00000, 0x0000000088c00000|  0%| F|  |TAMS 0x0000000088b00000, 0x0000000088b00000| Untracked 
|  50|0x0000000088c00000, 0x0000000088c00000, 0x0000000088d00000|  0%| F|  |TAMS 0x0000000088c00000, 0x0000000088c00000| Untracked 
|  51|0x0000000088d00000, 0x0000000088d00000, 0x0000000088e00000|  0%| F|  |TAMS 0x0000000088d00000, 0x0000000088d00000| Untracked 
|  52|0x0000000088e00000, 0x0000000088e00000, 0x0000000088f00000|  0%| F|  |TAMS 0x0000000088e00000, 0x0000000088e00000| Untracked 
|  53|0x0000000088f00000, 0x0000000088f00000, 0x0000000089000000|  0%| F|  |TAMS 0x0000000088f00000, 0x0000000088f00000| Untracked 
|  54|0x0000000089000000, 0x0000000089000000, 0x0000000089100000|  0%| F|  |TAMS 0x0000000089000000, 0x0000000089000000| Untracked 
|  55|0x0000000089100000, 0x0000000089100000, 0x0000000089200000|  0%| F|  |TAMS 0x0000000089100000, 0x0000000089100000| Untracked 
|  56|0x0000000089200000, 0x0000000089200000, 0x0000000089300000|  0%| F|  |TAMS 0x0000000089200000, 0x0000000089200000| Untracked 
|  57|0x0000000089300000, 0x0000000089300000, 0x0000000089400000|  0%| F|  |TAMS 0x0000000089300000, 0x0000000089300000| Untracked 
|  58|0x0000000089400000, 0x0000000089400000, 0x0000000089500000|  0%| F|  |TAMS 0x0000000089400000, 0x0000000089400000| Untracked 
|  59|0x0000000089500000, 0x0000000089500000, 0x0000000089600000|  0%| F|  |TAMS 0x0000000089500000, 0x0000000089500000| Untracked 
|  60|0x0000000089600000, 0x0000000089600000, 0x0000000089700000|  0%| F|  |TAMS 0x0000000089600000, 0x0000000089600000| Untracked 
|  61|0x0000000089700000, 0x0000000089700000, 0x0000000089800000|  0%| F|  |TAMS 0x0000000089700000, 0x0000000089700000| Untracked 
|  62|0x0000000089800000, 0x0000000089800000, 0x0000000089900000|  0%| F|  |TAMS 0x0000000089800000, 0x0000000089800000| Untracked 
|  63|0x0000000089900000, 0x0000000089900000, 0x0000000089a00000|  0%| F|  |TAMS 0x0000000089900000, 0x0000000089900000| Untracked 
|  64|0x0000000089a00000, 0x0000000089a00000, 0x0000000089b00000|  0%| F|  |TAMS 0x0000000089a00000, 0x0000000089a00000| Untracked 
|  65|0x0000000089b00000, 0x0000000089b00000, 0x0000000089c00000|  0%| F|  |TAMS 0x0000000089b00000, 0x0000000089b00000| Untracked 
|  66|0x0000000089c00000, 0x0000000089c00000, 0x0000000089d00000|  0%| F|  |TAMS 0x0000000089c00000, 0x0000000089c00000| Untracked 
|  67|0x0000000089d00000, 0x0000000089d00000, 0x0000000089e00000|  0%| F|  |TAMS 0x0000000089d00000, 0x0000000089d00000| Untracked 
|  68|0x0000000089e00000, 0x0000000089e00000, 0x0000000089f00000|  0%| F|  |TAMS 0x0000000089e00000, 0x0000000089e00000| Untracked 
|  69|0x0000000089f00000, 0x0000000089f00000, 0x000000008a000000|  0%| F|  |TAMS 0x0000000089f00000, 0x0000000089f00000| Untracked 
|  70|0x000000008a000000, 0x000000008a000000, 0x000000008a100000|  0%| F|  |TAMS 0x000000008a000000, 0x000000008a000000| Untracked 
|  71|0x000000008a100000, 0x000000008a100000, 0x000000008a200000|  0%| F|  |TAMS 0x000000008a100000, 0x000000008a100000| Untracked 
|  72|0x000000008a200000, 0x000000008a200000, 0x000000008a300000|  0%| F|  |TAMS 0x000000008a200000, 0x000000008a200000| Untracked 
|  73|0x000000008a300000, 0x000000008a300000, 0x000000008a400000|  0%| F|  |TAMS 0x000000008a300000, 0x000000008a300000| Untracked 
|  74|0x000000008a400000, 0x000000008a400000, 0x000000008a500000|  0%| F|  |TAMS 0x000000008a400000, 0x000000008a400000| Untracked 
|  75|0x000000008a500000, 0x000000008a500000, 0x000000008a600000|  0%| F|  |TAMS 0x000000008a500000, 0x000000008a500000| Untracked 
|  76|0x000000008a600000, 0x000000008a600000, 0x000000008a700000|  0%| F|  |TAMS 0x000000008a600000, 0x000000008a600000| Untracked 
|  77|0x000000008a700000, 0x000000008a700000, 0x000000008a800000|  0%| F|  |TAMS 0x000000008a700000, 0x000000008a700000| Untracked 
|  78|0x000000008a800000, 0x000000008a800000, 0x000000008a900000|  0%| F|  |TAMS 0x000000008a800000, 0x000000008a800000| Untracked 
|  79|0x000000008a900000, 0x000000008a900000, 0x000000008aa00000|  0%| F|  |TAMS 0x000000008a900000, 0x000000008a900000| Untracked 
|  80|0x000000008aa00000, 0x000000008aa00000, 0x000000008ab00000|  0%| F|  |TAMS 0x000000008aa00000, 0x000000008aa00000| Untracked 
|  81|0x000000008ab00000, 0x000000008ab00000, 0x000000008ac00000|  0%| F|  |TAMS 0x000000008ab00000, 0x000000008ab00000| Untracked 
|  82|0x000000008ac00000, 0x000000008ac00000, 0x000000008ad00000|  0%| F|  |TAMS 0x000000008ac00000, 0x000000008ac00000| Untracked 
|  83|0x000000008ad00000, 0x000000008ad00000, 0x000000008ae00000|  0%| F|  |TAMS 0x000000008ad00000, 0x000000008ad00000| Untracked 
|  84|0x000000008ae00000, 0x000000008ae00000, 0x000000008af00000|  0%| F|  |TAMS 0x000000008ae00000, 0x000000008ae00000| Untracked 
|  85|0x000000008af00000, 0x000000008af00000, 0x000000008b000000|  0%| F|  |TAMS 0x000000008af00000, 0x000000008af00000| Untracked 
|  86|0x000000008b000000, 0x000000008b000000, 0x000000008b100000|  0%| F|  |TAMS 0x000000008b000000, 0x000000008b000000| Untracked 
|  87|0x000000008b100000, 0x000000008b100000, 0x000000008b200000|  0%| F|  |TAMS 0x000000008b100000, 0x000000008b100000| Untracked 
|  88|0x000000008b200000, 0x000000008b200000, 0x000000008b300000|  0%| F|  |TAMS 0x000000008b200000, 0x000000008b200000| Untracked 
|  89|0x000000008b300000, 0x000000008b300000, 0x000000008b400000|  0%| F|  |TAMS 0x000000008b300000, 0x000000008b300000| Untracked 
|  90|0x000000008b400000, 0x000000008b400000, 0x000000008b500000|  0%| F|  |TAMS 0x000000008b400000, 0x000000008b400000| Untracked 
|  91|0x000000008b500000, 0x000000008b500000, 0x000000008b600000|  0%| F|  |TAMS 0x000000008b500000, 0x000000008b500000| Untracked 
|  92|0x000000008b600000, 0x000000008b600000, 0x000000008b700000|  0%| F|  |TAMS 0x000000008b600000, 0x000000008b600000| Untracked 
|  93|0x000000008b700000, 0x000000008b700000, 0x000000008b800000|  0%| F|  |TAMS 0x000000008b700000, 0x000000008b700000| Untracked 
|  94|0x000000008b800000, 0x000000008b800000, 0x000000008b900000|  0%| F|  |TAMS 0x000000008b800000, 0x000000008b800000| Untracked 
|  95|0x000000008b900000, 0x000000008b900000, 0x000000008ba00000|  0%| F|  |TAMS 0x000000008b900000, 0x000000008b900000| Untracked 
|  96|0x000000008ba00000, 0x000000008ba00000, 0x000000008bb00000|  0%| F|  |TAMS 0x000000008ba00000, 0x000000008ba00000| Untracked 
|  97|0x000000008bb00000, 0x000000008bb00000, 0x000000008bc00000|  0%| F|  |TAMS 0x000000008bb00000, 0x000000008bb00000| Untracked 
|  98|0x000000008bc00000, 0x000000008bc00000, 0x000000008bd00000|  0%| F|  |TAMS 0x000000008bc00000, 0x000000008bc00000| Untracked 
|  99|0x000000008bd00000, 0x000000008bd00000, 0x000000008be00000|  0%| F|  |TAMS 0x000000008bd00000, 0x000000008bd00000| Untracked 
| 100|0x000000008be00000, 0x000000008be00000, 0x000000008bf00000|  0%| F|  |TAMS 0x000000008be00000, 0x000000008be00000| Untracked 
| 101|0x000000008bf00000, 0x000000008bf00000, 0x000000008c000000|  0%| F|  |TAMS 0x000000008bf00000, 0x000000008bf00000| Untracked 
| 102|0x000000008c000000, 0x000000008c000000, 0x000000008c100000|  0%| F|  |TAMS 0x000000008c000000, 0x000000008c000000| Untracked 
| 103|0x000000008c100000, 0x000000008c100000, 0x000000008c200000|  0%| F|  |TAMS 0x000000008c100000, 0x000000008c100000| Untracked 
| 104|0x000000008c200000, 0x000000008c200000, 0x000000008c300000|  0%| F|  |TAMS 0x000000008c200000, 0x000000008c200000| Untracked 
| 105|0x000000008c300000, 0x000000008c300000, 0x000000008c400000|  0%| F|  |TAMS 0x000000008c300000, 0x000000008c300000| Untracked 
| 106|0x000000008c400000, 0x000000008c400000, 0x000000008c500000|  0%| F|  |TAMS 0x000000008c400000, 0x000000008c400000| Untracked 
| 107|0x000000008c500000, 0x000000008c500000, 0x000000008c600000|  0%| F|  |TAMS 0x000000008c500000, 0x000000008c500000| Untracked 
| 108|0x000000008c600000, 0x000000008c600000, 0x000000008c700000|  0%| F|  |TAMS 0x000000008c600000, 0x000000008c600000| Untracked 
| 109|0x000000008c700000, 0x000000008c700000, 0x000000008c800000|  0%| F|  |TAMS 0x000000008c700000, 0x000000008c700000| Untracked 
| 110|0x000000008c800000, 0x000000008c800000, 0x000000008c900000|  0%| F|  |TAMS 0x000000008c800000, 0x000000008c800000| Untracked 
| 111|0x000000008c900000, 0x000000008c900000, 0x000000008ca00000|  0%| F|  |TAMS 0x000000008c900000, 0x000000008c900000| Untracked 
| 112|0x000000008ca00000, 0x000000008ca00000, 0x000000008cb00000|  0%| F|  |TAMS 0x000000008ca00000, 0x000000008ca00000| Untracked 
| 113|0x000000008cb00000, 0x000000008cb00000, 0x000000008cc00000|  0%| F|  |TAMS 0x000000008cb00000, 0x000000008cb00000| Untracked 
| 114|0x000000008cc00000, 0x000000008cc00000, 0x000000008cd00000|  0%| F|  |TAMS 0x000000008cc00000, 0x000000008cc00000| Untracked 
| 115|0x000000008cd00000, 0x000000008cd00000, 0x000000008ce00000|  0%| F|  |TAMS 0x000000008cd00000, 0x000000008cd00000| Untracked 
| 116|0x000000008ce00000, 0x000000008ce00000, 0x000000008cf00000|  0%| F|  |TAMS 0x000000008ce00000, 0x000000008ce00000| Untracked 
| 117|0x000000008cf00000, 0x000000008cf00000, 0x000000008d000000|  0%| F|  |TAMS 0x000000008cf00000, 0x000000008cf00000| Untracked 
| 118|0x000000008d000000, 0x000000008d000000, 0x000000008d100000|  0%| F|  |TAMS 0x000000008d000000, 0x000000008d000000| Untracked 
| 119|0x000000008d100000, 0x000000008d148868, 0x000000008d200000| 28%| E|  |TAMS 0x000000008d100000, 0x000000008d100000| Complete 
| 120|0x000000008d200000, 0x000000008d300000, 0x000000008d300000|100%| E|CS|TAMS 0x000000008d200000, 0x000000008d200000| Complete 
| 121|0x000000008d300000, 0x000000008d400000, 0x000000008d400000|100%| E|CS|TAMS 0x000000008d300000, 0x000000008d300000| Complete 
| 122|0x000000008d400000, 0x000000008d500000, 0x000000008d500000|100%| E|CS|TAMS 0x000000008d400000, 0x000000008d400000| Complete 
| 123|0x000000008d500000, 0x000000008d600000, 0x000000008d600000|100%| E|CS|TAMS 0x000000008d500000, 0x000000008d500000| Complete 
|1956|0x00000000ffe00000, 0x00000000ffe76000, 0x00000000fff00000| 46%|OA|  |TAMS 0x00000000ffe00000, 0x00000000ffe00000| Untracked 
|1957|0x00000000fff00000, 0x00000000fff88000, 0x0000000100000000| 53%|CA|  |TAMS 0x00000000fff00000, 0x00000000fff00000| Untracked 

Card table byte_map: [0x00007fa553bbf000,0x00007fa553f92000] _byte_map_base: 0x00007fa553792000

Marking Bits (Prev, Next): (CMBitMap*) 0x00007fa56c051010, (CMBitMap*) 0x00007fa56c051050
 Prev Bits: [0x00007fa551954000, 0x00007fa5537ec000)
 Next Bits: [0x00007fa54fabc000, 0x00007fa551954000)

Polling page: 0x00007fa572380000

Metaspace:

Usage:
  Non-class:      1,71 MB used.
      Class:    149,52 KB used.
       Both:      1,86 MB used.

Virtual space:
  Non-class space:        8,00 MB reserved,       1,81 MB ( 23%) committed,  1 nodes.
      Class space:        1,00 GB reserved,     256,00 KB ( <1%) committed,  1 nodes.
              Both:        1,01 GB reserved,       2,06 MB ( <1%) committed. 

Chunk freelists:
   Non-Class:  3,41 MB
       Class:  3,66 MB
        Both:  7,08 MB

MaxMetaspaceSize: 17179869184,00 GB
CompressedClassSpaceSize: 1,00 GB
 - commit_granule_bytes: 65536.
 - commit_granule_words: 8192.
 - virtual_space_node_default_size: 1048576.
 - enlarge_chunks_in_place: 1.
 - new_chunks_are_fully_committed: 0.
 - uncommit_free_chunks: 1.
 - use_allocation_guard: 0.
 - handle_deallocations: 1.


Internal statistics:

num_allocs_failed_limit: 0.
num_arena_births: 62.
num_arena_deaths: 0.
num_vsnodes_births: 2.
num_vsnodes_deaths: 0.
num_space_committed: 33.
num_space_uncommitted: 0.
num_chunks_returned_to_freelist: 0.
num_chunks_taken_from_freelist: 104.
num_chunk_merges: 0.
num_chunk_splits: 64.
num_chunks_enlarged: 40.
num_purges: 0.

CodeHeap 'non-profiled nmethods': size=120032Kb used=116Kb max_used=116Kb free=119915Kb
 bounds [0x00007fa55be2d000, 0x00007fa55c09d000, 0x00007fa563365000]
CodeHeap 'profiled nmethods': size=120028Kb used=526Kb max_used=526Kb free=119501Kb
 bounds [0x00007fa5548f6000, 0x00007fa554b66000, 0x00007fa55be2d000]
CodeHeap 'non-nmethods': size=5700Kb used=1141Kb max_used=1156Kb free=4559Kb
 bounds [0x00007fa554365000, 0x00007fa5545d5000, 0x00007fa5548f6000]
 total_blobs=810 nmethods=382 adapters=342
 compilation: enabled
              stopped_count=0, restarted_count=0
 full_count=0

Compilation events (20 events):
Event: 0,354 Thread 0x00007fa56c1113f0 nmethod 372 0x00007fa554975a10 code [0x00007fa554975be0, 0x00007fa554976010]
Event: 0,354 Thread 0x00007fa56c1113f0  373   !   3       jdk.internal.jimage.BasicImageReader::slice (32 bytes)
Event: 0,355 Thread 0x00007fa56c10fd90  379       4       jdk.internal.jimage.ImageStringsReader::unmaskedHashCode (173 bytes)
Event: 0,355 Thread 0x00007fa56c1113f0 nmethod 373 0x00007fa554976190 code [0x00007fa554976360, 0x00007fa554976780]
Event: 0,355 Thread 0x00007fa56c1113f0  374       3       java.nio.DirectByteBufferR::<init> (21 bytes)
Event: 0,355 Thread 0x00007fa56c1113f0 nmethod 374 0x00007fa554976910 code [0x00007fa554976ac0, 0x00007fa554976c20]
Event: 0,355 Thread 0x00007fa56c1113f0  375       3       java.nio.DirectByteBufferR::slice (66 bytes)
Event: 0,355 Thread 0x00007fa56c1113f0 nmethod 375 0x00007fa554976d10 code [0x00007fa554976ec0, 0x00007fa554977140]
Event: 0,355 Thread 0x00007fa56c1113f0  380   !   3       jdk.internal.loader.URLClassPath$JarLoader::getResource (65 bytes)
Event: 0,356 Thread 0x00007fa56c1113f0 nmethod 380 0x00007fa554977210 code [0x00007fa554977460, 0x00007fa554977ea0]
Event: 0,356 Thread 0x00007fa56c1113f0  376       3       jdk.internal.jimage.ImageStringsReader::hashCode (31 bytes)
Event: 0,356 Thread 0x00007fa56c1113f0 nmethod 376 0x00007fa554978210 code [0x00007fa5549783e0, 0x00007fa5549785b0]
Event: 0,356 Thread 0x00007fa56c1113f0  377       3       java.util.concurrent.ConcurrentHashMap$BaseIterator::hasNext (13 bytes)
Event: 0,356 Thread 0x00007fa56c1113f0 nmethod 377 0x00007fa554978690 code [0x00007fa554978820, 0x00007fa554978990]
Event: 0,356 Thread 0x00007fa56c1113f0  378       3       jdk.internal.module.ModuleReferenceImpl::hashCode (56 bytes)
Event: 0,357 Thread 0x00007fa56c1113f0 nmethod 378 0x00007fa554978a10 code [0x00007fa554978c00, 0x00007fa554979080]
Event: 0,357 Thread 0x00007fa56c1113f0  381       3       java.util.WeakHashMap::maskNull (12 bytes)
Event: 0,357 Thread 0x00007fa56c1113f0 nmethod 381 0x00007fa554979210 code [0x00007fa5549793a0, 0x00007fa5549794d0]
Event: 0,357 Thread 0x00007fa56c1113f0  382       3       java.lang.String::toString (2 bytes)
Event: 0,357 Thread 0x00007fa56c1113f0 nmethod 382 0x00007fa554979590 code [0x00007fa554979720, 0x00007fa554979830]

GC Heap History (0 events):
No events

Deoptimization events (4 events):
Event: 0,313 Thread 0x00007fa56c011200 Uncommon trap: trap_request=0xffffff45 fr.pc=0x00007fa55be3ddfc relative=0x000000000000005c
Event: 0,313 Thread 0x00007fa56c011200 Uncommon trap: reason=unstable_if action=reinterpret pc=0x00007fa55be3ddfc method=java.lang.String.isLatin1()Z @ 10 c2
Event: 0,313 Thread 0x00007fa56c011200 DEOPT PACKING pc=0x00007fa55be3ddfc sp=0x00007fa570abac50
Event: 0,313 Thread 0x00007fa56c011200 DEOPT UNPACKING pc=0x00007fa5543b2424 sp=0x00007fa570abac00 mode 2

Classes unloaded (0 events):
No events

Classes redefined (0 events):
No events

Internal exceptions (16 events):
Event: 0,208 Thread 0x00007fa56c011200 Exception <a 'java/lang/NoSuchMethodError'{0x000000008d472a48}: 'java.lang.Object java.lang.invoke.DirectMethodHandle$Holder.invokeStatic(java.lang.Object)'> (0x000000008d472a48) 
thrown [./src/hotspot/share/interpreter/linkResolver.cpp, line 789]
Event: 0,211 Thread 0x00007fa56c011200 Exception <a 'java/lang/NoSuchMethodError'{0x000000008d476aa8}: 'java.lang.Object java.lang.invoke.DirectMethodHandle$Holder.invokeStaticInit(java.lang.Object)'> (0x000000008d476aa8) 
thrown [./src/hotspot/share/interpreter/linkResolver.cpp, line 789]
Event: 0,224 Thread 0x00007fa56c011200 Exception <a 'java/lang/NoSuchMethodError'{0x000000008d49cff0}: 'void java.lang.invoke.DirectMethodHandle$Holder.invokeStatic(java.lang.Object, java.lang.Object)'> (0x000000008d49cff0) 
thrown [./src/hotspot/share/interpreter/linkResolver.cpp, line 789]
Event: 0,225 Thread 0x00007fa56c011200 Exception <a 'java/lang/NoSuchMethodError'{0x000000008d4a31e0}: 'void java.lang.invoke.DirectMethodHandle$Holder.invokeStaticInit(java.lang.Object, java.lang.Object)'> (0x000000008d4a31e0) 
thrown [./src/hotspot/share/interpreter/linkResolver.cpp, line 789]
Event: 0,256 Thread 0x00007fa56c011200 Exception <a 'java/lang/NoSuchMethodError'{0x000000008d397338}: 'void java.lang.invoke.DirectMethodHandle$Holder.invokeSpecial(java.lang.Object, java.lang.Object, java.lang.Object)'> (0x000000008d397338) 
thrown [./src/hotspot/share/interpreter/linkResolver.cpp, line 789]
Event: 0,261 Thread 0x00007fa56c011200 Exception <a 'java/lang/NoSuchMethodError'{0x000000008d3ab0a8}: 'java.lang.Object java.lang.invoke.DirectMethodHandle$Holder.invokeStatic(java.lang.Object, java.lang.Object, int)'> (0x000000008d3ab0a8) 
thrown [./src/hotspot/share/interpreter/linkResolver.cpp, line 789]
Event: 0,264 Thread 0x00007fa56c011200 Exception <a 'java/lang/NoSuchMethodError'{0x000000008d3b7218}: 'void java.lang.invoke.DelegatingMethodHandle$Holder.delegate(java.lang.Object, java.lang.Object, int, java.lang.Object)'> (0x000000008d3b7218) 
thrown [./src/hotspot/share/interpreter/linkResolver.cpp, line 789]
Event: 0,265 Thread 0x00007fa56c011200 Exception <a 'java/lang/NoSuchMethodError'{0x000000008d3bb540}: 'int java.lang.invoke.DirectMethodHandle$Holder.invokeSpecial(java.lang.Object, java.lang.Object, java.lang.Object)'> (0x000000008d3bb540) 
thrown [./src/hotspot/share/interpreter/linkResolver.cpp, line 789]
Event: 0,294 Thread 0x00007fa56c011200 Exception <a 'sun/nio/fs/UnixException'{0x000000008d2182c0}> (0x000000008d2182c0) 
thrown [./src/hotspot/share/prims/jni.cpp, line 579]
Event: 0,327 Thread 0x00007fa56c011200 Exception <a 'java/lang/NoSuchMethodError'{0x000000008d2b4a58}: 'int java.lang.invoke.DirectMethodHandle$Holder.invokeStaticInit(java.lang.Object, java.lang.Object, int, long)'> (0x000000008d2b4a58) 
thrown [./src/hotspot/share/interpreter/linkResolver.cpp, line 789]
Event: 0,329 Thread 0x00007fa56c011200 Exception <a 'java/lang/NoSuchMethodError'{0x000000008d2ba528}: 'java.lang.Object java.lang.invoke.DirectMethodHandle$Holder.newInvokeSpecial(java.lang.Object, java.lang.Object, int)'> (0x000000008d2ba528) 
thrown [./src/hotspot/share/interpreter/linkResolver.cpp, line 789]
Event: 0,332 Thread 0x00007fa56c011200 Exception <a 'java/lang/NoSuchMethodError'{0x000000008d2c9928}: 'int java.lang.invoke.DirectMethodHandle$Holder.invokeStaticInit(java.lang.Object, java.lang.Object, long, long)'> (0x000000008d2c9928) 
thrown [./src/hotspot/share/interpreter/linkResolver.cpp, line 789]
Event: 0,333 Thread 0x00007fa56c011200 Exception <a 'java/lang/NoSuchMethodError'{0x000000008d2d00c0}: 'java.lang.Object java.lang.invoke.DirectMethodHandle$Holder.newInvokeSpecial(java.lang.Object, java.lang.Object, long)'> (0x000000008d2d00c0) 
thrown [./src/hotspot/share/interpreter/linkResolver.cpp, line 789]
Event: 0,333 Thread 0x00007fa56c011200 Exception <a 'java/lang/NoSuchMethodError'{0x000000008d2d4218}: 'java.lang.Object java.lang.invoke.Invokers$Holder.linkToTargetMethod(java.lang.Object, long, java.lang.Object)'> (0x000000008d2d4218) 
thrown [./src/hotspot/share/interpreter/linkResolver.cpp, line 789]
Event: 0,335 Thread 0x00007fa56c011200 Exception <a 'java/lang/NoSuchMethodError'{0x000000008d2dbcc0}: 'int java.lang.invoke.DirectMethodHandle$Holder.invokeStaticInit(java.lang.Object, java.lang.Object, java.lang.Object, long)'> (0x000000008d2dbcc0) 
thrown [./src/hotspot/share/interpreter/linkResolver.cpp, line 789]
Event: 0,353 Thread 0x00007fa56c011200 Exception <a 'sun/nio/fs/UnixException'{0x000000008d11ec50}> (0x000000008d11ec50) 
thrown [./src/hotspot/share/prims/jni.cpp, line 579]

Events (20 events):
Event: 0,338 loading class org/lwjgl/system/MemoryStack done
Event: 0,338 loading class org/lwjgl/BufferUtils
Event: 0,338 loading class org/lwjgl/BufferUtils done
Event: 0,339 loading class org/lwjgl/stb/STBImage
Event: 0,339 loading class org/lwjgl/stb/STBImage done
Event: 0,342 loading class org/lwjgl/stb/LibSTB
Event: 0,342 loading class org/lwjgl/stb/LibSTB done
Event: 0,345 loading class jdk/internal/misc/ScopedMemoryAccess$Scope
Event: 0,345 loading class jdk/internal/misc/ScopedMemoryAccess$Scope done
Event: 0,354 Loaded shared library /tmp/lwjgllaurin/3.3.1-build-7/liblwjgl_stb.so
Event: 0,355 loading class org/lwjgl/system/MemoryUtil$LazyInit
Event: 0,355 loading class org/lwjgl/system/MemoryUtil$LazyInit done
Event: 0,356 loading class org/lwjgl/system/MemoryUtil$MemoryAllocator
Event: 0,356 loading class org/lwjgl/system/MemoryUtil$MemoryAllocator done
Event: 0,357 loading class org/lwjgl/system/MemoryManage
Event: 0,357 loading class org/lwjgl/system/MemoryManage done
Event: 0,357 loading class org/lwjgl/system/jemalloc/JEmallocAllocator
Event: 0,357 loading class org/lwjgl/system/jemalloc/JEmallocAllocator done
Event: 0,358 loading class org/lwjgl/system/MemoryManage$StdlibAllocator
Event: 0,358 loading class org/lwjgl/system/MemoryManage$StdlibAllocator done


Dynamic libraries:
85a00000-8d600000 rw-p 00000000 00:00 0 
8d600000-ffe00000 ---p 00000000 00:00 0 
ffe00000-ffe76000 rw-p 00cba000 00:1a 496521                             /usr/lib/jvm/java-16-openjdk-amd64/lib/server/classes.jsa
ffe76000-fff00000 rw-p 00000000 00:00 0 
fff00000-fff88000 rw-p 00c32000 00:1a 496521                             /usr/lib/jvm/java-16-openjdk-amd64/lib/server/classes.jsa
fff88000-100000000 rw-p 00000000 00:00 0 
800000000-800003000 rwxp 00001000 00:1a 496521                           /usr/lib/jvm/java-16-openjdk-amd64/lib/server/classes.jsa
800003000-80043d000 rw-p 00004000 00:1a 496521                           /usr/lib/jvm/java-16-openjdk-amd64/lib/server/classes.jsa
80043d000-800bf9000 r--p 0043e000 00:1a 496521                           /usr/lib/jvm/java-16-openjdk-amd64/lib/server/classes.jsa
800bf9000-800c00000 ---p 00000000 00:00 0 
800c00000-800c20000 rw-p 00000000 00:00 0 
800c20000-800c40000 ---p 00000000 00:00 0 
800c40000-800c60000 rw-p 00000000 00:00 0 
800c60000-840c00000 ---p 00000000 00:00 0 
56380c98d000-56380c98e000 r--p 00000000 00:1a 496367                     /usr/lib/jvm/java-16-openjdk-amd64/bin/java
56380c98e000-56380c98f000 r-xp 00001000 00:1a 496367                     /usr/lib/jvm/java-16-openjdk-amd64/bin/java
56380c98f000-56380c990000 r--p 00002000 00:1a 496367                     /usr/lib/jvm/java-16-openjdk-amd64/bin/java
56380c990000-56380c991000 r--p 00002000 00:1a 496367                     /usr/lib/jvm/java-16-openjdk-amd64/bin/java
56380c991000-56380c992000 rw-p 00003000 00:1a 496367                     /usr/lib/jvm/java-16-openjdk-amd64/bin/java
56380d059000-56380d07a000 rw-p 00000000 00:00 0                          [heap]
7fa500000000-7fa500021000 rw-p 00000000 00:00 0 
7fa500021000-7fa504000000 ---p 00000000 00:00 0 
7fa508000000-7fa508021000 rw-p 00000000 00:00 0 
7fa508021000-7fa50c000000 ---p 00000000 00:00 0 
7fa50c000000-7fa50c021000 rw-p 00000000 00:00 0 
7fa50c021000-7fa510000000 ---p 00000000 00:00 0 
7fa510000000-7fa510021000 rw-p 00000000 00:00 0 
7fa510021000-7fa514000000 ---p 00000000 00:00 0 
7fa51771d000-7fa51778d000 r-xp 00000000 00:1a 2110816                    /tmp/lwjgllaurin/3.3.1-build-7/liblwjgl_stb.so
7fa51778d000-7fa51798d000 ---p 00070000 00:1a 2110816                    /tmp/lwjgllaurin/3.3.1-build-7/liblwjgl_stb.so
7fa51798d000-7fa51798e000 r--p 00070000 00:1a 2110816                    /tmp/lwjgllaurin/3.3.1-build-7/liblwjgl_stb.so
7fa51798e000-7fa51798f000 rw-p 00071000 00:1a 2110816                    /tmp/lwjgllaurin/3.3.1-build-7/liblwjgl_stb.so
7fa51798f000-7fa5179fa000 r-xp 00000000 00:1a 2110785                    /tmp/lwjgllaurin/3.3.1-build-7/liblwjgl.so
7fa5179fa000-7fa517bf9000 ---p 0006b000 00:1a 2110785                    /tmp/lwjgllaurin/3.3.1-build-7/liblwjgl.so
7fa517bf9000-7fa517bfa000 r--p 0006a000 00:1a 2110785                    /tmp/lwjgllaurin/3.3.1-build-7/liblwjgl.so
7fa517bfa000-7fa517bfb000 rw-p 0006b000 00:1a 2110785                    /tmp/lwjgllaurin/3.3.1-build-7/liblwjgl.so
7fa517bfb000-7fa517bff000 ---p 00000000 00:00 0 
7fa517bff000-7fa517cfc000 rw-p 00000000 00:00 0 
7fa517cfc000-7fa517cfd000 ---p 00000000 00:00 0 
7fa517cfd000-7fa517dfe000 rw-p 00000000 00:00 0 
7fa517dfe000-7fa517e02000 ---p 00000000 00:00 0 
7fa517e02000-7fa517eff000 rw-p 00000000 00:00 0 
7fa517eff000-7fa517f03000 ---p 00000000 00:00 0 
7fa517f03000-7fa518000000 rw-p 00000000 00:00 0 
7fa518000000-7fa5180cb000 rw-p 00000000 00:00 0 
7fa5180cb000-7fa51c000000 ---p 00000000 00:00 0 
7fa51c000000-7fa51c168000 rw-p 00000000 00:00 0 
7fa51c168000-7fa520000000 ---p 00000000 00:00 0 
7fa520000000-7fa520021000 rw-p 00000000 00:00 0 
7fa520021000-7fa524000000 ---p 00000000 00:00 0 
7fa524000000-7fa524021000 rw-p 00000000 00:00 0 
7fa524021000-7fa528000000 ---p 00000000 00:00 0 
7fa528000000-7fa528021000 rw-p 00000000 00:00 0 
7fa528021000-7fa52c000000 ---p 00000000 00:00 0 
7fa52c000000-7fa52c021000 rw-p 00000000 00:00 0 
7fa52c021000-7fa530000000 ---p 00000000 00:00 0 
7fa530000000-7fa530021000 rw-p 00000000 00:00 0 
7fa530021000-7fa534000000 ---p 00000000 00:00 0 
7fa534000000-7fa534021000 rw-p 00000000 00:00 0 
7fa534021000-7fa538000000 ---p 00000000 00:00 0 
7fa538000000-7fa538021000 rw-p 00000000 00:00 0 
7fa538021000-7fa53c000000 ---p 00000000 00:00 0 
7fa53c000000-7fa53c021000 rw-p 00000000 00:00 0 
7fa53c021000-7fa540000000 ---p 00000000 00:00 0 
7fa540000000-7fa540021000 rw-p 00000000 00:00 0 
7fa540021000-7fa544000000 ---p 00000000 00:00 0 
7fa544000000-7fa544021000 rw-p 00000000 00:00 0 
7fa544021000-7fa548000000 ---p 00000000 00:00 0 
7fa548000000-7fa548021000 rw-p 00000000 00:00 0 
7fa548021000-7fa54c000000 ---p 00000000 00:00 0 
7fa54c083000-7fa54c087000 ---p 00000000 00:00 0 
7fa54c087000-7fa54c184000 rw-p 00000000 00:00 0 
7fa54c184000-7fa54c188000 ---p 00000000 00:00 0 
7fa54c188000-7fa54c285000 rw-p 00000000 00:00 0 
7fa54c285000-7fa54c289000 ---p 00000000 00:00 0 
7fa54c289000-7fa54c386000 rw-p 00000000 00:00 0 
7fa54c386000-7fa54c38a000 ---p 00000000 00:00 0 
7fa54c38a000-7fa54c487000 rw-p 00000000 00:00 0 
7fa54c487000-7fa54c48b000 ---p 00000000 00:00 0 
7fa54c48b000-7fa54c588000 rw-p 00000000 00:00 0 
7fa54c588000-7fa54c800000 r--p 00000000 00:1a 1751539                    /usr/lib/locale/aa_DJ.utf8/LC_COLLATE
7fa54c800000-7fa54c930000 rw-p 00000000 00:00 0 
7fa54c930000-7fa54cc00000 ---p 00000000 00:00 0 
7fa54cc00000-7fa54cca0000 rw-p 00000000 00:00 0 
7fa54cca0000-7fa54d000000 ---p 00000000 00:00 0 
7fa54d021000-7fa54d052000 rw-p 00000000 00:00 0 
7fa54d052000-7fa54d056000 r--p 00000000 00:1a 496510                     /usr/lib/jvm/java-16-openjdk-amd64/lib/libnet.so
7fa54d056000-7fa54d064000 r-xp 00004000 00:1a 496510                     /usr/lib/jvm/java-16-openjdk-amd64/lib/libnet.so
7fa54d064000-7fa54d068000 r--p 00012000 00:1a 496510                     /usr/lib/jvm/java-16-openjdk-amd64/lib/libnet.so
7fa54d068000-7fa54d069000 r--p 00015000 00:1a 496510                     /usr/lib/jvm/java-16-openjdk-amd64/lib/libnet.so
7fa54d069000-7fa54d06a000 rw-p 00016000 00:1a 496510                     /usr/lib/jvm/java-16-openjdk-amd64/lib/libnet.so
7fa54d06a000-7fa54d070000 r--p 00000000 00:1a 496511                     /usr/lib/jvm/java-16-openjdk-amd64/lib/libnio.so
7fa54d070000-7fa54d078000 r-xp 00006000 00:1a 496511                     /usr/lib/jvm/java-16-openjdk-amd64/lib/libnio.so
7fa54d078000-7fa54d07c000 r--p 0000e000 00:1a 496511                     /usr/lib/jvm/java-16-openjdk-amd64/lib/libnio.so
7fa54d07c000-7fa54d07d000 ---p 00012000 00:1a 496511                     /usr/lib/jvm/java-16-openjdk-amd64/lib/libnio.so
7fa54d07d000-7fa54d07e000 r--p 00012000 00:1a 496511                     /usr/lib/jvm/java-16-openjdk-amd64/lib/libnio.so
7fa54d07e000-7fa54d07f000 rw-p 00013000 00:1a 496511                     /usr/lib/jvm/java-16-openjdk-amd64/lib/libnio.so
7fa54d07f000-7fa54d0d4000 r--p 00000000 00:1a 1752131                    /usr/lib/locale/de_AT.utf8/LC_CTYPE
7fa54d0d4000-7fa54d0d8000 ---p 00000000 00:00 0 
7fa54d0d8000-7fa54d1d5000 rw-p 00000000 00:00 0 
7fa54d1d5000-7fa54d1d9000 ---p 00000000 00:00 0 
7fa54d1d9000-7fa54d2d6000 rw-p 00000000 00:00 0 
7fa54d2d6000-7fa54d2d7000 ---p 00000000 00:00 0 
7fa54d2d7000-7fa54d4b4000 rw-p 00000000 00:00 0 
7fa54d4b4000-7fa54d4b5000 ---p 00000000 00:00 0 
7fa54d4b5000-7fa54d5b6000 rw-p 00000000 00:00 0 
7fa54d5b6000-7fa54d5b7000 ---p 00000000 00:00 0 
7fa54d5b7000-7fa54fcac000 rw-p 00000000 00:00 0 
7fa54fcac000-7fa55194c000 ---p 00000000 00:00 0 
7fa55194c000-7fa551b44000 rw-p 00000000 00:00 0 
7fa551b44000-7fa5537e4000 ---p 00000000 00:00 0 
7fa5537e4000-7fa55382a000 rw-p 00000000 00:00 0 
7fa55382a000-7fa553bbe000 ---p 00000000 00:00 0 
7fa553bbe000-7fa553bfd000 rw-p 00000000 00:00 0 
7fa553bfd000-7fa553f91000 ---p 00000000 00:00 0 
7fa553f91000-7fa553fd0000 rw-p 00000000 00:00 0 
7fa553fd0000-7fa554364000 ---p 00000000 00:00 0 
7fa554364000-7fa554365000 rw-p 00000000 00:00 0 
7fa554365000-7fa5545d5000 rwxp 00000000 00:00 0 
7fa5545d5000-7fa5548f6000 ---p 00000000 00:00 0 
7fa5548f6000-7fa554b66000 rwxp 00000000 00:00 0 
7fa554b66000-7fa55be2d000 ---p 00000000 00:00 0 
7fa55be2d000-7fa55c09d000 rwxp 00000000 00:00 0 
7fa55c09d000-7fa563365000 ---p 00000000 00:00 0 
7fa563365000-7fa56c000000 r--s 00000000 00:1a 496518                     /usr/lib/jvm/java-16-openjdk-amd64/lib/modules
7fa56c000000-7fa56c2dd000 rw-p 00000000 00:00 0 
7fa56c2dd000-7fa570000000 ---p 00000000 00:00 0 
7fa570013000-7fa570014000 r--p 00000000 00:1a 1751585                    /usr/lib/locale/agr_PE/LC_NUMERIC
7fa570014000-7fa570015000 r--p 00000000 00:1a 1752181                    /usr/lib/locale/de_DE.utf8/LC_TIME
7fa570015000-7fa570016000 r--p 00000000 00:1a 1751616                    /usr/lib/locale/an_ES.utf8/LC_MONETARY
7fa570016000-7fa570017000 r--p 00000000 00:1a 1752133                    /usr/lib/locale/de_AT.utf8/LC_MESSAGES/SYS_LC_MESSAGES
7fa570017000-7fa570018000 r--p 00000000 00:1a 1751547                    /usr/lib/locale/aa_DJ.utf8/LC_PAPER
7fa570018000-7fa570019000 r--p 00000000 00:1a 1752135                    /usr/lib/locale/de_AT.utf8/LC_NAME
7fa570019000-7fa57001a000 r--p 00000000 00:1a 1752178                    /usr/lib/locale/de_DE.utf8/LC_ADDRESS
7fa57001a000-7fa57001b000 r--p 00000000 00:1a 1752180                    /usr/lib/locale/de_DE.utf8/LC_TELEPHONE
7fa57001b000-7fa57001c000 r--p 00000000 00:1a 1751542                    /usr/lib/locale/aa_DJ.utf8/LC_MEASUREMENT
7fa57001c000-7fa570023000 r--s 00000000 00:1a 1494373                    /usr/lib/x86_64-linux-gnu/gconv/gconv-modules.cache
7fa570023000-7fa570024000 r--p 00000000 00:1a 1752179                    /usr/lib/locale/de_DE.utf8/LC_IDENTIFICATION
7fa570024000-7fa570065000 rw-p 00000000 00:00 0 
7fa570065000-7fa570066000 ---p 00000000 00:00 0 
7fa570066000-7fa570167000 rw-p 00000000 00:00 0 
7fa570167000-7fa570168000 ---p 00000000 00:00 0 
7fa570168000-7fa570269000 rw-p 00000000 00:00 0 
7fa570269000-7fa57026a000 ---p 00000000 00:00 0 
7fa57026a000-7fa5707b6000 rw-p 00000000 00:00 0 
7fa5707b6000-7fa57089c000 ---p 00000000 00:00 0 
7fa57089c000-7fa5708a1000 rw-p 00000000 00:00 0 
7fa5708a1000-7fa570987000 ---p 00000000 00:00 0 
7fa570987000-7fa57098c000 rw-p 00000000 00:00 0 
7fa57098c000-7fa570993000 ---p 00000000 00:00 0 
7fa570993000-7fa570995000 r--s 0000c000 00:1a 251728                     /usr/share/java/java-atk-wrapper.jar
7fa570995000-7fa5709a1000 r--p 00000000 00:1a 496497                     /usr/lib/jvm/java-16-openjdk-amd64/lib/libjava.so
7fa5709a1000-7fa5709b3000 r-xp 0000c000 00:1a 496497                     /usr/lib/jvm/java-16-openjdk-amd64/lib/libjava.so
7fa5709b3000-7fa5709b9000 r--p 0001e000 00:1a 496497                     /usr/lib/jvm/java-16-openjdk-amd64/lib/libjava.so
7fa5709b9000-7fa5709ba000 ---p 00024000 00:1a 496497                     /usr/lib/jvm/java-16-openjdk-amd64/lib/libjava.so
7fa5709ba000-7fa5709bb000 r--p 00024000 00:1a 496497                     /usr/lib/jvm/java-16-openjdk-amd64/lib/libjava.so
7fa5709bb000-7fa5709bc000 rw-p 00025000 00:1a 496497                     /usr/lib/jvm/java-16-openjdk-amd64/lib/libjava.so
7fa5709bc000-7fa5709bd000 rw-p 00000000 00:00 0 
7fa5709bd000-7fa5709c1000 ---p 00000000 00:00 0 
7fa5709c1000-7fa570abe000 rw-p 00000000 00:00 0 
7fa570abe000-7fa570ac1000 r--p 00000000 00:1a 1492919                    /usr/lib/x86_64-linux-gnu/libgcc_s.so.1
7fa570ac1000-7fa570ad3000 r-xp 00003000 00:1a 1492919                    /usr/lib/x86_64-linux-gnu/libgcc_s.so.1
7fa570ad3000-7fa570ad6000 r--p 00015000 00:1a 1492919                    /usr/lib/x86_64-linux-gnu/libgcc_s.so.1
7fa570ad6000-7fa570ad7000 r--p 00018000 00:1a 1492919                    /usr/lib/x86_64-linux-gnu/libgcc_s.so.1
7fa570ad7000-7fa570ad8000 rw-p 00019000 00:1a 1492919                    /usr/lib/x86_64-linux-gnu/libgcc_s.so.1
7fa570ad8000-7fa570ae7000 r--p 00000000 00:1a 1494110                    /usr/lib/x86_64-linux-gnu/libm-2.31.so
7fa570ae7000-7fa570b81000 r-xp 0000f000 00:1a 1494110                    /usr/lib/x86_64-linux-gnu/libm-2.31.so
7fa570b81000-7fa570c1a000 r--p 000a9000 00:1a 1494110                    /usr/lib/x86_64-linux-gnu/libm-2.31.so
7fa570c1a000-7fa570c1b000 r--p 00141000 00:1a 1494110                    /usr/lib/x86_64-linux-gnu/libm-2.31.so
7fa570c1b000-7fa570c1c000 rw-p 00142000 00:1a 1494110                    /usr/lib/x86_64-linux-gnu/libm-2.31.so
7fa570c1c000-7fa570cb5000 r--p 00000000 00:1a 1492831                    /usr/lib/x86_64-linux-gnu/libstdc++.so.6.0.29
7fa570cb5000-7fa570daa000 r-xp 00099000 00:1a 1492831                    /usr/lib/x86_64-linux-gnu/libstdc++.so.6.0.29
7fa570daa000-7fa570e16000 r--p 0018e000 00:1a 1492831                    /usr/lib/x86_64-linux-gnu/libstdc++.so.6.0.29
7fa570e16000-7fa570e21000 r--p 001fa000 00:1a 1492831                    /usr/lib/x86_64-linux-gnu/libstdc++.so.6.0.29
7fa570e21000-7fa570e24000 rw-p 00205000 00:1a 1492831                    /usr/lib/x86_64-linux-gnu/libstdc++.so.6.0.29
7fa570e24000-7fa570e27000 rw-p 00000000 00:00 0 
7fa570e27000-7fa57106a000 r--p 00000000 00:1a 496524                     /usr/lib/jvm/java-16-openjdk-amd64/lib/server/libjvm.so
7fa57106a000-7fa571d8a000 r-xp 00243000 00:1a 496524                     /usr/lib/jvm/java-16-openjdk-amd64/lib/server/libjvm.so
7fa571d8a000-7fa57200b000 r--p 00f63000 00:1a 496524                     /usr/lib/jvm/java-16-openjdk-amd64/lib/server/libjvm.so
7fa57200b000-7fa5720bf000 r--p 011e3000 00:1a 496524                     /usr/lib/jvm/java-16-openjdk-amd64/lib/server/libjvm.so
7fa5720bf000-7fa5720f3000 rw-p 01297000 00:1a 496524                     /usr/lib/jvm/java-16-openjdk-amd64/lib/server/libjvm.so
7fa5720f3000-7fa572150000 rw-p 00000000 00:00 0 
7fa572150000-7fa572157000 r--p 00000000 00:1a 1494119                    /usr/lib/x86_64-linux-gnu/libpthread-2.31.so
7fa572157000-7fa572167000 r-xp 00007000 00:1a 1494119                    /usr/lib/x86_64-linux-gnu/libpthread-2.31.so
7fa572167000-7fa57216c000 r--p 00017000 00:1a 1494119                    /usr/lib/x86_64-linux-gnu/libpthread-2.31.so
7fa57216c000-7fa57216d000 r--p 0001b000 00:1a 1494119                    /usr/lib/x86_64-linux-gnu/libpthread-2.31.so
7fa57216d000-7fa57216e000 rw-p 0001c000 00:1a 1494119                    /usr/lib/x86_64-linux-gnu/libpthread-2.31.so
7fa57216e000-7fa572172000 rw-p 00000000 00:00 0 
7fa572172000-7fa572173000 r--p 00000000 00:1a 1494109                    /usr/lib/x86_64-linux-gnu/libdl-2.31.so
7fa572173000-7fa572175000 r-xp 00001000 00:1a 1494109                    /usr/lib/x86_64-linux-gnu/libdl-2.31.so
7fa572175000-7fa572176000 r--p 00003000 00:1a 1494109                    /usr/lib/x86_64-linux-gnu/libdl-2.31.so
7fa572176000-7fa572177000 r--p 00003000 00:1a 1494109                    /usr/lib/x86_64-linux-gnu/libdl-2.31.so
7fa572177000-7fa572178000 rw-p 00004000 00:1a 1494109                    /usr/lib/x86_64-linux-gnu/libdl-2.31.so
7fa572178000-7fa57217b000 r--p 00000000 00:1a 1657974                    /usr/lib/x86_64-linux-gnu/libz.so.1.2.11
7fa57217b000-7fa57218c000 r-xp 00003000 00:1a 1657974                    /usr/lib/x86_64-linux-gnu/libz.so.1.2.11
7fa57218c000-7fa572192000 r--p 00014000 00:1a 1657974                    /usr/lib/x86_64-linux-gnu/libz.so.1.2.11
7fa572192000-7fa572193000 ---p 0001a000 00:1a 1657974                    /usr/lib/x86_64-linux-gnu/libz.so.1.2.11
7fa572193000-7fa572194000 r--p 0001a000 00:1a 1657974                    /usr/lib/x86_64-linux-gnu/libz.so.1.2.11
7fa572194000-7fa572195000 rw-p 0001b000 00:1a 1657974                    /usr/lib/x86_64-linux-gnu/libz.so.1.2.11
7fa572195000-7fa5721ba000 r--p 00000000 00:1a 1494108                    /usr/lib/x86_64-linux-gnu/libc-2.31.so
7fa5721ba000-7fa572305000 r-xp 00025000 00:1a 1494108                    /usr/lib/x86_64-linux-gnu/libc-2.31.so
7fa572305000-7fa57234f000 r--p 00170000 00:1a 1494108                    /usr/lib/x86_64-linux-gnu/libc-2.31.so
7fa57234f000-7fa572350000 ---p 001ba000 00:1a 1494108                    /usr/lib/x86_64-linux-gnu/libc-2.31.so
7fa572350000-7fa572353000 r--p 001ba000 00:1a 1494108                    /usr/lib/x86_64-linux-gnu/libc-2.31.so
7fa572353000-7fa572356000 rw-p 001bd000 00:1a 1494108                    /usr/lib/x86_64-linux-gnu/libc-2.31.so
7fa572356000-7fa57235a000 rw-p 00000000 00:00 0 
7fa57235a000-7fa57235c000 r--p 00000000 00:1a 496517                     /usr/lib/jvm/java-16-openjdk-amd64/lib/libzip.so
7fa57235c000-7fa572360000 r-xp 00002000 00:1a 496517                     /usr/lib/jvm/java-16-openjdk-amd64/lib/libzip.so
7fa572360000-7fa572362000 r--p 00006000 00:1a 496517                     /usr/lib/jvm/java-16-openjdk-amd64/lib/libzip.so
7fa572362000-7fa572363000 r--p 00007000 00:1a 496517                     /usr/lib/jvm/java-16-openjdk-amd64/lib/libzip.so
7fa572363000-7fa572364000 rw-p 00008000 00:1a 496517                     /usr/lib/jvm/java-16-openjdk-amd64/lib/libzip.so
7fa572364000-7fa57236c000 rw-s 00000000 00:1a 2111092                    /tmp/hsperfdata_laurin/13671
7fa57236c000-7fa57236f000 r--p 00000000 00:1a 1494116                    /usr/lib/x86_64-linux-gnu/libnss_files-2.31.so
7fa57236f000-7fa572376000 r-xp 00003000 00:1a 1494116                    /usr/lib/x86_64-linux-gnu/libnss_files-2.31.so
7fa572376000-7fa572378000 r--p 0000a000 00:1a 1494116                    /usr/lib/x86_64-linux-gnu/libnss_files-2.31.so
7fa572378000-7fa572379000 r--p 0000b000 00:1a 1494116                    /usr/lib/x86_64-linux-gnu/libnss_files-2.31.so
7fa572379000-7fa57237a000 rw-p 0000c000 00:1a 1494116                    /usr/lib/x86_64-linux-gnu/libnss_files-2.31.so
7fa57237a000-7fa572380000 rw-p 00000000 00:00 0 
7fa572380000-7fa572381000 ---p 00000000 00:00 0 
7fa572381000-7fa572382000 r--p 00000000 00:00 0 
7fa572382000-7fa572384000 r--p 00000000 00:1a 496501                     /usr/lib/jvm/java-16-openjdk-amd64/lib/libjimage.so
7fa572384000-7fa572387000 r-xp 00002000 00:1a 496501                     /usr/lib/jvm/java-16-openjdk-amd64/lib/libjimage.so
7fa572387000-7fa572388000 r--p 00005000 00:1a 496501                     /usr/lib/jvm/java-16-openjdk-amd64/lib/libjimage.so
7fa572388000-7fa572389000 ---p 00006000 00:1a 496501                     /usr/lib/jvm/java-16-openjdk-amd64/lib/libjimage.so
7fa572389000-7fa57238a000 r--p 00006000 00:1a 496501                     /usr/lib/jvm/java-16-openjdk-amd64/lib/libjimage.so
7fa57238a000-7fa57238b000 rw-p 00007000 00:1a 496501                     /usr/lib/jvm/java-16-openjdk-amd64/lib/libjimage.so
7fa57238b000-7fa57238d000 r--p 00000000 00:1a 496502                     /usr/lib/jvm/java-16-openjdk-amd64/lib/libjli.so
7fa57238d000-7fa572397000 r-xp 00002000 00:1a 496502                     /usr/lib/jvm/java-16-openjdk-amd64/lib/libjli.so
7fa572397000-7fa57239a000 r--p 0000c000 00:1a 496502                     /usr/lib/jvm/java-16-openjdk-amd64/lib/libjli.so
7fa57239a000-7fa57239b000 ---p 0000f000 00:1a 496502                     /usr/lib/jvm/java-16-openjdk-amd64/lib/libjli.so
7fa57239b000-7fa57239c000 r--p 0000f000 00:1a 496502                     /usr/lib/jvm/java-16-openjdk-amd64/lib/libjli.so
7fa57239c000-7fa57239d000 rw-p 00010000 00:1a 496502                     /usr/lib/jvm/java-16-openjdk-amd64/lib/libjli.so
7fa57239d000-7fa57239f000 rw-p 00000000 00:00 0 
7fa57239f000-7fa5723a0000 r--p 00000000 00:1a 1494104                    /usr/lib/x86_64-linux-gnu/ld-2.31.so
7fa5723a0000-7fa5723c0000 r-xp 00001000 00:1a 1494104                    /usr/lib/x86_64-linux-gnu/ld-2.31.so
7fa5723c0000-7fa5723c8000 r--p 00021000 00:1a 1494104                    /usr/lib/x86_64-linux-gnu/ld-2.31.so
7fa5723c8000-7fa5723c9000 ---p 00000000 00:00 0 
7fa5723c9000-7fa5723ca000 r--p 00029000 00:1a 1494104                    /usr/lib/x86_64-linux-gnu/ld-2.31.so
7fa5723ca000-7fa5723cb000 rw-p 0002a000 00:1a 1494104                    /usr/lib/x86_64-linux-gnu/ld-2.31.so
7fa5723cb000-7fa5723cc000 rw-p 00000000 00:00 0 
7fffd8192000-7fffd81b4000 rw-p 00000000 00:00 0                          [stack]
7fffd81d1000-7fffd81d5000 r--p 00000000 00:00 0                          [vvar]
7fffd81d5000-7fffd81d7000 r-xp 00000000 00:00 0                          [vdso]


VM Arguments:
jvm_args: -Dfile.encoding=UTF-8 -XX:+ShowCodeDetailsInExceptionMessages 
java_command: resources.ResourceLoader
java_class_path (initial): /media/laurin/Laurin Festplatte/Programmieren/Java/3D-Workbench/LWJGL_GameEngine3/bin:/media/laurin/Laurin Festplatte/Programmieren/Java/3D-Workbench/LWJGL_GameEngine3/lib/lwjgl/lwjgl.jar:/media/laurin/Laurin Festplatte/Programmieren/Java/3D-Workbench/LWJGL_GameEngine3/lib/lwjgl/lwjgl-glfw.jar:/media/laurin/Laurin Festplatte/Programmieren/Java/3D-Workbench/LWJGL_GameEngine3/lib/lwjgl/lwjgl-glfw-javadoc.jar:/media/laurin/Laurin Festplatte/Programmieren/Java/3D-Workbench/LWJGL_GameEngine3/lib/lwjgl/lwjgl-glfw-natives-linux.jar:/media/laurin/Laurin Festplatte/Programmieren/Java/3D-Workbench/LWJGL_GameEngine3/lib/lwjgl/lwjgl-glfw-sources.jar:/media/laurin/Laurin Festplatte/Programmieren/Java/3D-Workbench/LWJGL_GameEngine3/lib/lwjgl/lwjgl-javadoc.jar:/media/laurin/Laurin Festplatte/Programmieren/Java/3D-Workbench/LWJGL_GameEngine3/lib/lwjgl/lwjgl-opengl.jar:/media/laurin/Laurin Festplatte/Programmieren/Java/3D-Workbench/LWJGL_GameEngine3/lib/lwjgl/lwjgl-opengles.jar:/media/laurin/Laurin Festplatte/Programmieren/Java/3D-Workbench/LWJGL_GameEngine3/lib/lwjgl/lwjgl-opengles-javadoc.jar:/media/laurin/Laurin Festplatte/Programmieren/Java/3D-Workbench/LWJGL_GameEngine3/lib/lwjgl/lwjgl-opengles-natives-linux.jar:/media/laurin/Laurin Festplatte/Programmieren/Java/3D-Workbench/LWJGL_GameEngine3/lib/lwjgl/lwjgl-opengles-sources.jar:/media/laurin/Laurin Festplatte/Programmieren/Java/3D-Workbench/LWJGL_GameEngine3/lib/lwjgl/lwjgl-opengl-javadoc.jar:/media/laurin/Laurin Festplatte/Programmieren/Java/3D-Workbench/LWJGL_GameEngine3/lib/lwjgl/lwjgl-opengl-natives-linux.jar:/media/laurin/Laurin Festplatte/Programmieren/Java/3D-Workbench/LWJGL_GameEngine3/lib/lwjgl/lwjgl-opengl-sources.jar:/media/laurin/Laurin Festplatte/Programmieren/Java/3D-Workbench/LWJGL_GameEngine3/lib/lwjgl/lwjgl-natives-linux.jar:/media/laurin/Laurin Festplatte/Programmieren/Java/3D-Workbench/LWJGL_GameEngine3/lib/math/GLM.jar:/media/laurin/Laurin Festplatte/Programmieren/Java/3D-Workbe
Launcher Type: SUN_STANDARD

[Global flags]
     intx CICompilerCount                          = 3                                         {product} {ergonomic}
     uint ConcGCThreads                            = 1                                         {product} {ergonomic}
     uint G1ConcRefinementThreads                  = 4                                         {product} {ergonomic}
   size_t G1HeapRegionSize                         = 1048576                                   {product} {ergonomic}
    uintx GCDrainStackTargetSize                   = 64                                        {product} {ergonomic}
   size_t InitialHeapSize                          = 130023424                                 {product} {ergonomic}
   size_t MarkStackSize                            = 4194304                                   {product} {ergonomic}
   size_t MaxHeapSize                              = 2053111808                                {product} {ergonomic}
   size_t MaxNewSize                               = 1231028224                                {product} {ergonomic}
   size_t MinHeapDeltaBytes                        = 1048576                                   {product} {ergonomic}
   size_t MinHeapSize                              = 8388608                                   {product} {ergonomic}
    uintx NonNMethodCodeHeapSize                   = 5832780                                {pd product} {ergonomic}
    uintx NonProfiledCodeHeapSize                  = 122912730                              {pd product} {ergonomic}
    uintx ProfiledCodeHeapSize                     = 122912730                              {pd product} {ergonomic}
    uintx ReservedCodeCacheSize                    = 251658240                              {pd product} {ergonomic}
     bool SegmentedCodeCache                       = true                                      {product} {ergonomic}
     bool ShowCodeDetailsInExceptionMessages       = true                                   {manageable} {command line}
   size_t SoftMaxHeapSize                          = 2053111808                             {manageable} {ergonomic}
     bool UseCompressedClassPointers               = true                           {product lp64_product} {ergonomic}
     bool UseCompressedOops                        = true                           {product lp64_product} {ergonomic}
     bool UseG1GC                                  = true                                      {product} {ergonomic}

Logging:
Log output configuration:
 #0: stdout all=warning uptime,level,tags
 #1: stderr all=off uptime,level,tags

Environment Variables:
PATH=/usr/local/bin:/usr/bin:/bin:/usr/local/games:/usr/games
SHELL=/bin/bash
DISPLAY=:0
LANG=de_DE.UTF-8

Signal Handlers:
SIGSEGV: [libjvm.so+0xee92f0], sa_mask[0]=11100100010111111101111111111110, sa_flags=SA_RESTART|SA_SIGINFO
SIGBUS: [libjvm.so+0xee92f0], sa_mask[0]=11100100010111111101111111111110, sa_flags=SA_RESTART|SA_SIGINFO
SIGFPE: [libjvm.so+0xee92f0], sa_mask[0]=11100100010111111101111111111110, sa_flags=SA_RESTART|SA_SIGINFO
SIGPIPE: [libjvm.so+0xd8fe40], sa_mask[0]=11100100010111111101111111111110, sa_flags=SA_RESTART|SA_SIGINFO
SIGXFSZ: [libjvm.so+0xd8fe40], sa_mask[0]=11100100010111111101111111111110, sa_flags=SA_RESTART|SA_SIGINFO
SIGILL: [libjvm.so+0xee92f0], sa_mask[0]=11100100010111111101111111111110, sa_flags=SA_RESTART|SA_SIGINFO
SIGUSR2: [libjvm.so+0xd8f530], sa_mask[0]=00100000000000000000000000000000, sa_flags=SA_RESTART|SA_SIGINFO
SIGHUP: [libjvm.so+0xd8f460], sa_mask[0]=11100100010111111101111111111110, sa_flags=SA_RESTART|SA_SIGINFO
SIGINT: [libjvm.so+0xd8f460], sa_mask[0]=11100100010111111101111111111110, sa_flags=SA_RESTART|SA_SIGINFO
SIGTERM: [libjvm.so+0xd8f460], sa_mask[0]=11100100010111111101111111111110, sa_flags=SA_RESTART|SA_SIGINFO
SIGQUIT: [libjvm.so+0xd8f460], sa_mask[0]=11100100010111111101111111111110, sa_flags=SA_RESTART|SA_SIGINFO
SIGTRAP: [libjvm.so+0xee92f0], sa_mask[0]=11100100010111111101111111111110, sa_flags=SA_RESTART|SA_SIGINFO


---------------  S Y S T E M  ---------------

OS:
PRETTY_NAME="Parrot OS 5.0 (Electro Ara)"
NAME="Parrot OS"
VERSION_ID="5.0"
VERSION="5.0 (Electro Ara)"
VERSION_CODENAME=ara
ID=parrot
ID_LIKE=debian
HOME_URL="https://www.parrotsec.org/"
SUPPORT_URL="https://community.parrotsec.org/"
BUG_REPORT_URL="https://community.parrotsec.org/"
uname: Linux 5.16.0-12parrot1-amd64 #1 SMP PREEMPT Debian 5.16.12-2parrot1 (2022-03-11) x86_64
OS uptime: 0 days 2:26 hours
libc: glibc 2.31 NPTL 2.31 
rlimit (soft/hard): STACK 8192k/infinity , CORE 0k/infinity , NPROC 30914/30914 , NOFILE 1048576/1048576 , AS infinity/infinity , CPU infinity/infinity , DATA infinity/infinity , FSIZE infinity/infinity , MEMLOCK 1002270k/1002270k
load average: 1,16 1,48 1,55

/proc/meminfo:
MemTotal:        8018160 kB
MemFree:          799988 kB
MemAvailable:    3093308 kB
Buffers:          512520 kB
Cached:          2676980 kB
SwapCached:            0 kB
Active:          1413584 kB
Inactive:        4636572 kB
Active(anon):       2412 kB
Inactive(anon):  3590620 kB
Active(file):    1411172 kB
Inactive(file):  1045952 kB
Unevictable:      705364 kB
Mlocked:             128 kB
SwapTotal:             0 kB
SwapFree:              0 kB
Dirty:               300 kB
Writeback:             0 kB
AnonPages:       3468988 kB
Mapped:           677956 kB
Shmem:            742468 kB
KReclaimable:     119892 kB
Slab:             262320 kB
SReclaimable:     119892 kB
SUnreclaim:       142428 kB
KernelStack:       19840 kB
PageTables:        43516 kB
NFS_Unstable:          0 kB
Bounce:                0 kB
WritebackTmp:          0 kB
CommitLimit:     4009080 kB
Committed_AS:   11385244 kB
VmallocTotal:   34359738367 kB
VmallocUsed:       64228 kB
VmallocChunk:          0 kB
Percpu:             3520 kB
HardwareCorrupted:     0 kB
AnonHugePages:    978944 kB
ShmemHugePages:   428032 kB
ShmemPmdMapped:        0 kB
FileHugePages:         0 kB
FilePmdMapped:         0 kB
HugePages_Total:       0
HugePages_Free:        0
HugePages_Rsvd:        0
HugePages_Surp:        0
Hugepagesize:       2048 kB
Hugetlb:               0 kB
DirectMap4k:      274420 kB
DirectMap2M:     7987200 kB
DirectMap1G:           0 kB

/sys/kernel/mm/transparent_hugepage/enabled: [always] madvise never
/sys/kernel/mm/transparent_hugepage/defrag (defrag/compaction efforts parameter): always defer defer+madvise [madvise] never

Process Memory:
Virtual Size: 4815128K (peak: 4875304K)
Resident Set Size: 50044K (peak: 50044K) (anon: 20768K, file: 29276K, shmem: 0K)
Swapped out: 0K
C-Heap outstanding allocations: 5183K

/proc/sys/kernel/threads-max (system-wide limit on the number of threads): 61828
/proc/sys/vm/max_map_count (maximum number of memory map areas a process may have): 65530
/proc/sys/kernel/pid_max (system-wide limit on number of process identifiers): 4194304

container (cgroup) information:
container_type: cgroupv2
cpu_cpuset_cpus: not supported
cpu_memory_nodes: not supported
active_processor_count: 4
cpu_quota: not supported
cpu_period: not supported
cpu_shares: not supported
memory_limit_in_bytes: unlimited
memory_and_swap_limit_in_bytes: unlimited
memory_soft_limit_in_bytes: unlimited
memory_usage_in_bytes: 1237585920
memory_max_usage_in_bytes: not supported

Steal ticks since vm start: 0
Steal ticks percentage since vm start:  0,000

CPU: total 4 (initial active 4) (2 cores per cpu, 2 threads per core) family 6 model 142 stepping 9 microcode 0xec, cx8, cmov, fxsr, ht, mmx, 3dnowpref, sse, sse2, sse3, ssse3, sse4.1, sse4.2, popcnt, lzcnt, tsc, tscinvbit, avx, avx2, aes, erms, clmul, bmi1, bmi2, adx, fma, vzeroupper, clflush, clflushopt
CPU Model and flags from /proc/cpuinfo:
model name	: Intel(R) Core(TM) i3-7020U CPU @ 2.30GHz
flags		: fpu vme de pse tsc msr pae mce cx8 apic sep mtrr pge mca cmov pat pse36 clflush dts acpi mmx fxsr sse sse2 ss ht tm pbe syscall nx pdpe1gb rdtscp lm constant_tsc art arch_perfmon pebs bts rep_good nopl xtopology nonstop_tsc cpuid aperfmperf pni pclmulqdq dtes64 monitor ds_cpl vmx est tm2 ssse3 sdbg fma cx16 xtpr pdcm pcid sse4_1 sse4_2 x2apic movbe popcnt tsc_deadline_timer aes xsave avx f16c rdrand lahf_lm abm 3dnowprefetch cpuid_fault epb invpcid_single pti ssbd ibrs ibpb stibp tpr_shadow vnmi flexpriority ept vpid ept_ad fsgsbase tsc_adjust bmi1 avx2 smep bmi2 erms invpcid mpx rdseed adx smap clflushopt intel_pt xsaveopt xsavec xgetbv1 xsaves dtherm arat pln pts hwp hwp_notify hwp_act_window hwp_epp md_clear flush_l1d arch_capabilities

Online cpus: 0-3
Offline cpus: 
BIOS frequency limitation: <Not Available>
Frequency switch latency (ns): 0
Available cpu frequencies: <Not Available>
Current governor: powersave
Core performance/turbo boost: <Not Available>

Memory: 4k page, physical 8018160k(799988k free), swap 0k(0k free)

vm_info: OpenJDK 64-Bit Server VM (16-ea+35-Debian-1) for linux-amd64 JRE (16-ea+35-Debian-1), built on Feb  5 2021 13:38:50 by "unknown" with gcc 10.2.1 20210110

END.
